CRITICAL - 2023-12-03 22:26:24 --> Undefined variable $produk
#0 C:\xampp\htdocs\ginsadv\app\Views\admin\kritik_saran.php(86): CodeIgniter\Debug\Exceptions->errorHandler(2, 'Undefined varia...', 'C:\\xampp\\htdocs...', 86)
#1 C:\xampp\htdocs\ginsadv\system\View\View.php(210): include('C:\\xampp\\htdocs...')
#2 C:\xampp\htdocs\ginsadv\system\View\View.php(213): CodeIgniter\View\View->CodeIgniter\View\{closure}()
#3 C:\xampp\htdocs\ginsadv\system\Common.php(1089): CodeIgniter\View\View->render('Admin/kritik_sa...', Array, true)
#4 C:\xampp\htdocs\ginsadv\app\Controllers\Contact.php(42): view('Admin/kritik_sa...', Array)
#5 C:\xampp\htdocs\ginsadv\system\CodeIgniter.php(832): App\Controllers\Contact->admin()
#6 C:\xampp\htdocs\ginsadv\system\CodeIgniter.php(419): CodeIgniter\CodeIgniter->runController(Object(App\Controllers\Contact))
#7 C:\xampp\htdocs\ginsadv\system\CodeIgniter.php(326): CodeIgniter\CodeIgniter->handleRequest(NULL, Object(Config\Cache), false)
#8 C:\xampp\htdocs\ginsadv\public\index.php(37): CodeIgniter\CodeIgniter->run()
#9 C:\xampp\htdocs\ginsadv\system\Commands\Server\rewrite.php(43): require_once('C:\\xampp\\htdocs...')
#10 {main}
CRITICAL - 2023-12-03 22:33:30 --> Undefined variable $contact
#0 C:\xampp\htdocs\ginsadv\app\Views\admin\kritik_saran.php(37): CodeIgniter\Debug\Exceptions->errorHandler(2, 'Undefined varia...', 'C:\\xampp\\htdocs...', 37)
#1 C:\xampp\htdocs\ginsadv\system\View\View.php(210): include('C:\\xampp\\htdocs...')
#2 C:\xampp\htdocs\ginsadv\system\View\View.php(213): CodeIgniter\View\View->CodeIgniter\View\{closure}()
#3 C:\xampp\htdocs\ginsadv\system\Common.php(1089): CodeIgniter\View\View->render('Admin/kritik_sa...', Array, true)
#4 C:\xampp\htdocs\ginsadv\app\Controllers\Contact.php(42): view('Admin/kritik_sa...', Array)
#5 C:\xampp\htdocs\ginsadv\system\CodeIgniter.php(832): App\Controllers\Contact->admin()
#6 C:\xampp\htdocs\ginsadv\system\CodeIgniter.php(419): CodeIgniter\CodeIgniter->runController(Object(App\Controllers\Contact))
#7 C:\xampp\htdocs\ginsadv\system\CodeIgniter.php(326): CodeIgniter\CodeIgniter->handleRequest(NULL, Object(Config\Cache), false)
#8 C:\xampp\htdocs\ginsadv\public\index.php(37): CodeIgniter\CodeIgniter->run()
#9 C:\xampp\htdocs\ginsadv\system\Commands\Server\rewrite.php(43): require_once('C:\\xampp\\htdocs...')
#10 {main}
CRITICAL - 2023-12-03 22:33:56 --> Undefined variable $c
#0 C:\xampp\htdocs\ginsadv\app\Views\admin\kritik_saran.php(46): CodeIgniter\Debug\Exceptions->errorHandler(2, 'Undefined varia...', 'C:\\xampp\\htdocs...', 46)
#1 C:\xampp\htdocs\ginsadv\system\View\View.php(210): include('C:\\xampp\\htdocs...')
#2 C:\xampp\htdocs\ginsadv\system\View\View.php(213): CodeIgniter\View\View->CodeIgniter\View\{closure}()
#3 C:\xampp\htdocs\ginsadv\system\Common.php(1089): CodeIgniter\View\View->render('Admin/kritik_sa...', Array, true)
#4 C:\xampp\htdocs\ginsadv\app\Controllers\Contact.php(42): view('Admin/kritik_sa...', Array)
#5 C:\xampp\htdocs\ginsadv\system\CodeIgniter.php(832): App\Controllers\Contact->admin()
#6 C:\xampp\htdocs\ginsadv\system\CodeIgniter.php(419): CodeIgniter\CodeIgniter->runController(Object(App\Controllers\Contact))
#7 C:\xampp\htdocs\ginsadv\system\CodeIgniter.php(326): CodeIgniter\CodeIgniter->handleRequest(NULL, Object(Config\Cache), false)
#8 C:\xampp\htdocs\ginsadv\public\index.php(37): CodeIgniter\CodeIgniter->run()
#9 C:\xampp\htdocs\ginsadv\system\Commands\Server\rewrite.php(43): require_once('C:\\xampp\\htdocs...')
#10 {main}
CRITICAL - 2023-12-03 22:44:20 --> bs-pagination is not a valid Pager template.
#0 C:\xampp\htdocs\ginsadv\system\Pager\Pager.php(120): CodeIgniter\Pager\Exceptions\PagerException::forInvalidTemplate('bs-pagination')
#1 C:\xampp\htdocs\ginsadv\system\Pager\Pager.php(83): CodeIgniter\Pager\Pager->displayLinks('kritik&saran', 'bs-pagination')
#2 C:\xampp\htdocs\ginsadv\app\Views\admin\kritik_saran.php(48): CodeIgniter\Pager\Pager->links('kritik&saran', 'bs-pagination')
#3 C:\xampp\htdocs\ginsadv\system\View\View.php(210): include('C:\\xampp\\htdocs...')
#4 C:\xampp\htdocs\ginsadv\system\View\View.php(213): CodeIgniter\View\View->CodeIgniter\View\{closure}()
#5 C:\xampp\htdocs\ginsadv\system\Common.php(1089): CodeIgniter\View\View->render('Admin/kritik_sa...', Array, true)
#6 C:\xampp\htdocs\ginsadv\app\Controllers\Contact.php(44): view('Admin/kritik_sa...', Array)
#7 C:\xampp\htdocs\ginsadv\system\CodeIgniter.php(832): App\Controllers\Contact->admin()
#8 C:\xampp\htdocs\ginsadv\system\CodeIgniter.php(419): CodeIgniter\CodeIgniter->runController(Object(App\Controllers\Contact))
#9 C:\xampp\htdocs\ginsadv\system\CodeIgniter.php(326): CodeIgniter\CodeIgniter->handleRequest(NULL, Object(Config\Cache), false)
#10 C:\xampp\htdocs\ginsadv\public\index.php(37): CodeIgniter\CodeIgniter->run()
#11 C:\xampp\htdocs\ginsadv\system\Commands\Server\rewrite.php(43): require_once('C:\\xampp\\htdocs...')
#12 {main}
