CRITICAL - 2022-03-11 21:20:35 --> Call to undefined method CodeIgniter\Database\MySQLi\Builder::num_rows()
#0 C:\xampp\htdocs\Tugasku\app\Controllers\Admin.php(31): App\Models\KaryawanModel->TotalKaryawan()
#1 C:\xampp\htdocs\Tugasku\system\CodeIgniter.php(832): App\Controllers\Admin->Admin_Dashboard()
#2 C:\xampp\htdocs\Tugasku\system\CodeIgniter.php(419): CodeIgniter\CodeIgniter->runController(Object(App\Controllers\Admin))
#3 C:\xampp\htdocs\Tugasku\system\CodeIgniter.php(326): CodeIgniter\CodeIgniter->handleRequest(NULL, Object(Config\Cache), false)
#4 C:\xampp\htdocs\Tugasku\public\index.php(37): CodeIgniter\CodeIgniter->run()
#5 C:\xampp\htdocs\Tugasku\system\Commands\Server\rewrite.php(43): require_once('C:\\xampp\\htdocs...')
#6 {main}
CRITICAL - 2022-03-11 21:20:42 --> Call to undefined method CodeIgniter\Database\MySQLi\Builder::num_rows()
#0 C:\xampp\htdocs\Tugasku\app\Controllers\Admin.php(31): App\Models\KaryawanModel->TotalKaryawan()
#1 C:\xampp\htdocs\Tugasku\system\CodeIgniter.php(832): App\Controllers\Admin->Admin_Dashboard()
#2 C:\xampp\htdocs\Tugasku\system\CodeIgniter.php(419): CodeIgniter\CodeIgniter->runController(Object(App\Controllers\Admin))
#3 C:\xampp\htdocs\Tugasku\system\CodeIgniter.php(326): CodeIgniter\CodeIgniter->handleRequest(NULL, Object(Config\Cache), false)
#4 C:\xampp\htdocs\Tugasku\public\index.php(37): CodeIgniter\CodeIgniter->run()
#5 C:\xampp\htdocs\Tugasku\system\Commands\Server\rewrite.php(43): require_once('C:\\xampp\\htdocs...')
#6 {main}
CRITICAL - 2022-03-11 21:25:46 --> Undefined variable: session
#0 C:\xampp\htdocs\Tugasku\app\Models\KaryawanModel.php(37): CodeIgniter\Debug\Exceptions->errorHandler(8, 'Undefined varia...', 'C:\\xampp\\htdocs...', 37, Array)
#1 C:\xampp\htdocs\Tugasku\app\Controllers\Admin.php(31): App\Models\KaryawanModel->TotalKaryawan()
#2 C:\xampp\htdocs\Tugasku\system\CodeIgniter.php(832): App\Controllers\Admin->Admin_Dashboard()
#3 C:\xampp\htdocs\Tugasku\system\CodeIgniter.php(419): CodeIgniter\CodeIgniter->runController(Object(App\Controllers\Admin))
#4 C:\xampp\htdocs\Tugasku\system\CodeIgniter.php(326): CodeIgniter\CodeIgniter->handleRequest(NULL, Object(Config\Cache), false)
#5 C:\xampp\htdocs\Tugasku\public\index.php(37): CodeIgniter\CodeIgniter->run()
#6 C:\xampp\htdocs\Tugasku\system\Commands\Server\rewrite.php(43): require_once('C:\\xampp\\htdocs...')
#7 {main}
CRITICAL - 2022-03-11 21:34:21 --> syntax error, unexpected ';', expecting ']'
#0 C:\xampp\htdocs\Tugasku\system\Router\Router.php(175): CodeIgniter\Router\Router->autoRoute('Admin/Admin_Das...')
#1 C:\xampp\htdocs\Tugasku\system\CodeIgniter.php(726): CodeIgniter\Router\Router->handle('Admin/Admin_Das...')
#2 C:\xampp\htdocs\Tugasku\system\CodeIgniter.php(368): CodeIgniter\CodeIgniter->tryToRouteIt(Object(CodeIgniter\Router\RouteCollection))
#3 C:\xampp\htdocs\Tugasku\system\CodeIgniter.php(326): CodeIgniter\CodeIgniter->handleRequest(NULL, Object(Config\Cache), false)
#4 C:\xampp\htdocs\Tugasku\public\index.php(37): CodeIgniter\CodeIgniter->run()
#5 C:\xampp\htdocs\Tugasku\system\Commands\Server\rewrite.php(43): require_once('C:\\xampp\\htdocs...')
#6 {main}
CRITICAL - 2022-03-11 21:34:34 --> Undefined property: App\Controllers\Admin::$db
#0 C:\xampp\htdocs\Tugasku\app\Controllers\Admin.php(32): CodeIgniter\Debug\Exceptions->errorHandler(8, 'Undefined prope...', 'C:\\xampp\\htdocs...', 32, Array)
#1 C:\xampp\htdocs\Tugasku\system\CodeIgniter.php(832): App\Controllers\Admin->Admin_Dashboard()
#2 C:\xampp\htdocs\Tugasku\system\CodeIgniter.php(419): CodeIgniter\CodeIgniter->runController(Object(App\Controllers\Admin))
#3 C:\xampp\htdocs\Tugasku\system\CodeIgniter.php(326): CodeIgniter\CodeIgniter->handleRequest(NULL, Object(Config\Cache), false)
#4 C:\xampp\htdocs\Tugasku\public\index.php(37): CodeIgniter\CodeIgniter->run()
#5 C:\xampp\htdocs\Tugasku\system\Commands\Server\rewrite.php(43): require_once('C:\\xampp\\htdocs...')
#6 {main}
CRITICAL - 2022-03-11 21:34:54 --> Call to undefined method App\Models\KaryawanModel::count_all
#0 C:\xampp\htdocs\Tugasku\app\Controllers\Admin.php(32): CodeIgniter\Model->__call('count_all', Array)
#1 C:\xampp\htdocs\Tugasku\system\CodeIgniter.php(832): App\Controllers\Admin->Admin_Dashboard()
#2 C:\xampp\htdocs\Tugasku\system\CodeIgniter.php(419): CodeIgniter\CodeIgniter->runController(Object(App\Controllers\Admin))
#3 C:\xampp\htdocs\Tugasku\system\CodeIgniter.php(326): CodeIgniter\CodeIgniter->handleRequest(NULL, Object(Config\Cache), false)
#4 C:\xampp\htdocs\Tugasku\public\index.php(37): CodeIgniter\CodeIgniter->run()
#5 C:\xampp\htdocs\Tugasku\system\Commands\Server\rewrite.php(43): require_once('C:\\xampp\\htdocs...')
#6 {main}
CRITICAL - 2022-03-11 21:40:45 --> Call to undefined method CodeIgniter\Database\MySQLi\Connection::get()
#0 C:\xampp\htdocs\Tugasku\app\Controllers\Admin.php(32): App\Models\KaryawanModel->jumlahKaryawan()
#1 C:\xampp\htdocs\Tugasku\system\CodeIgniter.php(832): App\Controllers\Admin->Admin_Dashboard()
#2 C:\xampp\htdocs\Tugasku\system\CodeIgniter.php(419): CodeIgniter\CodeIgniter->runController(Object(App\Controllers\Admin))
#3 C:\xampp\htdocs\Tugasku\system\CodeIgniter.php(326): CodeIgniter\CodeIgniter->handleRequest(NULL, Object(Config\Cache), false)
#4 C:\xampp\htdocs\Tugasku\public\index.php(37): CodeIgniter\CodeIgniter->run()
#5 C:\xampp\htdocs\Tugasku\system\Commands\Server\rewrite.php(43): require_once('C:\\xampp\\htdocs...')
#6 {main}
CRITICAL - 2022-03-11 21:41:04 --> Call to undefined method CodeIgniter\Database\MySQLi\Builder::num_rows()
#0 C:\xampp\htdocs\Tugasku\app\Controllers\Admin.php(32): App\Models\KaryawanModel->jumlahKaryawan()
#1 C:\xampp\htdocs\Tugasku\system\CodeIgniter.php(832): App\Controllers\Admin->Admin_Dashboard()
#2 C:\xampp\htdocs\Tugasku\system\CodeIgniter.php(419): CodeIgniter\CodeIgniter->runController(Object(App\Controllers\Admin))
#3 C:\xampp\htdocs\Tugasku\system\CodeIgniter.php(326): CodeIgniter\CodeIgniter->handleRequest(NULL, Object(Config\Cache), false)
#4 C:\xampp\htdocs\Tugasku\public\index.php(37): CodeIgniter\CodeIgniter->run()
#5 C:\xampp\htdocs\Tugasku\system\Commands\Server\rewrite.php(43): require_once('C:\\xampp\\htdocs...')
#6 {main}
CRITICAL - 2022-03-11 21:41:23 --> Object of class CodeIgniter\Database\MySQLi\Builder could not be converted to string
#0 C:\xampp\htdocs\Tugasku\system\View\View.php(210): include()
#1 C:\xampp\htdocs\Tugasku\system\View\View.php(213): CodeIgniter\View\View->CodeIgniter\View\{closure}()
#2 C:\xampp\htdocs\Tugasku\system\Common.php(1089): CodeIgniter\View\View->render('Admin/Dashboard', Array, true)
#3 C:\xampp\htdocs\Tugasku\app\Controllers\Admin.php(34): view('Admin/Dashboard', Array)
#4 C:\xampp\htdocs\Tugasku\system\CodeIgniter.php(832): App\Controllers\Admin->Admin_Dashboard()
#5 C:\xampp\htdocs\Tugasku\system\CodeIgniter.php(419): CodeIgniter\CodeIgniter->runController(Object(App\Controllers\Admin))
#6 C:\xampp\htdocs\Tugasku\system\CodeIgniter.php(326): CodeIgniter\CodeIgniter->handleRequest(NULL, Object(Config\Cache), false)
#7 C:\xampp\htdocs\Tugasku\public\index.php(37): CodeIgniter\CodeIgniter->run()
#8 C:\xampp\htdocs\Tugasku\system\Commands\Server\rewrite.php(43): require_once('C:\\xampp\\htdocs...')
#9 {main}
CRITICAL - 2022-03-11 21:50:21 --> Object of class CodeIgniter\Database\MySQLi\Builder could not be converted to string
#0 C:\xampp\htdocs\Tugasku\system\View\View.php(210): include()
#1 C:\xampp\htdocs\Tugasku\system\View\View.php(213): CodeIgniter\View\View->CodeIgniter\View\{closure}()
#2 C:\xampp\htdocs\Tugasku\system\Common.php(1089): CodeIgniter\View\View->render('Admin/Dashboard', Array, true)
#3 C:\xampp\htdocs\Tugasku\app\Controllers\Admin.php(34): view('Admin/Dashboard', Array)
#4 C:\xampp\htdocs\Tugasku\system\CodeIgniter.php(832): App\Controllers\Admin->Admin_Dashboard()
#5 C:\xampp\htdocs\Tugasku\system\CodeIgniter.php(419): CodeIgniter\CodeIgniter->runController(Object(App\Controllers\Admin))
#6 C:\xampp\htdocs\Tugasku\system\CodeIgniter.php(326): CodeIgniter\CodeIgniter->handleRequest(NULL, Object(Config\Cache), false)
#7 C:\xampp\htdocs\Tugasku\public\index.php(37): CodeIgniter\CodeIgniter->run()
#8 C:\xampp\htdocs\Tugasku\system\Commands\Server\rewrite.php(43): require_once('C:\\xampp\\htdocs...')
#9 {main}
CRITICAL - 2022-03-11 21:52:05 --> Call to undefined method CodeIgniter\Database\MySQLi\Builder::num_rows()
#0 C:\xampp\htdocs\Tugasku\app\Controllers\Admin.php(32): App\Models\KaryawanModel->jumlahKaryawan()
#1 C:\xampp\htdocs\Tugasku\system\CodeIgniter.php(832): App\Controllers\Admin->Admin_Dashboard()
#2 C:\xampp\htdocs\Tugasku\system\CodeIgniter.php(419): CodeIgniter\CodeIgniter->runController(Object(App\Controllers\Admin))
#3 C:\xampp\htdocs\Tugasku\system\CodeIgniter.php(326): CodeIgniter\CodeIgniter->handleRequest(NULL, Object(Config\Cache), false)
#4 C:\xampp\htdocs\Tugasku\public\index.php(37): CodeIgniter\CodeIgniter->run()
#5 C:\xampp\htdocs\Tugasku\system\Commands\Server\rewrite.php(43): require_once('C:\\xampp\\htdocs...')
#6 {main}
CRITICAL - 2022-03-11 21:52:35 --> Call to undefined method CodeIgniter\Database\MySQLi\Builder::count_all()
#0 C:\xampp\htdocs\Tugasku\app\Controllers\Admin.php(32): App\Models\KaryawanModel->jumlahKaryawan()
#1 C:\xampp\htdocs\Tugasku\system\CodeIgniter.php(832): App\Controllers\Admin->Admin_Dashboard()
#2 C:\xampp\htdocs\Tugasku\system\CodeIgniter.php(419): CodeIgniter\CodeIgniter->runController(Object(App\Controllers\Admin))
#3 C:\xampp\htdocs\Tugasku\system\CodeIgniter.php(326): CodeIgniter\CodeIgniter->handleRequest(NULL, Object(Config\Cache), false)
#4 C:\xampp\htdocs\Tugasku\public\index.php(37): CodeIgniter\CodeIgniter->run()
#5 C:\xampp\htdocs\Tugasku\system\Commands\Server\rewrite.php(43): require_once('C:\\xampp\\htdocs...')
#6 {main}
CRITICAL - 2022-03-11 21:53:38 --> Call to undefined method CodeIgniter\Database\MySQLi\Builder::countResultAll()
#0 C:\xampp\htdocs\Tugasku\app\Controllers\Admin.php(32): App\Models\KaryawanModel->jumlahKaryawan()
#1 C:\xampp\htdocs\Tugasku\system\CodeIgniter.php(832): App\Controllers\Admin->Admin_Dashboard()
#2 C:\xampp\htdocs\Tugasku\system\CodeIgniter.php(419): CodeIgniter\CodeIgniter->runController(Object(App\Controllers\Admin))
#3 C:\xampp\htdocs\Tugasku\system\CodeIgniter.php(326): CodeIgniter\CodeIgniter->handleRequest(NULL, Object(Config\Cache), false)
#4 C:\xampp\htdocs\Tugasku\public\index.php(37): CodeIgniter\CodeIgniter->run()
#5 C:\xampp\htdocs\Tugasku\system\Commands\Server\rewrite.php(43): require_once('C:\\xampp\\htdocs...')
#6 {main}
CRITICAL - 2022-03-11 21:54:18 --> Call to undefined method CodeIgniter\Database\MySQLi\Builder::getNumRows()
#0 C:\xampp\htdocs\Tugasku\app\Controllers\Admin.php(32): App\Models\KaryawanModel->jumlahKaryawan()
#1 C:\xampp\htdocs\Tugasku\system\CodeIgniter.php(832): App\Controllers\Admin->Admin_Dashboard()
#2 C:\xampp\htdocs\Tugasku\system\CodeIgniter.php(419): CodeIgniter\CodeIgniter->runController(Object(App\Controllers\Admin))
#3 C:\xampp\htdocs\Tugasku\system\CodeIgniter.php(326): CodeIgniter\CodeIgniter->handleRequest(NULL, Object(Config\Cache), false)
#4 C:\xampp\htdocs\Tugasku\public\index.php(37): CodeIgniter\CodeIgniter->run()
#5 C:\xampp\htdocs\Tugasku\system\Commands\Server\rewrite.php(43): require_once('C:\\xampp\\htdocs...')
#6 {main}
