CRITICAL - 2023-12-01 02:11:32 --> Invalid file: layout/layout_home.php
#0 C:\xampp\htdocs\shop\system\View\View.php(198): CodeIgniter\Exceptions\FrameworkException::forInvalidFile('layout/layout_h...')
#1 C:\xampp\htdocs\shop\system\Common.php(1089): CodeIgniter\View\View->render('layout/layout_h...', Array, true)
#2 C:\xampp\htdocs\shop\app\Controllers\Home.php(13): view('layout/layout_h...', Array)
#3 C:\xampp\htdocs\shop\system\CodeIgniter.php(832): App\Controllers\Home->index()
#4 C:\xampp\htdocs\shop\system\CodeIgniter.php(419): CodeIgniter\CodeIgniter->runController(Object(App\Controllers\Home))
#5 C:\xampp\htdocs\shop\system\CodeIgniter.php(326): CodeIgniter\CodeIgniter->handleRequest(NULL, Object(Config\Cache), false)
#6 C:\xampp\htdocs\shop\public\index.php(37): CodeIgniter\CodeIgniter->run()
#7 C:\xampp\htdocs\shop\system\Commands\Server\rewrite.php(43): require_once('C:\\xampp\\htdocs...')
#8 {main}
CRITICAL - 2023-12-01 02:15:22 --> Invalid file: layout/layout_home.php
#0 C:\xampp\htdocs\shop\system\View\View.php(198): CodeIgniter\Exceptions\FrameworkException::forInvalidFile('layout/layout_h...')
#1 C:\xampp\htdocs\shop\system\Common.php(1089): CodeIgniter\View\View->render('layout/layout_h...', Array, true)
#2 C:\xampp\htdocs\shop\app\Controllers\Home.php(13): view('layout/layout_h...', Array)
#3 C:\xampp\htdocs\shop\system\CodeIgniter.php(832): App\Controllers\Home->index()
#4 C:\xampp\htdocs\shop\system\CodeIgniter.php(419): CodeIgniter\CodeIgniter->runController(Object(App\Controllers\Home))
#5 C:\xampp\htdocs\shop\system\CodeIgniter.php(326): CodeIgniter\CodeIgniter->handleRequest(NULL, Object(Config\Cache), false)
#6 C:\xampp\htdocs\shop\public\index.php(37): CodeIgniter\CodeIgniter->run()
#7 C:\xampp\htdocs\shop\system\Commands\Server\rewrite.php(43): require_once('C:\\xampp\\htdocs...')
#8 {main}
CRITICAL - 2023-12-01 02:15:23 --> Invalid file: layout/layout_home.php
#0 C:\xampp\htdocs\shop\system\View\View.php(198): CodeIgniter\Exceptions\FrameworkException::forInvalidFile('layout/layout_h...')
#1 C:\xampp\htdocs\shop\system\Common.php(1089): CodeIgniter\View\View->render('layout/layout_h...', Array, true)
#2 C:\xampp\htdocs\shop\app\Controllers\Home.php(13): view('layout/layout_h...', Array)
#3 C:\xampp\htdocs\shop\system\CodeIgniter.php(832): App\Controllers\Home->index()
#4 C:\xampp\htdocs\shop\system\CodeIgniter.php(419): CodeIgniter\CodeIgniter->runController(Object(App\Controllers\Home))
#5 C:\xampp\htdocs\shop\system\CodeIgniter.php(326): CodeIgniter\CodeIgniter->handleRequest(NULL, Object(Config\Cache), false)
#6 C:\xampp\htdocs\shop\public\index.php(37): CodeIgniter\CodeIgniter->run()
#7 C:\xampp\htdocs\shop\system\Commands\Server\rewrite.php(43): require_once('C:\\xampp\\htdocs...')
#8 {main}
CRITICAL - 2023-12-01 02:17:07 --> syntax error, unexpected '<', expecting end of file
#0 C:\xampp\htdocs\shop\system\View\View.php(213): CodeIgniter\View\View->CodeIgniter\View\{closure}()
#1 C:\xampp\htdocs\shop\system\Common.php(1089): CodeIgniter\View\View->render('home', Array, true)
#2 C:\xampp\htdocs\shop\app\Controllers\Home.php(13): view('home', Array)
#3 C:\xampp\htdocs\shop\system\CodeIgniter.php(832): App\Controllers\Home->index()
#4 C:\xampp\htdocs\shop\system\CodeIgniter.php(419): CodeIgniter\CodeIgniter->runController(Object(App\Controllers\Home))
#5 C:\xampp\htdocs\shop\system\CodeIgniter.php(326): CodeIgniter\CodeIgniter->handleRequest(NULL, Object(Config\Cache), false)
#6 C:\xampp\htdocs\shop\public\index.php(37): CodeIgniter\CodeIgniter->run()
#7 C:\xampp\htdocs\shop\system\Commands\Server\rewrite.php(43): require_once('C:\\xampp\\htdocs...')
#8 {main}
ERROR - 2023-12-01 02:34:04 --> Error connecting to the database: Unknown database 'gondrong_shop'
CRITICAL - 2023-12-01 02:34:04 --> Unable to connect to the database.
Main connection [MySQLi]: Unknown database 'gondrong_shop'
#0 C:\xampp\htdocs\ginsadv\system\Database\BaseConnection.php(577): CodeIgniter\Database\BaseConnection->initialize()
#1 C:\xampp\htdocs\ginsadv\system\Database\BaseBuilder.php(1455): CodeIgniter\Database\BaseConnection->query('SELECT *\nFROM `...', Array, false)
#2 C:\xampp\htdocs\ginsadv\system\Model.php(210): CodeIgniter\Database\BaseBuilder->get()
#3 C:\xampp\htdocs\ginsadv\system\BaseModel.php(622): CodeIgniter\Model->doFirst()
#4 C:\xampp\htdocs\ginsadv\app\Validation\Userrules.php(13): CodeIgniter\BaseModel->first()
#5 C:\xampp\htdocs\ginsadv\system\Validation\Validation.php(292): App\Validation\Userrules->validateUser('admin123', 'username,passwo...', Array, NULL)
#6 C:\xampp\htdocs\ginsadv\system\Validation\Validation.php(157): CodeIgniter\Validation\Validation->processRules('password', 'password', 'admin123', Array, Array)
#7 C:\xampp\htdocs\ginsadv\system\Controller.php(160): CodeIgniter\Validation\Validation->run()
#8 C:\xampp\htdocs\ginsadv\app\Controllers\Auth.php(32): CodeIgniter\Controller->validate(Array, Array)
#9 C:\xampp\htdocs\ginsadv\system\CodeIgniter.php(832): App\Controllers\Auth->Login()
#10 C:\xampp\htdocs\ginsadv\system\CodeIgniter.php(419): CodeIgniter\CodeIgniter->runController(Object(App\Controllers\Auth))
#11 C:\xampp\htdocs\ginsadv\system\CodeIgniter.php(326): CodeIgniter\CodeIgniter->handleRequest(NULL, Object(Config\Cache), false)
#12 C:\xampp\htdocs\ginsadv\public\index.php(37): CodeIgniter\CodeIgniter->run()
#13 C:\xampp\htdocs\ginsadv\system\Commands\Server\rewrite.php(43): require_once('C:\\xampp\\htdocs...')
#14 {main}
ERROR - 2023-12-01 07:27:39 --> Error connecting to the database: Unknown database 'ginsadv1'
CRITICAL - 2023-12-01 07:27:39 --> Unable to connect to the database.
Main connection [MySQLi]: Unknown database 'ginsadv1'
#0 C:\xampp\htdocs\ginsadv\system\Database\BaseConnection.php(577): CodeIgniter\Database\BaseConnection->initialize()
#1 C:\xampp\htdocs\ginsadv\system\Database\BaseBuilder.php(1455): CodeIgniter\Database\BaseConnection->query('SELECT *\nFROM `...', Array, false)
#2 C:\xampp\htdocs\ginsadv\system\Model.php(210): CodeIgniter\Database\BaseBuilder->get()
#3 C:\xampp\htdocs\ginsadv\system\BaseModel.php(622): CodeIgniter\Model->doFirst()
#4 C:\xampp\htdocs\ginsadv\app\Validation\Userrules.php(13): CodeIgniter\BaseModel->first()
#5 C:\xampp\htdocs\ginsadv\system\Validation\Validation.php(292): App\Validation\Userrules->validateUser('admin123', 'username,passwo...', Array, NULL)
#6 C:\xampp\htdocs\ginsadv\system\Validation\Validation.php(157): CodeIgniter\Validation\Validation->processRules('password', 'password', 'admin123', Array, Array)
#7 C:\xampp\htdocs\ginsadv\system\Controller.php(160): CodeIgniter\Validation\Validation->run()
#8 C:\xampp\htdocs\ginsadv\app\Controllers\Auth.php(32): CodeIgniter\Controller->validate(Array, Array)
#9 C:\xampp\htdocs\ginsadv\system\CodeIgniter.php(832): App\Controllers\Auth->Login()
#10 C:\xampp\htdocs\ginsadv\system\CodeIgniter.php(419): CodeIgniter\CodeIgniter->runController(Object(App\Controllers\Auth))
#11 C:\xampp\htdocs\ginsadv\system\CodeIgniter.php(326): CodeIgniter\CodeIgniter->handleRequest(NULL, Object(Config\Cache), false)
#12 C:\xampp\htdocs\ginsadv\public\index.php(37): CodeIgniter\CodeIgniter->run()
#13 C:\xampp\htdocs\ginsadv\system\Commands\Server\rewrite.php(43): require_once('C:\\xampp\\htdocs...')
#14 {main}
CRITICAL - 2023-12-01 07:47:12 --> Invalid file: layouts/admin.php
#0 C:\xampp\htdocs\ginsadv\system\View\View.php(198): CodeIgniter\Exceptions\FrameworkException::forInvalidFile('layouts/admin.p...')
#1 C:\xampp\htdocs\ginsadv\system\View\View.php(226): CodeIgniter\View\View->render('layouts/admin', Array, true)
#2 C:\xampp\htdocs\ginsadv\system\Common.php(1089): CodeIgniter\View\View->render('Admin/Dashboard', Array, true)
#3 C:\xampp\htdocs\ginsadv\app\Controllers\Admin.php(26): view('Admin/Dashboard', Array)
#4 C:\xampp\htdocs\ginsadv\system\CodeIgniter.php(832): App\Controllers\Admin->index()
#5 C:\xampp\htdocs\ginsadv\system\CodeIgniter.php(419): CodeIgniter\CodeIgniter->runController(Object(App\Controllers\Admin))
#6 C:\xampp\htdocs\ginsadv\system\CodeIgniter.php(326): CodeIgniter\CodeIgniter->handleRequest(NULL, Object(Config\Cache), false)
#7 C:\xampp\htdocs\ginsadv\public\index.php(37): CodeIgniter\CodeIgniter->run()
#8 C:\xampp\htdocs\ginsadv\system\Commands\Server\rewrite.php(43): require_once('C:\\xampp\\htdocs...')
#9 {main}
CRITICAL - 2023-12-01 07:54:06 --> Invalid file: layouts/admin.php
#0 C:\xampp\htdocs\ginsadv\system\View\View.php(198): CodeIgniter\Exceptions\FrameworkException::forInvalidFile('layouts/admin.p...')
#1 C:\xampp\htdocs\ginsadv\system\View\View.php(226): CodeIgniter\View\View->render('layouts/admin', Array, true)
#2 C:\xampp\htdocs\ginsadv\system\Common.php(1089): CodeIgniter\View\View->render('Admin/Dashboard', Array, true)
#3 C:\xampp\htdocs\ginsadv\app\Controllers\Admin.php(26): view('Admin/Dashboard', Array)
#4 C:\xampp\htdocs\ginsadv\system\CodeIgniter.php(832): App\Controllers\Admin->index()
#5 C:\xampp\htdocs\ginsadv\system\CodeIgniter.php(419): CodeIgniter\CodeIgniter->runController(Object(App\Controllers\Admin))
#6 C:\xampp\htdocs\ginsadv\system\CodeIgniter.php(326): CodeIgniter\CodeIgniter->handleRequest(NULL, Object(Config\Cache), false)
#7 C:\xampp\htdocs\ginsadv\public\index.php(37): CodeIgniter\CodeIgniter->run()
#8 C:\xampp\htdocs\ginsadv\system\Commands\Server\rewrite.php(43): require_once('C:\\xampp\\htdocs...')
#9 {main}
CRITICAL - 2023-12-01 07:56:11 --> Invalid file: layout/layout_login.php
#0 C:\xampp\htdocs\ginsadv\system\View\View.php(198): CodeIgniter\Exceptions\FrameworkException::forInvalidFile('layout/layout_l...')
#1 C:\xampp\htdocs\ginsadv\system\Common.php(1089): CodeIgniter\View\View->render('layout/layout_l...', Array, true)
#2 C:\xampp\htdocs\ginsadv\app\Controllers\Auth.php(15): view('layout/layout_l...', Array)
#3 C:\xampp\htdocs\ginsadv\system\CodeIgniter.php(832): App\Controllers\Auth->index()
#4 C:\xampp\htdocs\ginsadv\system\CodeIgniter.php(419): CodeIgniter\CodeIgniter->runController(Object(App\Controllers\Auth))
#5 C:\xampp\htdocs\ginsadv\system\CodeIgniter.php(326): CodeIgniter\CodeIgniter->handleRequest(NULL, Object(Config\Cache), false)
#6 C:\xampp\htdocs\ginsadv\public\index.php(37): CodeIgniter\CodeIgniter->run()
#7 C:\xampp\htdocs\ginsadv\system\Commands\Server\rewrite.php(43): require_once('C:\\xampp\\htdocs...')
#8 {main}
CRITICAL - 2023-12-01 07:57:10 --> Invalid file: layout/layout_login.php
#0 C:\xampp\htdocs\ginsadv\system\View\View.php(198): CodeIgniter\Exceptions\FrameworkException::forInvalidFile('layout/layout_l...')
#1 C:\xampp\htdocs\ginsadv\system\Common.php(1089): CodeIgniter\View\View->render('layout/layout_l...', Array, true)
#2 C:\xampp\htdocs\ginsadv\app\Controllers\Auth.php(15): view('layout/layout_l...', Array)
#3 C:\xampp\htdocs\ginsadv\system\CodeIgniter.php(832): App\Controllers\Auth->index()
#4 C:\xampp\htdocs\ginsadv\system\CodeIgniter.php(419): CodeIgniter\CodeIgniter->runController(Object(App\Controllers\Auth))
#5 C:\xampp\htdocs\ginsadv\system\CodeIgniter.php(326): CodeIgniter\CodeIgniter->handleRequest(NULL, Object(Config\Cache), false)
#6 C:\xampp\htdocs\ginsadv\public\index.php(37): CodeIgniter\CodeIgniter->run()
#7 C:\xampp\htdocs\ginsadv\system\Commands\Server\rewrite.php(43): require_once('C:\\xampp\\htdocs...')
#8 {main}
CRITICAL - 2023-12-01 09:07:58 --> Undefined variable $menu
#0 C:\xampp\htdocs\ginsadv\app\Views\layouts\layout_home.php(3): CodeIgniter\Debug\Exceptions->errorHandler(2, 'Undefined varia...', 'C:\\xampp\\htdocs...', 3)
#1 C:\xampp\htdocs\ginsadv\system\View\View.php(210): include('C:\\xampp\\htdocs...')
#2 C:\xampp\htdocs\ginsadv\system\View\View.php(213): CodeIgniter\View\View->CodeIgniter\View\{closure}()
#3 C:\xampp\htdocs\ginsadv\system\Common.php(1089): CodeIgniter\View\View->render('layouts/layout_...', Array, true)
#4 C:\xampp\htdocs\ginsadv\app\Controllers\Product.php(15): view('layouts/layout_...', Array)
#5 C:\xampp\htdocs\ginsadv\system\CodeIgniter.php(832): App\Controllers\Product->index()
#6 C:\xampp\htdocs\ginsadv\system\CodeIgniter.php(419): CodeIgniter\CodeIgniter->runController(Object(App\Controllers\Product))
#7 C:\xampp\htdocs\ginsadv\system\CodeIgniter.php(326): CodeIgniter\CodeIgniter->handleRequest(NULL, Object(Config\Cache), false)
#8 C:\xampp\htdocs\ginsadv\public\index.php(37): CodeIgniter\CodeIgniter->run()
#9 C:\xampp\htdocs\ginsadv\system\Commands\Server\rewrite.php(43): require_once('C:\\xampp\\htdocs...')
#10 {main}
CRITICAL - 2023-12-01 19:10:47 --> Too few arguments to function App\Controllers\Product::details(), 0 passed in C:\xampp\htdocs\ginsadv\system\CodeIgniter.php on line 832 and exactly 1 expected
#0 C:\xampp\htdocs\ginsadv\system\CodeIgniter.php(832): App\Controllers\Product->details()
#1 C:\xampp\htdocs\ginsadv\system\CodeIgniter.php(419): CodeIgniter\CodeIgniter->runController(Object(App\Controllers\Product))
#2 C:\xampp\htdocs\ginsadv\system\CodeIgniter.php(326): CodeIgniter\CodeIgniter->handleRequest(NULL, Object(Config\Cache), false)
#3 C:\xampp\htdocs\ginsadv\public\index.php(37): CodeIgniter\CodeIgniter->run()
#4 C:\xampp\htdocs\ginsadv\system\Commands\Server\rewrite.php(43): require_once('C:\\xampp\\htdocs...')
#5 {main}
CRITICAL - 2023-12-01 19:13:44 --> Invalid file: detail_product.php
#0 C:\xampp\htdocs\ginsadv\system\View\View.php(198): CodeIgniter\Exceptions\FrameworkException::forInvalidFile('detail_product....')
#1 C:\xampp\htdocs\ginsadv\system\Common.php(1089): CodeIgniter\View\View->render('detail_product', Array, true)
#2 C:\xampp\htdocs\ginsadv\app\Views\layouts\content.php(4): view('detail_product')
#3 C:\xampp\htdocs\ginsadv\system\View\View.php(210): include('C:\\xampp\\htdocs...')
#4 C:\xampp\htdocs\ginsadv\system\View\View.php(213): CodeIgniter\View\View->CodeIgniter\View\{closure}()
#5 C:\xampp\htdocs\ginsadv\system\Common.php(1089): CodeIgniter\View\View->render('layouts/content', Array, true)
#6 C:\xampp\htdocs\ginsadv\app\Views\layouts\layout_home.php(6): view('layouts/content')
#7 C:\xampp\htdocs\ginsadv\system\View\View.php(210): include('C:\\xampp\\htdocs...')
#8 C:\xampp\htdocs\ginsadv\system\View\View.php(213): CodeIgniter\View\View->CodeIgniter\View\{closure}()
#9 C:\xampp\htdocs\ginsadv\system\Common.php(1089): CodeIgniter\View\View->render('layouts/layout_...', Array, true)
#10 C:\xampp\htdocs\ginsadv\app\Controllers\Product.php(26): view('layouts/layout_...', Array)
#11 C:\xampp\htdocs\ginsadv\system\CodeIgniter.php(832): App\Controllers\Product->details()
#12 C:\xampp\htdocs\ginsadv\system\CodeIgniter.php(419): CodeIgniter\CodeIgniter->runController(Object(App\Controllers\Product))
#13 C:\xampp\htdocs\ginsadv\system\CodeIgniter.php(326): CodeIgniter\CodeIgniter->handleRequest(NULL, Object(Config\Cache), false)
#14 C:\xampp\htdocs\ginsadv\public\index.php(37): CodeIgniter\CodeIgniter->run()
#15 C:\xampp\htdocs\ginsadv\system\Commands\Server\rewrite.php(43): require_once('C:\\xampp\\htdocs...')
#16 {main}
CRITICAL - 2023-12-01 19:25:52 --> view(): Argument #3 ($options) must be of type array, App\Models\ProductModel given, called in C:\xampp\htdocs\ginsadv\app\Controllers\Product.php on line 30
#0 C:\xampp\htdocs\ginsadv\app\Controllers\Product.php(30): view('layouts/layout_...', Array, Object(App\Models\ProductModel))
#1 C:\xampp\htdocs\ginsadv\system\CodeIgniter.php(832): App\Controllers\Product->details('stempel')
#2 C:\xampp\htdocs\ginsadv\system\CodeIgniter.php(419): CodeIgniter\CodeIgniter->runController(Object(App\Controllers\Product))
#3 C:\xampp\htdocs\ginsadv\system\CodeIgniter.php(326): CodeIgniter\CodeIgniter->handleRequest(NULL, Object(Config\Cache), false)
#4 C:\xampp\htdocs\ginsadv\public\index.php(37): CodeIgniter\CodeIgniter->run()
#5 C:\xampp\htdocs\ginsadv\system\Commands\Server\rewrite.php(43): require_once('C:\\xampp\\htdocs...')
#6 {main}
CRITICAL - 2023-12-01 19:27:25 --> Undefined variable $produk
#0 C:\xampp\htdocs\ginsadv\app\Views\details_product.php(15): CodeIgniter\Debug\Exceptions->errorHandler(2, 'Undefined varia...', 'C:\\xampp\\htdocs...', 15)
#1 C:\xampp\htdocs\ginsadv\system\View\View.php(210): include('C:\\xampp\\htdocs...')
#2 C:\xampp\htdocs\ginsadv\system\View\View.php(213): CodeIgniter\View\View->CodeIgniter\View\{closure}()
#3 C:\xampp\htdocs\ginsadv\system\Common.php(1089): CodeIgniter\View\View->render('details_product', Array, true)
#4 C:\xampp\htdocs\ginsadv\app\Views\layouts\content.php(4): view('details_product')
#5 C:\xampp\htdocs\ginsadv\system\View\View.php(210): include('C:\\xampp\\htdocs...')
#6 C:\xampp\htdocs\ginsadv\system\View\View.php(213): CodeIgniter\View\View->CodeIgniter\View\{closure}()
#7 C:\xampp\htdocs\ginsadv\system\Common.php(1089): CodeIgniter\View\View->render('layouts/content', Array, true)
#8 C:\xampp\htdocs\ginsadv\app\Views\layouts\layout_home.php(6): view('layouts/content')
#9 C:\xampp\htdocs\ginsadv\system\View\View.php(210): include('C:\\xampp\\htdocs...')
#10 C:\xampp\htdocs\ginsadv\system\View\View.php(213): CodeIgniter\View\View->CodeIgniter\View\{closure}()
#11 C:\xampp\htdocs\ginsadv\system\Common.php(1089): CodeIgniter\View\View->render('layouts/layout_...', Array, true)
#12 C:\xampp\htdocs\ginsadv\app\Controllers\Product.php(30): view('layouts/layout_...', Array, Array)
#13 C:\xampp\htdocs\ginsadv\system\CodeIgniter.php(832): App\Controllers\Product->details('stempel')
#14 C:\xampp\htdocs\ginsadv\system\CodeIgniter.php(419): CodeIgniter\CodeIgniter->runController(Object(App\Controllers\Product))
#15 C:\xampp\htdocs\ginsadv\system\CodeIgniter.php(326): CodeIgniter\CodeIgniter->handleRequest(NULL, Object(Config\Cache), false)
#16 C:\xampp\htdocs\ginsadv\public\index.php(37): CodeIgniter\CodeIgniter->run()
#17 C:\xampp\htdocs\ginsadv\system\Commands\Server\rewrite.php(43): require_once('C:\\xampp\\htdocs...')
#18 {main}
CRITICAL - 2023-12-01 19:27:59 --> Undefined variable $menu
#0 C:\xampp\htdocs\ginsadv\app\Views\layouts\layout_home.php(3): CodeIgniter\Debug\Exceptions->errorHandler(2, 'Undefined varia...', 'C:\\xampp\\htdocs...', 3)
#1 C:\xampp\htdocs\ginsadv\system\View\View.php(210): include('C:\\xampp\\htdocs...')
#2 C:\xampp\htdocs\ginsadv\system\View\View.php(213): CodeIgniter\View\View->CodeIgniter\View\{closure}()
#3 C:\xampp\htdocs\ginsadv\system\Common.php(1089): CodeIgniter\View\View->render('layouts/layout_...', Array, true)
#4 C:\xampp\htdocs\ginsadv\app\Controllers\Product.php(30): view('layouts/layout_...', Array)
#5 C:\xampp\htdocs\ginsadv\system\CodeIgniter.php(832): App\Controllers\Product->details('stempel')
#6 C:\xampp\htdocs\ginsadv\system\CodeIgniter.php(419): CodeIgniter\CodeIgniter->runController(Object(App\Controllers\Product))
#7 C:\xampp\htdocs\ginsadv\system\CodeIgniter.php(326): CodeIgniter\CodeIgniter->handleRequest(NULL, Object(Config\Cache), false)
#8 C:\xampp\htdocs\ginsadv\public\index.php(37): CodeIgniter\CodeIgniter->run()
#9 C:\xampp\htdocs\ginsadv\system\Commands\Server\rewrite.php(43): require_once('C:\\xampp\\htdocs...')
#10 {main}
CRITICAL - 2023-12-01 19:28:33 --> compact(): Undefined variable $Detail Product
#0 [internal function]: CodeIgniter\Debug\Exceptions->errorHandler(2, 'compact(): Unde...', 'C:\\xampp\\htdocs...', 30)
#1 C:\xampp\htdocs\ginsadv\app\Controllers\Product.php(30): compact(Array, Object(App\Models\ProductModel))
#2 C:\xampp\htdocs\ginsadv\system\CodeIgniter.php(832): App\Controllers\Product->details('stempel')
#3 C:\xampp\htdocs\ginsadv\system\CodeIgniter.php(419): CodeIgniter\CodeIgniter->runController(Object(App\Controllers\Product))
#4 C:\xampp\htdocs\ginsadv\system\CodeIgniter.php(326): CodeIgniter\CodeIgniter->handleRequest(NULL, Object(Config\Cache), false)
#5 C:\xampp\htdocs\ginsadv\public\index.php(37): CodeIgniter\CodeIgniter->run()
#6 C:\xampp\htdocs\ginsadv\system\Commands\Server\rewrite.php(43): require_once('C:\\xampp\\htdocs...')
#7 {main}
CRITICAL - 2023-12-01 19:32:33 --> Cannot use object of type App\Models\ProductModel as array
#0 C:\xampp\htdocs\ginsadv\system\View\View.php(210): include()
#1 C:\xampp\htdocs\ginsadv\system\View\View.php(213): CodeIgniter\View\View->CodeIgniter\View\{closure}()
#2 C:\xampp\htdocs\ginsadv\system\Common.php(1089): CodeIgniter\View\View->render('details_product', Array, true)
#3 C:\xampp\htdocs\ginsadv\app\Views\layouts\content.php(4): view('details_product')
#4 C:\xampp\htdocs\ginsadv\system\View\View.php(210): include('C:\\xampp\\htdocs...')
#5 C:\xampp\htdocs\ginsadv\system\View\View.php(213): CodeIgniter\View\View->CodeIgniter\View\{closure}()
#6 C:\xampp\htdocs\ginsadv\system\Common.php(1089): CodeIgniter\View\View->render('layouts/content', Array, true)
#7 C:\xampp\htdocs\ginsadv\app\Views\layouts\layout_home.php(6): view('layouts/content')
#8 C:\xampp\htdocs\ginsadv\system\View\View.php(210): include('C:\\xampp\\htdocs...')
#9 C:\xampp\htdocs\ginsadv\system\View\View.php(213): CodeIgniter\View\View->CodeIgniter\View\{closure}()
#10 C:\xampp\htdocs\ginsadv\system\Common.php(1089): CodeIgniter\View\View->render('layouts/layout_...', Array, true)
#11 C:\xampp\htdocs\ginsadv\app\Controllers\Product.php(30): view('layouts/layout_...', Array)
#12 C:\xampp\htdocs\ginsadv\system\CodeIgniter.php(832): App\Controllers\Product->details('stempel')
#13 C:\xampp\htdocs\ginsadv\system\CodeIgniter.php(419): CodeIgniter\CodeIgniter->runController(Object(App\Controllers\Product))
#14 C:\xampp\htdocs\ginsadv\system\CodeIgniter.php(326): CodeIgniter\CodeIgniter->handleRequest(NULL, Object(Config\Cache), false)
#15 C:\xampp\htdocs\ginsadv\public\index.php(37): CodeIgniter\CodeIgniter->run()
#16 C:\xampp\htdocs\ginsadv\system\Commands\Server\rewrite.php(43): require_once('C:\\xampp\\htdocs...')
#17 {main}
CRITICAL - 2023-12-01 19:41:45 --> Cannot use object of type App\Models\ProductModel as array
#0 C:\xampp\htdocs\ginsadv\system\View\View.php(210): include()
#1 C:\xampp\htdocs\ginsadv\system\View\View.php(213): CodeIgniter\View\View->CodeIgniter\View\{closure}()
#2 C:\xampp\htdocs\ginsadv\system\Common.php(1089): CodeIgniter\View\View->render('details_product', Array, true)
#3 C:\xampp\htdocs\ginsadv\app\Views\layouts\content.php(4): view('details_product')
#4 C:\xampp\htdocs\ginsadv\system\View\View.php(210): include('C:\\xampp\\htdocs...')
#5 C:\xampp\htdocs\ginsadv\system\View\View.php(213): CodeIgniter\View\View->CodeIgniter\View\{closure}()
#6 C:\xampp\htdocs\ginsadv\system\Common.php(1089): CodeIgniter\View\View->render('layouts/content', Array, true)
#7 C:\xampp\htdocs\ginsadv\app\Views\layouts\layout_home.php(6): view('layouts/content')
#8 C:\xampp\htdocs\ginsadv\system\View\View.php(210): include('C:\\xampp\\htdocs...')
#9 C:\xampp\htdocs\ginsadv\system\View\View.php(213): CodeIgniter\View\View->CodeIgniter\View\{closure}()
#10 C:\xampp\htdocs\ginsadv\system\Common.php(1089): CodeIgniter\View\View->render('layouts/layout_...', Array, true)
#11 C:\xampp\htdocs\ginsadv\app\Controllers\Product.php(31): view('layouts/layout_...', Array)
#12 C:\xampp\htdocs\ginsadv\system\CodeIgniter.php(832): App\Controllers\Product->details('stempel')
#13 C:\xampp\htdocs\ginsadv\system\CodeIgniter.php(419): CodeIgniter\CodeIgniter->runController(Object(App\Controllers\Product))
#14 C:\xampp\htdocs\ginsadv\system\CodeIgniter.php(326): CodeIgniter\CodeIgniter->handleRequest(NULL, Object(Config\Cache), false)
#15 C:\xampp\htdocs\ginsadv\public\index.php(37): CodeIgniter\CodeIgniter->run()
#16 C:\xampp\htdocs\ginsadv\system\Commands\Server\rewrite.php(43): require_once('C:\\xampp\\htdocs...')
#17 {main}
CRITICAL - 2023-12-01 19:41:49 --> Cannot use object of type App\Models\ProductModel as array
#0 C:\xampp\htdocs\ginsadv\system\View\View.php(210): include()
#1 C:\xampp\htdocs\ginsadv\system\View\View.php(213): CodeIgniter\View\View->CodeIgniter\View\{closure}()
#2 C:\xampp\htdocs\ginsadv\system\Common.php(1089): CodeIgniter\View\View->render('details_product', Array, true)
#3 C:\xampp\htdocs\ginsadv\app\Views\layouts\content.php(4): view('details_product')
#4 C:\xampp\htdocs\ginsadv\system\View\View.php(210): include('C:\\xampp\\htdocs...')
#5 C:\xampp\htdocs\ginsadv\system\View\View.php(213): CodeIgniter\View\View->CodeIgniter\View\{closure}()
#6 C:\xampp\htdocs\ginsadv\system\Common.php(1089): CodeIgniter\View\View->render('layouts/content', Array, true)
#7 C:\xampp\htdocs\ginsadv\app\Views\layouts\layout_home.php(6): view('layouts/content')
#8 C:\xampp\htdocs\ginsadv\system\View\View.php(210): include('C:\\xampp\\htdocs...')
#9 C:\xampp\htdocs\ginsadv\system\View\View.php(213): CodeIgniter\View\View->CodeIgniter\View\{closure}()
#10 C:\xampp\htdocs\ginsadv\system\Common.php(1089): CodeIgniter\View\View->render('layouts/layout_...', Array, true)
#11 C:\xampp\htdocs\ginsadv\app\Controllers\Product.php(31): view('layouts/layout_...', Array)
#12 C:\xampp\htdocs\ginsadv\system\CodeIgniter.php(832): App\Controllers\Product->details('stempel')
#13 C:\xampp\htdocs\ginsadv\system\CodeIgniter.php(419): CodeIgniter\CodeIgniter->runController(Object(App\Controllers\Product))
#14 C:\xampp\htdocs\ginsadv\system\CodeIgniter.php(326): CodeIgniter\CodeIgniter->handleRequest(NULL, Object(Config\Cache), false)
#15 C:\xampp\htdocs\ginsadv\public\index.php(37): CodeIgniter\CodeIgniter->run()
#16 C:\xampp\htdocs\ginsadv\system\Commands\Server\rewrite.php(43): require_once('C:\\xampp\\htdocs...')
#17 {main}
CRITICAL - 2023-12-01 19:42:53 --> Trying to access array offset on value of type null
#0 C:\xampp\htdocs\ginsadv\app\Views\details_product.php(15): CodeIgniter\Debug\Exceptions->errorHandler(2, 'Trying to acces...', 'C:\\xampp\\htdocs...', 15)
#1 C:\xampp\htdocs\ginsadv\system\View\View.php(210): include('C:\\xampp\\htdocs...')
#2 C:\xampp\htdocs\ginsadv\system\View\View.php(213): CodeIgniter\View\View->CodeIgniter\View\{closure}()
#3 C:\xampp\htdocs\ginsadv\system\Common.php(1089): CodeIgniter\View\View->render('details_product', Array, true)
#4 C:\xampp\htdocs\ginsadv\app\Views\layouts\content.php(4): view('details_product')
#5 C:\xampp\htdocs\ginsadv\system\View\View.php(210): include('C:\\xampp\\htdocs...')
#6 C:\xampp\htdocs\ginsadv\system\View\View.php(213): CodeIgniter\View\View->CodeIgniter\View\{closure}()
#7 C:\xampp\htdocs\ginsadv\system\Common.php(1089): CodeIgniter\View\View->render('layouts/content', Array, true)
#8 C:\xampp\htdocs\ginsadv\app\Views\layouts\layout_home.php(6): view('layouts/content')
#9 C:\xampp\htdocs\ginsadv\system\View\View.php(210): include('C:\\xampp\\htdocs...')
#10 C:\xampp\htdocs\ginsadv\system\View\View.php(213): CodeIgniter\View\View->CodeIgniter\View\{closure}()
#11 C:\xampp\htdocs\ginsadv\system\Common.php(1089): CodeIgniter\View\View->render('layouts/layout_...', Array, true)
#12 C:\xampp\htdocs\ginsadv\app\Controllers\Product.php(31): view('layouts/layout_...', Array)
#13 C:\xampp\htdocs\ginsadv\system\CodeIgniter.php(832): App\Controllers\Product->details('stempel')
#14 C:\xampp\htdocs\ginsadv\system\CodeIgniter.php(419): CodeIgniter\CodeIgniter->runController(Object(App\Controllers\Product))
#15 C:\xampp\htdocs\ginsadv\system\CodeIgniter.php(326): CodeIgniter\CodeIgniter->handleRequest(NULL, Object(Config\Cache), false)
#16 C:\xampp\htdocs\ginsadv\public\index.php(37): CodeIgniter\CodeIgniter->run()
#17 C:\xampp\htdocs\ginsadv\system\Commands\Server\rewrite.php(43): require_once('C:\\xampp\\htdocs...')
#18 {main}
CRITICAL - 2023-12-01 19:45:00 --> Call to a member function where() on array
#0 C:\xampp\htdocs\ginsadv\system\CodeIgniter.php(832): App\Controllers\Product->details('stempel')
#1 C:\xampp\htdocs\ginsadv\system\CodeIgniter.php(419): CodeIgniter\CodeIgniter->runController(Object(App\Controllers\Product))
#2 C:\xampp\htdocs\ginsadv\system\CodeIgniter.php(326): CodeIgniter\CodeIgniter->handleRequest(NULL, Object(Config\Cache), false)
#3 C:\xampp\htdocs\ginsadv\public\index.php(37): CodeIgniter\CodeIgniter->run()
#4 C:\xampp\htdocs\ginsadv\system\Commands\Server\rewrite.php(43): require_once('C:\\xampp\\htdocs...')
#5 {main}
CRITICAL - 2023-12-01 19:46:46 --> Trying to access array offset on value of type null
#0 C:\xampp\htdocs\ginsadv\app\Views\details_product.php(15): CodeIgniter\Debug\Exceptions->errorHandler(2, 'Trying to acces...', 'C:\\xampp\\htdocs...', 15)
#1 C:\xampp\htdocs\ginsadv\system\View\View.php(210): include('C:\\xampp\\htdocs...')
#2 C:\xampp\htdocs\ginsadv\system\View\View.php(213): CodeIgniter\View\View->CodeIgniter\View\{closure}()
#3 C:\xampp\htdocs\ginsadv\system\Common.php(1089): CodeIgniter\View\View->render('details_product', Array, true)
#4 C:\xampp\htdocs\ginsadv\app\Views\layouts\content.php(4): view('details_product')
#5 C:\xampp\htdocs\ginsadv\system\View\View.php(210): include('C:\\xampp\\htdocs...')
#6 C:\xampp\htdocs\ginsadv\system\View\View.php(213): CodeIgniter\View\View->CodeIgniter\View\{closure}()
#7 C:\xampp\htdocs\ginsadv\system\Common.php(1089): CodeIgniter\View\View->render('layouts/content', Array, true)
#8 C:\xampp\htdocs\ginsadv\app\Views\layouts\layout_home.php(6): view('layouts/content')
#9 C:\xampp\htdocs\ginsadv\system\View\View.php(210): include('C:\\xampp\\htdocs...')
#10 C:\xampp\htdocs\ginsadv\system\View\View.php(213): CodeIgniter\View\View->CodeIgniter\View\{closure}()
#11 C:\xampp\htdocs\ginsadv\system\Common.php(1089): CodeIgniter\View\View->render('layouts/layout_...', Array, true)
#12 C:\xampp\htdocs\ginsadv\app\Controllers\Product.php(31): view('layouts/layout_...', Array)
#13 C:\xampp\htdocs\ginsadv\system\CodeIgniter.php(832): App\Controllers\Product->details('stempel')
#14 C:\xampp\htdocs\ginsadv\system\CodeIgniter.php(419): CodeIgniter\CodeIgniter->runController(Object(App\Controllers\Product))
#15 C:\xampp\htdocs\ginsadv\system\CodeIgniter.php(326): CodeIgniter\CodeIgniter->handleRequest(NULL, Object(Config\Cache), false)
#16 C:\xampp\htdocs\ginsadv\public\index.php(37): CodeIgniter\CodeIgniter->run()
#17 C:\xampp\htdocs\ginsadv\system\Commands\Server\rewrite.php(43): require_once('C:\\xampp\\htdocs...')
#18 {main}
CRITICAL - 2023-12-01 19:46:56 --> Call to undefined method CodeIgniter\Database\MySQLi\Result::where()
#0 C:\xampp\htdocs\ginsadv\system\CodeIgniter.php(832): App\Controllers\Product->details('stempel')
#1 C:\xampp\htdocs\ginsadv\system\CodeIgniter.php(419): CodeIgniter\CodeIgniter->runController(Object(App\Controllers\Product))
#2 C:\xampp\htdocs\ginsadv\system\CodeIgniter.php(326): CodeIgniter\CodeIgniter->handleRequest(NULL, Object(Config\Cache), false)
#3 C:\xampp\htdocs\ginsadv\public\index.php(37): CodeIgniter\CodeIgniter->run()
#4 C:\xampp\htdocs\ginsadv\system\Commands\Server\rewrite.php(43): require_once('C:\\xampp\\htdocs...')
#5 {main}
CRITICAL - 2023-12-01 19:47:22 --> Call to a member function where() on array
#0 C:\xampp\htdocs\ginsadv\system\CodeIgniter.php(832): App\Controllers\Product->details('stempel')
#1 C:\xampp\htdocs\ginsadv\system\CodeIgniter.php(419): CodeIgniter\CodeIgniter->runController(Object(App\Controllers\Product))
#2 C:\xampp\htdocs\ginsadv\system\CodeIgniter.php(326): CodeIgniter\CodeIgniter->handleRequest(NULL, Object(Config\Cache), false)
#3 C:\xampp\htdocs\ginsadv\public\index.php(37): CodeIgniter\CodeIgniter->run()
#4 C:\xampp\htdocs\ginsadv\system\Commands\Server\rewrite.php(43): require_once('C:\\xampp\\htdocs...')
#5 {main}
CRITICAL - 2023-12-01 19:48:10 --> Call to a member function first() on null
#0 C:\xampp\htdocs\ginsadv\system\CodeIgniter.php(832): App\Controllers\Product->details('stempel')
#1 C:\xampp\htdocs\ginsadv\system\CodeIgniter.php(419): CodeIgniter\CodeIgniter->runController(Object(App\Controllers\Product))
#2 C:\xampp\htdocs\ginsadv\system\CodeIgniter.php(326): CodeIgniter\CodeIgniter->handleRequest(NULL, Object(Config\Cache), false)
#3 C:\xampp\htdocs\ginsadv\public\index.php(37): CodeIgniter\CodeIgniter->run()
#4 C:\xampp\htdocs\ginsadv\system\Commands\Server\rewrite.php(43): require_once('C:\\xampp\\htdocs...')
#5 {main}
CRITICAL - 2023-12-01 19:48:19 --> Trying to access array offset on value of type null
#0 C:\xampp\htdocs\ginsadv\app\Views\details_product.php(15): CodeIgniter\Debug\Exceptions->errorHandler(2, 'Trying to acces...', 'C:\\xampp\\htdocs...', 15)
#1 C:\xampp\htdocs\ginsadv\system\View\View.php(210): include('C:\\xampp\\htdocs...')
#2 C:\xampp\htdocs\ginsadv\system\View\View.php(213): CodeIgniter\View\View->CodeIgniter\View\{closure}()
#3 C:\xampp\htdocs\ginsadv\system\Common.php(1089): CodeIgniter\View\View->render('details_product', Array, true)
#4 C:\xampp\htdocs\ginsadv\app\Views\layouts\content.php(4): view('details_product')
#5 C:\xampp\htdocs\ginsadv\system\View\View.php(210): include('C:\\xampp\\htdocs...')
#6 C:\xampp\htdocs\ginsadv\system\View\View.php(213): CodeIgniter\View\View->CodeIgniter\View\{closure}()
#7 C:\xampp\htdocs\ginsadv\system\Common.php(1089): CodeIgniter\View\View->render('layouts/content', Array, true)
#8 C:\xampp\htdocs\ginsadv\app\Views\layouts\layout_home.php(6): view('layouts/content')
#9 C:\xampp\htdocs\ginsadv\system\View\View.php(210): include('C:\\xampp\\htdocs...')
#10 C:\xampp\htdocs\ginsadv\system\View\View.php(213): CodeIgniter\View\View->CodeIgniter\View\{closure}()
#11 C:\xampp\htdocs\ginsadv\system\Common.php(1089): CodeIgniter\View\View->render('layouts/layout_...', Array, true)
#12 C:\xampp\htdocs\ginsadv\app\Controllers\Product.php(31): view('layouts/layout_...', Array)
#13 C:\xampp\htdocs\ginsadv\system\CodeIgniter.php(832): App\Controllers\Product->details('stempel')
#14 C:\xampp\htdocs\ginsadv\system\CodeIgniter.php(419): CodeIgniter\CodeIgniter->runController(Object(App\Controllers\Product))
#15 C:\xampp\htdocs\ginsadv\system\CodeIgniter.php(326): CodeIgniter\CodeIgniter->handleRequest(NULL, Object(Config\Cache), false)
#16 C:\xampp\htdocs\ginsadv\public\index.php(37): CodeIgniter\CodeIgniter->run()
#17 C:\xampp\htdocs\ginsadv\system\Commands\Server\rewrite.php(43): require_once('C:\\xampp\\htdocs...')
#18 {main}
CRITICAL - 2023-12-01 19:48:47 --> Call to a member function where() on array
#0 C:\xampp\htdocs\ginsadv\system\CodeIgniter.php(832): App\Controllers\Product->details('stempel')
#1 C:\xampp\htdocs\ginsadv\system\CodeIgniter.php(419): CodeIgniter\CodeIgniter->runController(Object(App\Controllers\Product))
#2 C:\xampp\htdocs\ginsadv\system\CodeIgniter.php(326): CodeIgniter\CodeIgniter->handleRequest(NULL, Object(Config\Cache), false)
#3 C:\xampp\htdocs\ginsadv\public\index.php(37): CodeIgniter\CodeIgniter->run()
#4 C:\xampp\htdocs\ginsadv\system\Commands\Server\rewrite.php(43): require_once('C:\\xampp\\htdocs...')
#5 {main}
CRITICAL - 2023-12-01 19:48:49 --> Call to a member function where() on array
#0 C:\xampp\htdocs\ginsadv\system\CodeIgniter.php(832): App\Controllers\Product->details('stempel')
#1 C:\xampp\htdocs\ginsadv\system\CodeIgniter.php(419): CodeIgniter\CodeIgniter->runController(Object(App\Controllers\Product))
#2 C:\xampp\htdocs\ginsadv\system\CodeIgniter.php(326): CodeIgniter\CodeIgniter->handleRequest(NULL, Object(Config\Cache), false)
#3 C:\xampp\htdocs\ginsadv\public\index.php(37): CodeIgniter\CodeIgniter->run()
#4 C:\xampp\htdocs\ginsadv\system\Commands\Server\rewrite.php(43): require_once('C:\\xampp\\htdocs...')
#5 {main}
CRITICAL - 2023-12-01 19:49:31 --> Cannot use object of type App\Models\ProductModel as array
#0 C:\xampp\htdocs\ginsadv\system\View\View.php(210): include()
#1 C:\xampp\htdocs\ginsadv\system\View\View.php(213): CodeIgniter\View\View->CodeIgniter\View\{closure}()
#2 C:\xampp\htdocs\ginsadv\system\Common.php(1089): CodeIgniter\View\View->render('details_product', Array, true)
#3 C:\xampp\htdocs\ginsadv\app\Views\layouts\content.php(4): view('details_product')
#4 C:\xampp\htdocs\ginsadv\system\View\View.php(210): include('C:\\xampp\\htdocs...')
#5 C:\xampp\htdocs\ginsadv\system\View\View.php(213): CodeIgniter\View\View->CodeIgniter\View\{closure}()
#6 C:\xampp\htdocs\ginsadv\system\Common.php(1089): CodeIgniter\View\View->render('layouts/content', Array, true)
#7 C:\xampp\htdocs\ginsadv\app\Views\layouts\layout_home.php(6): view('layouts/content')
#8 C:\xampp\htdocs\ginsadv\system\View\View.php(210): include('C:\\xampp\\htdocs...')
#9 C:\xampp\htdocs\ginsadv\system\View\View.php(213): CodeIgniter\View\View->CodeIgniter\View\{closure}()
#10 C:\xampp\htdocs\ginsadv\system\Common.php(1089): CodeIgniter\View\View->render('layouts/layout_...', Array, true)
#11 C:\xampp\htdocs\ginsadv\app\Controllers\Product.php(31): view('layouts/layout_...', Array)
#12 C:\xampp\htdocs\ginsadv\system\CodeIgniter.php(832): App\Controllers\Product->details('stempel')
#13 C:\xampp\htdocs\ginsadv\system\CodeIgniter.php(419): CodeIgniter\CodeIgniter->runController(Object(App\Controllers\Product))
#14 C:\xampp\htdocs\ginsadv\system\CodeIgniter.php(326): CodeIgniter\CodeIgniter->handleRequest(NULL, Object(Config\Cache), false)
#15 C:\xampp\htdocs\ginsadv\public\index.php(37): CodeIgniter\CodeIgniter->run()
#16 C:\xampp\htdocs\ginsadv\system\Commands\Server\rewrite.php(43): require_once('C:\\xampp\\htdocs...')
#17 {main}
CRITICAL - 2023-12-01 19:49:50 --> Call to a member function where() on array
#0 C:\xampp\htdocs\ginsadv\system\CodeIgniter.php(832): App\Controllers\Product->details('stempel')
#1 C:\xampp\htdocs\ginsadv\system\CodeIgniter.php(419): CodeIgniter\CodeIgniter->runController(Object(App\Controllers\Product))
#2 C:\xampp\htdocs\ginsadv\system\CodeIgniter.php(326): CodeIgniter\CodeIgniter->handleRequest(NULL, Object(Config\Cache), false)
#3 C:\xampp\htdocs\ginsadv\public\index.php(37): CodeIgniter\CodeIgniter->run()
#4 C:\xampp\htdocs\ginsadv\system\Commands\Server\rewrite.php(43): require_once('C:\\xampp\\htdocs...')
#5 {main}
CRITICAL - 2023-12-01 19:51:38 --> Trying to access array offset on value of type null
#0 C:\xampp\htdocs\ginsadv\app\Views\details_product.php(15): CodeIgniter\Debug\Exceptions->errorHandler(2, 'Trying to acces...', 'C:\\xampp\\htdocs...', 15)
#1 C:\xampp\htdocs\ginsadv\system\View\View.php(210): include('C:\\xampp\\htdocs...')
#2 C:\xampp\htdocs\ginsadv\system\View\View.php(213): CodeIgniter\View\View->CodeIgniter\View\{closure}()
#3 C:\xampp\htdocs\ginsadv\system\Common.php(1089): CodeIgniter\View\View->render('details_product', Array, true)
#4 C:\xampp\htdocs\ginsadv\app\Views\layouts\content.php(4): view('details_product')
#5 C:\xampp\htdocs\ginsadv\system\View\View.php(210): include('C:\\xampp\\htdocs...')
#6 C:\xampp\htdocs\ginsadv\system\View\View.php(213): CodeIgniter\View\View->CodeIgniter\View\{closure}()
#7 C:\xampp\htdocs\ginsadv\system\Common.php(1089): CodeIgniter\View\View->render('layouts/content', Array, true)
#8 C:\xampp\htdocs\ginsadv\app\Views\layouts\layout_home.php(6): view('layouts/content')
#9 C:\xampp\htdocs\ginsadv\system\View\View.php(210): include('C:\\xampp\\htdocs...')
#10 C:\xampp\htdocs\ginsadv\system\View\View.php(213): CodeIgniter\View\View->CodeIgniter\View\{closure}()
#11 C:\xampp\htdocs\ginsadv\system\Common.php(1089): CodeIgniter\View\View->render('layouts/layout_...', Array, true)
#12 C:\xampp\htdocs\ginsadv\app\Controllers\Product.php(31): view('layouts/layout_...', Array)
#13 C:\xampp\htdocs\ginsadv\system\CodeIgniter.php(832): App\Controllers\Product->details('stempel')
#14 C:\xampp\htdocs\ginsadv\system\CodeIgniter.php(419): CodeIgniter\CodeIgniter->runController(Object(App\Controllers\Product))
#15 C:\xampp\htdocs\ginsadv\system\CodeIgniter.php(326): CodeIgniter\CodeIgniter->handleRequest(NULL, Object(Config\Cache), false)
#16 C:\xampp\htdocs\ginsadv\public\index.php(37): CodeIgniter\CodeIgniter->run()
#17 C:\xampp\htdocs\ginsadv\system\Commands\Server\rewrite.php(43): require_once('C:\\xampp\\htdocs...')
#18 {main}
CRITICAL - 2023-12-01 19:52:20 --> Undefined array key "stok_produk"
#0 C:\xampp\htdocs\ginsadv\app\Views\details_product.php(19): CodeIgniter\Debug\Exceptions->errorHandler(2, 'Undefined array...', 'C:\\xampp\\htdocs...', 19)
#1 C:\xampp\htdocs\ginsadv\system\View\View.php(210): include('C:\\xampp\\htdocs...')
#2 C:\xampp\htdocs\ginsadv\system\View\View.php(213): CodeIgniter\View\View->CodeIgniter\View\{closure}()
#3 C:\xampp\htdocs\ginsadv\system\Common.php(1089): CodeIgniter\View\View->render('details_product', Array, true)
#4 C:\xampp\htdocs\ginsadv\app\Views\layouts\content.php(4): view('details_product')
#5 C:\xampp\htdocs\ginsadv\system\View\View.php(210): include('C:\\xampp\\htdocs...')
#6 C:\xampp\htdocs\ginsadv\system\View\View.php(213): CodeIgniter\View\View->CodeIgniter\View\{closure}()
#7 C:\xampp\htdocs\ginsadv\system\Common.php(1089): CodeIgniter\View\View->render('layouts/content', Array, true)
#8 C:\xampp\htdocs\ginsadv\app\Views\layouts\layout_home.php(6): view('layouts/content')
#9 C:\xampp\htdocs\ginsadv\system\View\View.php(210): include('C:\\xampp\\htdocs...')
#10 C:\xampp\htdocs\ginsadv\system\View\View.php(213): CodeIgniter\View\View->CodeIgniter\View\{closure}()
#11 C:\xampp\htdocs\ginsadv\system\Common.php(1089): CodeIgniter\View\View->render('layouts/layout_...', Array, true)
#12 C:\xampp\htdocs\ginsadv\app\Controllers\Product.php(31): view('layouts/layout_...', Array)
#13 C:\xampp\htdocs\ginsadv\system\CodeIgniter.php(832): App\Controllers\Product->details('stempel')
#14 C:\xampp\htdocs\ginsadv\system\CodeIgniter.php(419): CodeIgniter\CodeIgniter->runController(Object(App\Controllers\Product))
#15 C:\xampp\htdocs\ginsadv\system\CodeIgniter.php(326): CodeIgniter\CodeIgniter->handleRequest(NULL, Object(Config\Cache), false)
#16 C:\xampp\htdocs\ginsadv\public\index.php(37): CodeIgniter\CodeIgniter->run()
#17 C:\xampp\htdocs\ginsadv\system\Commands\Server\rewrite.php(43): require_once('C:\\xampp\\htdocs...')
#18 {main}
CRITICAL - 2023-12-01 20:11:21 --> Undefined array key "foto_produk"
#0 C:\xampp\htdocs\ginsadv\app\Views\details_product.php(12): CodeIgniter\Debug\Exceptions->errorHandler(2, 'Undefined array...', 'C:\\xampp\\htdocs...', 12)
#1 C:\xampp\htdocs\ginsadv\system\View\View.php(210): include('C:\\xampp\\htdocs...')
#2 C:\xampp\htdocs\ginsadv\system\View\View.php(213): CodeIgniter\View\View->CodeIgniter\View\{closure}()
#3 C:\xampp\htdocs\ginsadv\system\Common.php(1089): CodeIgniter\View\View->render('details_product', Array, true)
#4 C:\xampp\htdocs\ginsadv\app\Views\layouts\content.php(4): view('details_product')
#5 C:\xampp\htdocs\ginsadv\system\View\View.php(210): include('C:\\xampp\\htdocs...')
#6 C:\xampp\htdocs\ginsadv\system\View\View.php(213): CodeIgniter\View\View->CodeIgniter\View\{closure}()
#7 C:\xampp\htdocs\ginsadv\system\Common.php(1089): CodeIgniter\View\View->render('layouts/content', Array, true)
#8 C:\xampp\htdocs\ginsadv\app\Views\layouts\layout_home.php(6): view('layouts/content')
#9 C:\xampp\htdocs\ginsadv\system\View\View.php(210): include('C:\\xampp\\htdocs...')
#10 C:\xampp\htdocs\ginsadv\system\View\View.php(213): CodeIgniter\View\View->CodeIgniter\View\{closure}()
#11 C:\xampp\htdocs\ginsadv\system\Common.php(1089): CodeIgniter\View\View->render('layouts/layout_...', Array, true)
#12 C:\xampp\htdocs\ginsadv\app\Controllers\Product.php(31): view('layouts/layout_...', Array)
#13 C:\xampp\htdocs\ginsadv\system\CodeIgniter.php(832): App\Controllers\Product->details('cutting stiker')
#14 C:\xampp\htdocs\ginsadv\system\CodeIgniter.php(419): CodeIgniter\CodeIgniter->runController(Object(App\Controllers\Product))
#15 C:\xampp\htdocs\ginsadv\system\CodeIgniter.php(326): CodeIgniter\CodeIgniter->handleRequest(NULL, Object(Config\Cache), false)
#16 C:\xampp\htdocs\ginsadv\public\index.php(37): CodeIgniter\CodeIgniter->run()
#17 C:\xampp\htdocs\ginsadv\system\Commands\Server\rewrite.php(43): require_once('C:\\xampp\\htdocs...')
#18 {main}
CRITICAL - 2023-12-01 20:11:50 --> Trying to access array offset on value of type null
#0 C:\xampp\htdocs\ginsadv\app\Views\details_product.php(12): CodeIgniter\Debug\Exceptions->errorHandler(2, 'Trying to acces...', 'C:\\xampp\\htdocs...', 12)
#1 C:\xampp\htdocs\ginsadv\system\View\View.php(210): include('C:\\xampp\\htdocs...')
#2 C:\xampp\htdocs\ginsadv\system\View\View.php(213): CodeIgniter\View\View->CodeIgniter\View\{closure}()
#3 C:\xampp\htdocs\ginsadv\system\Common.php(1089): CodeIgniter\View\View->render('details_product', Array, true)
#4 C:\xampp\htdocs\ginsadv\app\Views\layouts\content.php(4): view('details_product')
#5 C:\xampp\htdocs\ginsadv\system\View\View.php(210): include('C:\\xampp\\htdocs...')
#6 C:\xampp\htdocs\ginsadv\system\View\View.php(213): CodeIgniter\View\View->CodeIgniter\View\{closure}()
#7 C:\xampp\htdocs\ginsadv\system\Common.php(1089): CodeIgniter\View\View->render('layouts/content', Array, true)
#8 C:\xampp\htdocs\ginsadv\app\Views\layouts\layout_home.php(6): view('layouts/content')
#9 C:\xampp\htdocs\ginsadv\system\View\View.php(210): include('C:\\xampp\\htdocs...')
#10 C:\xampp\htdocs\ginsadv\system\View\View.php(213): CodeIgniter\View\View->CodeIgniter\View\{closure}()
#11 C:\xampp\htdocs\ginsadv\system\Common.php(1089): CodeIgniter\View\View->render('layouts/layout_...', Array, true)
#12 C:\xampp\htdocs\ginsadv\app\Controllers\Product.php(31): view('layouts/layout_...', Array)
#13 C:\xampp\htdocs\ginsadv\system\CodeIgniter.php(832): App\Controllers\Product->details('cuttingstiker')
#14 C:\xampp\htdocs\ginsadv\system\CodeIgniter.php(419): CodeIgniter\CodeIgniter->runController(Object(App\Controllers\Product))
#15 C:\xampp\htdocs\ginsadv\system\CodeIgniter.php(326): CodeIgniter\CodeIgniter->handleRequest(NULL, Object(Config\Cache), false)
#16 C:\xampp\htdocs\ginsadv\public\index.php(37): CodeIgniter\CodeIgniter->run()
#17 C:\xampp\htdocs\ginsadv\system\Commands\Server\rewrite.php(43): require_once('C:\\xampp\\htdocs...')
#18 {main}
CRITICAL - 2023-12-01 20:12:31 --> Undefined array key "foto_produk"
#0 C:\xampp\htdocs\ginsadv\app\Views\details_product.php(12): CodeIgniter\Debug\Exceptions->errorHandler(2, 'Undefined array...', 'C:\\xampp\\htdocs...', 12)
#1 C:\xampp\htdocs\ginsadv\system\View\View.php(210): include('C:\\xampp\\htdocs...')
#2 C:\xampp\htdocs\ginsadv\system\View\View.php(213): CodeIgniter\View\View->CodeIgniter\View\{closure}()
#3 C:\xampp\htdocs\ginsadv\system\Common.php(1089): CodeIgniter\View\View->render('details_product', Array, true)
#4 C:\xampp\htdocs\ginsadv\app\Views\layouts\content.php(4): view('details_product')
#5 C:\xampp\htdocs\ginsadv\system\View\View.php(210): include('C:\\xampp\\htdocs...')
#6 C:\xampp\htdocs\ginsadv\system\View\View.php(213): CodeIgniter\View\View->CodeIgniter\View\{closure}()
#7 C:\xampp\htdocs\ginsadv\system\Common.php(1089): CodeIgniter\View\View->render('layouts/content', Array, true)
#8 C:\xampp\htdocs\ginsadv\app\Views\layouts\layout_home.php(6): view('layouts/content')
#9 C:\xampp\htdocs\ginsadv\system\View\View.php(210): include('C:\\xampp\\htdocs...')
#10 C:\xampp\htdocs\ginsadv\system\View\View.php(213): CodeIgniter\View\View->CodeIgniter\View\{closure}()
#11 C:\xampp\htdocs\ginsadv\system\Common.php(1089): CodeIgniter\View\View->render('layouts/layout_...', Array, true)
#12 C:\xampp\htdocs\ginsadv\app\Controllers\Product.php(31): view('layouts/layout_...', Array)
#13 C:\xampp\htdocs\ginsadv\system\CodeIgniter.php(832): App\Controllers\Product->details('cutting')
#14 C:\xampp\htdocs\ginsadv\system\CodeIgniter.php(419): CodeIgniter\CodeIgniter->runController(Object(App\Controllers\Product))
#15 C:\xampp\htdocs\ginsadv\system\CodeIgniter.php(326): CodeIgniter\CodeIgniter->handleRequest(NULL, Object(Config\Cache), false)
#16 C:\xampp\htdocs\ginsadv\public\index.php(37): CodeIgniter\CodeIgniter->run()
#17 C:\xampp\htdocs\ginsadv\system\Commands\Server\rewrite.php(43): require_once('C:\\xampp\\htdocs...')
#18 {main}
CRITICAL - 2023-12-01 20:34:30 --> Cannot access offset of type string on string
#0 C:\xampp\htdocs\ginsadv\system\View\View.php(210): include()
#1 C:\xampp\htdocs\ginsadv\system\View\View.php(213): CodeIgniter\View\View->CodeIgniter\View\{closure}()
#2 C:\xampp\htdocs\ginsadv\system\Common.php(1089): CodeIgniter\View\View->render('product', Array, true)
#3 C:\xampp\htdocs\ginsadv\app\Views\layouts\content.php(4): view('product')
#4 C:\xampp\htdocs\ginsadv\system\View\View.php(210): include('C:\\xampp\\htdocs...')
#5 C:\xampp\htdocs\ginsadv\system\View\View.php(213): CodeIgniter\View\View->CodeIgniter\View\{closure}()
#6 C:\xampp\htdocs\ginsadv\system\Common.php(1089): CodeIgniter\View\View->render('layouts/content', Array, true)
#7 C:\xampp\htdocs\ginsadv\app\Views\layouts\layout_home.php(6): view('layouts/content')
#8 C:\xampp\htdocs\ginsadv\system\View\View.php(210): include('C:\\xampp\\htdocs...')
#9 C:\xampp\htdocs\ginsadv\system\View\View.php(213): CodeIgniter\View\View->CodeIgniter\View\{closure}()
#10 C:\xampp\htdocs\ginsadv\system\Common.php(1089): CodeIgniter\View\View->render('layouts/layout_...', Array, true)
#11 C:\xampp\htdocs\ginsadv\app\Controllers\Product.php(26): view('layouts/layout_...', Array)
#12 C:\xampp\htdocs\ginsadv\system\CodeIgniter.php(832): App\Controllers\Product->index()
#13 C:\xampp\htdocs\ginsadv\system\CodeIgniter.php(419): CodeIgniter\CodeIgniter->runController(Object(App\Controllers\Product))
#14 C:\xampp\htdocs\ginsadv\system\CodeIgniter.php(326): CodeIgniter\CodeIgniter->handleRequest(NULL, Object(Config\Cache), false)
#15 C:\xampp\htdocs\ginsadv\public\index.php(37): CodeIgniter\CodeIgniter->run()
#16 C:\xampp\htdocs\ginsadv\system\Commands\Server\rewrite.php(43): require_once('C:\\xampp\\htdocs...')
#17 {main}
CRITICAL - 2023-12-01 21:20:17 --> Undefined variable $title
#0 C:\xampp\htdocs\ginsadv\app\Views\layouts\head.php(9): CodeIgniter\Debug\Exceptions->errorHandler(2, 'Undefined varia...', 'C:\\xampp\\htdocs...', 9)
#1 C:\xampp\htdocs\ginsadv\system\View\View.php(210): include('C:\\xampp\\htdocs...')
#2 C:\xampp\htdocs\ginsadv\system\View\View.php(213): CodeIgniter\View\View->CodeIgniter\View\{closure}()
#3 C:\xampp\htdocs\ginsadv\system\Common.php(1089): CodeIgniter\View\View->render('layouts/head', Array, true)
#4 C:\xampp\htdocs\ginsadv\app\Views\layouts\layout_home.php(2): view('layouts/head')
#5 C:\xampp\htdocs\ginsadv\system\View\View.php(210): include('C:\\xampp\\htdocs...')
#6 C:\xampp\htdocs\ginsadv\system\View\View.php(213): CodeIgniter\View\View->CodeIgniter\View\{closure}()
#7 C:\xampp\htdocs\ginsadv\system\Common.php(1089): CodeIgniter\View\View->render('layouts/layout_...', Array, true)
#8 C:\xampp\htdocs\ginsadv\app\Controllers\Contact.php(16): view('layouts/layout_...', Array)
#9 C:\xampp\htdocs\ginsadv\system\CodeIgniter.php(832): App\Controllers\Contact->index()
#10 C:\xampp\htdocs\ginsadv\system\CodeIgniter.php(419): CodeIgniter\CodeIgniter->runController(Object(App\Controllers\Contact))
#11 C:\xampp\htdocs\ginsadv\system\CodeIgniter.php(326): CodeIgniter\CodeIgniter->handleRequest(NULL, Object(Config\Cache), false)
#12 C:\xampp\htdocs\ginsadv\public\index.php(37): CodeIgniter\CodeIgniter->run()
#13 C:\xampp\htdocs\ginsadv\system\Commands\Server\rewrite.php(43): require_once('C:\\xampp\\htdocs...')
#14 {main}
CRITICAL - 2023-12-01 21:20:47 --> Undefined variable $title
#0 C:\xampp\htdocs\ginsadv\app\Views\layouts\head.php(9): CodeIgniter\Debug\Exceptions->errorHandler(2, 'Undefined varia...', 'C:\\xampp\\htdocs...', 9)
#1 C:\xampp\htdocs\ginsadv\system\View\View.php(210): include('C:\\xampp\\htdocs...')
#2 C:\xampp\htdocs\ginsadv\system\View\View.php(213): CodeIgniter\View\View->CodeIgniter\View\{closure}()
#3 C:\xampp\htdocs\ginsadv\system\Common.php(1089): CodeIgniter\View\View->render('layouts/head', Array, true)
#4 C:\xampp\htdocs\ginsadv\app\Views\layouts\layout_home.php(2): view('layouts/head')
#5 C:\xampp\htdocs\ginsadv\system\View\View.php(210): include('C:\\xampp\\htdocs...')
#6 C:\xampp\htdocs\ginsadv\system\View\View.php(213): CodeIgniter\View\View->CodeIgniter\View\{closure}()
#7 C:\xampp\htdocs\ginsadv\system\Common.php(1089): CodeIgniter\View\View->render('layouts/layout_...', Array, true)
#8 C:\xampp\htdocs\ginsadv\app\Controllers\Contact.php(16): view('layouts/layout_...', Array)
#9 C:\xampp\htdocs\ginsadv\system\CodeIgniter.php(832): App\Controllers\Contact->index()
#10 C:\xampp\htdocs\ginsadv\system\CodeIgniter.php(419): CodeIgniter\CodeIgniter->runController(Object(App\Controllers\Contact))
#11 C:\xampp\htdocs\ginsadv\system\CodeIgniter.php(326): CodeIgniter\CodeIgniter->handleRequest(NULL, Object(Config\Cache), false)
#12 C:\xampp\htdocs\ginsadv\public\index.php(37): CodeIgniter\CodeIgniter->run()
#13 C:\xampp\htdocs\ginsadv\system\Commands\Server\rewrite.php(43): require_once('C:\\xampp\\htdocs...')
#14 {main}
CRITICAL - 2023-12-01 21:20:49 --> Undefined variable $title
#0 C:\xampp\htdocs\ginsadv\app\Views\layouts\head.php(9): CodeIgniter\Debug\Exceptions->errorHandler(2, 'Undefined varia...', 'C:\\xampp\\htdocs...', 9)
#1 C:\xampp\htdocs\ginsadv\system\View\View.php(210): include('C:\\xampp\\htdocs...')
#2 C:\xampp\htdocs\ginsadv\system\View\View.php(213): CodeIgniter\View\View->CodeIgniter\View\{closure}()
#3 C:\xampp\htdocs\ginsadv\system\Common.php(1089): CodeIgniter\View\View->render('layouts/head', Array, true)
#4 C:\xampp\htdocs\ginsadv\app\Views\layouts\layout_home.php(2): view('layouts/head')
#5 C:\xampp\htdocs\ginsadv\system\View\View.php(210): include('C:\\xampp\\htdocs...')
#6 C:\xampp\htdocs\ginsadv\system\View\View.php(213): CodeIgniter\View\View->CodeIgniter\View\{closure}()
#7 C:\xampp\htdocs\ginsadv\system\Common.php(1089): CodeIgniter\View\View->render('layouts/layout_...', Array, true)
#8 C:\xampp\htdocs\ginsadv\app\Controllers\Contact.php(16): view('layouts/layout_...', Array)
#9 C:\xampp\htdocs\ginsadv\system\CodeIgniter.php(832): App\Controllers\Contact->index()
#10 C:\xampp\htdocs\ginsadv\system\CodeIgniter.php(419): CodeIgniter\CodeIgniter->runController(Object(App\Controllers\Contact))
#11 C:\xampp\htdocs\ginsadv\system\CodeIgniter.php(326): CodeIgniter\CodeIgniter->handleRequest(NULL, Object(Config\Cache), false)
#12 C:\xampp\htdocs\ginsadv\public\index.php(37): CodeIgniter\CodeIgniter->run()
#13 C:\xampp\htdocs\ginsadv\system\Commands\Server\rewrite.php(43): require_once('C:\\xampp\\htdocs...')
#14 {main}
CRITICAL - 2023-12-01 21:43:34 --> foreach() argument must be of type array|object, string given
#0 C:\xampp\htdocs\ginsadv\app\Views\product.php(18): CodeIgniter\Debug\Exceptions->errorHandler(2, 'foreach() argum...', 'C:\\xampp\\htdocs...', 18)
#1 C:\xampp\htdocs\ginsadv\system\View\View.php(210): include('C:\\xampp\\htdocs...')
#2 C:\xampp\htdocs\ginsadv\system\View\View.php(213): CodeIgniter\View\View->CodeIgniter\View\{closure}()
#3 C:\xampp\htdocs\ginsadv\system\Common.php(1089): CodeIgniter\View\View->render('product', Array, true)
#4 C:\xampp\htdocs\ginsadv\app\Views\layouts\content.php(4): view('product')
#5 C:\xampp\htdocs\ginsadv\system\View\View.php(210): include('C:\\xampp\\htdocs...')
#6 C:\xampp\htdocs\ginsadv\system\View\View.php(213): CodeIgniter\View\View->CodeIgniter\View\{closure}()
#7 C:\xampp\htdocs\ginsadv\system\Common.php(1089): CodeIgniter\View\View->render('layouts/content', Array, true)
#8 C:\xampp\htdocs\ginsadv\app\Views\layouts\layout_home.php(6): view('layouts/content')
#9 C:\xampp\htdocs\ginsadv\system\View\View.php(210): include('C:\\xampp\\htdocs...')
#10 C:\xampp\htdocs\ginsadv\system\View\View.php(213): CodeIgniter\View\View->CodeIgniter\View\{closure}()
#11 C:\xampp\htdocs\ginsadv\system\Common.php(1089): CodeIgniter\View\View->render('layouts/layout_...', Array, true)
#12 C:\xampp\htdocs\ginsadv\app\Controllers\Product.php(30): view('layouts/layout_...', Array)
#13 C:\xampp\htdocs\ginsadv\system\CodeIgniter.php(832): App\Controllers\Product->index()
#14 C:\xampp\htdocs\ginsadv\system\CodeIgniter.php(419): CodeIgniter\CodeIgniter->runController(Object(App\Controllers\Product))
#15 C:\xampp\htdocs\ginsadv\system\CodeIgniter.php(326): CodeIgniter\CodeIgniter->handleRequest(NULL, Object(Config\Cache), false)
#16 C:\xampp\htdocs\ginsadv\public\index.php(37): CodeIgniter\CodeIgniter->run()
#17 C:\xampp\htdocs\ginsadv\system\Commands\Server\rewrite.php(43): require_once('C:\\xampp\\htdocs...')
#18 {main}
