ERROR - 2023-11-30 21:28:02 --> Error connecting to the database: Unknown database 'tugasku'
CRITICAL - 2023-11-30 21:28:02 --> Unable to connect to the database.
Main connection [MySQLi]: Unknown database 'tugasku'
#0 C:\xampp\htdocs\shop\system\Database\BaseConnection.php(577): CodeIgniter\Database\BaseConnection->initialize()
#1 C:\xampp\htdocs\shop\system\Database\BaseBuilder.php(1455): CodeIgniter\Database\BaseConnection->query('SELECT *\nFROM `...', Array, false)
#2 C:\xampp\htdocs\shop\system\Model.php(210): CodeIgniter\Database\BaseBuilder->get()
#3 C:\xampp\htdocs\shop\system\BaseModel.php(622): CodeIgniter\Model->doFirst()
#4 C:\xampp\htdocs\shop\app\Validation\Userrules.php(13): CodeIgniter\BaseModel->first()
#5 C:\xampp\htdocs\shop\system\Validation\Validation.php(292): App\Validation\Userrules->validateUser('admin123', 'username,passwo...', Array, NULL)
#6 C:\xampp\htdocs\shop\system\Validation\Validation.php(157): CodeIgniter\Validation\Validation->processRules('password', 'password', 'admin123', Array, Array)
#7 C:\xampp\htdocs\shop\system\Controller.php(160): CodeIgniter\Validation\Validation->run()
#8 C:\xampp\htdocs\shop\app\Controllers\Auth.php(32): CodeIgniter\Controller->validate(Array, Array)
#9 C:\xampp\htdocs\shop\system\CodeIgniter.php(832): App\Controllers\Auth->Login()
#10 C:\xampp\htdocs\shop\system\CodeIgniter.php(419): CodeIgniter\CodeIgniter->runController(Object(App\Controllers\Auth))
#11 C:\xampp\htdocs\shop\system\CodeIgniter.php(326): CodeIgniter\CodeIgniter->handleRequest(NULL, Object(Config\Cache), false)
#12 C:\xampp\htdocs\shop\public\index.php(37): CodeIgniter\CodeIgniter->run()
#13 C:\xampp\htdocs\shop\system\Commands\Server\rewrite.php(43): require_once('C:\\xampp\\htdocs...')
#14 {main}
CRITICAL - 2023-11-30 21:28:33 --> Invalid file: partial/sidebar.php
#0 C:\xampp\htdocs\shop\system\View\View.php(198): CodeIgniter\Exceptions\FrameworkException::forInvalidFile('partial/sidebar...')
#1 C:\xampp\htdocs\shop\system\View\View.php(424): CodeIgniter\View\View->render('partial/sidebar', NULL, true)
#2 C:\xampp\htdocs\shop\app\Views\layouts\admin.php(25): CodeIgniter\View\View->include('partial/sidebar')
#3 C:\xampp\htdocs\shop\system\View\View.php(210): include('C:\\xampp\\htdocs...')
#4 C:\xampp\htdocs\shop\system\View\View.php(213): CodeIgniter\View\View->CodeIgniter\View\{closure}()
#5 C:\xampp\htdocs\shop\system\View\View.php(226): CodeIgniter\View\View->render('layouts/admin', Array, true)
#6 C:\xampp\htdocs\shop\system\Common.php(1089): CodeIgniter\View\View->render('Admin/Dashboard', Array, true)
#7 C:\xampp\htdocs\shop\app\Controllers\Admin.php(26): view('Admin/Dashboard', Array)
#8 C:\xampp\htdocs\shop\system\CodeIgniter.php(832): App\Controllers\Admin->index()
#9 C:\xampp\htdocs\shop\system\CodeIgniter.php(419): CodeIgniter\CodeIgniter->runController(Object(App\Controllers\Admin))
#10 C:\xampp\htdocs\shop\system\CodeIgniter.php(326): CodeIgniter\CodeIgniter->handleRequest(NULL, Object(Config\Cache), false)
#11 C:\xampp\htdocs\shop\public\index.php(37): CodeIgniter\CodeIgniter->run()
#12 C:\xampp\htdocs\shop\system\Commands\Server\rewrite.php(43): require_once('C:\\xampp\\htdocs...')
#13 {main}
