CRITICAL - 2023-12-08 04:23:18 --> Undefined variable: currentPage
#0 C:\xampp\htdocs\ginsadv\app\Views\home.php(108): CodeIgniter\Debug\Exceptions->errorHandler(8, 'Undefined varia...', 'C:\\xampp\\htdocs...', 108, Array)
#1 C:\xampp\htdocs\ginsadv\system\View\View.php(210): include('C:\\xampp\\htdocs...')
#2 C:\xampp\htdocs\ginsadv\system\View\View.php(213): CodeIgniter\View\View->CodeIgniter\View\{closure}()
#3 C:\xampp\htdocs\ginsadv\system\Common.php(1089): CodeIgniter\View\View->render('home', Array, true)
#4 C:\xampp\htdocs\ginsadv\app\Views\layouts\content.php(4): view('home')
#5 C:\xampp\htdocs\ginsadv\system\View\View.php(210): include('C:\\xampp\\htdocs...')
#6 C:\xampp\htdocs\ginsadv\system\View\View.php(213): CodeIgniter\View\View->CodeIgniter\View\{closure}()
#7 C:\xampp\htdocs\ginsadv\system\Common.php(1089): CodeIgniter\View\View->render('layouts/content', Array, true)
#8 C:\xampp\htdocs\ginsadv\app\Views\layouts\layout_home.php(6): view('layouts/content')
#9 C:\xampp\htdocs\ginsadv\system\View\View.php(210): include('C:\\xampp\\htdocs...')
#10 C:\xampp\htdocs\ginsadv\system\View\View.php(213): CodeIgniter\View\View->CodeIgniter\View\{closure}()
#11 C:\xampp\htdocs\ginsadv\system\Common.php(1089): CodeIgniter\View\View->render('layouts/layout_...', Array, true)
#12 C:\xampp\htdocs\ginsadv\app\Controllers\Home.php(15): view('layouts/layout_...', Array)
#13 C:\xampp\htdocs\ginsadv\system\CodeIgniter.php(832): App\Controllers\Home->index()
#14 C:\xampp\htdocs\ginsadv\system\CodeIgniter.php(419): CodeIgniter\CodeIgniter->runController(Object(App\Controllers\Home))
#15 C:\xampp\htdocs\ginsadv\system\CodeIgniter.php(326): CodeIgniter\CodeIgniter->handleRequest(NULL, Object(Config\Cache), false)
#16 C:\xampp\htdocs\ginsadv\public\index.php(37): CodeIgniter\CodeIgniter->run()
#17 C:\xampp\htdocs\ginsadv\system\Commands\Server\rewrite.php(43): require_once('C:\\xampp\\htdocs...')
#18 {main}
CRITICAL - 2023-12-08 04:25:49 --> Call to a member function where() on array
#0 C:\xampp\htdocs\ginsadv\system\CodeIgniter.php(832): App\Controllers\Home->index()
#1 C:\xampp\htdocs\ginsadv\system\CodeIgniter.php(419): CodeIgniter\CodeIgniter->runController(Object(App\Controllers\Home))
#2 C:\xampp\htdocs\ginsadv\system\CodeIgniter.php(326): CodeIgniter\CodeIgniter->handleRequest(NULL, Object(Config\Cache), false)
#3 C:\xampp\htdocs\ginsadv\public\index.php(37): CodeIgniter\CodeIgniter->run()
#4 C:\xampp\htdocs\ginsadv\system\Commands\Server\rewrite.php(43): require_once('C:\\xampp\\htdocs...')
#5 {main}
CRITICAL - 2023-12-08 04:26:08 --> Trying to access array offset on value of type null
#0 C:\xampp\htdocs\ginsadv\app\Views\home.php(113): CodeIgniter\Debug\Exceptions->errorHandler(8, 'Trying to acces...', 'C:\\xampp\\htdocs...', 113, Array)
#1 C:\xampp\htdocs\ginsadv\system\View\View.php(210): include('C:\\xampp\\htdocs...')
#2 C:\xampp\htdocs\ginsadv\system\View\View.php(213): CodeIgniter\View\View->CodeIgniter\View\{closure}()
#3 C:\xampp\htdocs\ginsadv\system\Common.php(1089): CodeIgniter\View\View->render('home', Array, true)
#4 C:\xampp\htdocs\ginsadv\app\Views\layouts\content.php(4): view('home')
#5 C:\xampp\htdocs\ginsadv\system\View\View.php(210): include('C:\\xampp\\htdocs...')
#6 C:\xampp\htdocs\ginsadv\system\View\View.php(213): CodeIgniter\View\View->CodeIgniter\View\{closure}()
#7 C:\xampp\htdocs\ginsadv\system\Common.php(1089): CodeIgniter\View\View->render('layouts/content', Array, true)
#8 C:\xampp\htdocs\ginsadv\app\Views\layouts\layout_home.php(6): view('layouts/content')
#9 C:\xampp\htdocs\ginsadv\system\View\View.php(210): include('C:\\xampp\\htdocs...')
#10 C:\xampp\htdocs\ginsadv\system\View\View.php(213): CodeIgniter\View\View->CodeIgniter\View\{closure}()
#11 C:\xampp\htdocs\ginsadv\system\Common.php(1089): CodeIgniter\View\View->render('layouts/layout_...', Array, true)
#12 C:\xampp\htdocs\ginsadv\app\Controllers\Home.php(20): view('layouts/layout_...', Array)
#13 C:\xampp\htdocs\ginsadv\system\CodeIgniter.php(832): App\Controllers\Home->index()
#14 C:\xampp\htdocs\ginsadv\system\CodeIgniter.php(419): CodeIgniter\CodeIgniter->runController(Object(App\Controllers\Home))
#15 C:\xampp\htdocs\ginsadv\system\CodeIgniter.php(326): CodeIgniter\CodeIgniter->handleRequest(NULL, Object(Config\Cache), false)
#16 C:\xampp\htdocs\ginsadv\public\index.php(37): CodeIgniter\CodeIgniter->run()
#17 C:\xampp\htdocs\ginsadv\system\Commands\Server\rewrite.php(43): require_once('C:\\xampp\\htdocs...')
#18 {main}
CRITICAL - 2023-12-08 04:26:24 --> Illegal string offset 'nama_produk'
#0 C:\xampp\htdocs\ginsadv\app\Views\home.php(113): CodeIgniter\Debug\Exceptions->errorHandler(2, 'Illegal string ...', 'C:\\xampp\\htdocs...', 113, Array)
#1 C:\xampp\htdocs\ginsadv\system\View\View.php(210): include('C:\\xampp\\htdocs...')
#2 C:\xampp\htdocs\ginsadv\system\View\View.php(213): CodeIgniter\View\View->CodeIgniter\View\{closure}()
#3 C:\xampp\htdocs\ginsadv\system\Common.php(1089): CodeIgniter\View\View->render('home', Array, true)
#4 C:\xampp\htdocs\ginsadv\app\Views\layouts\content.php(4): view('home')
#5 C:\xampp\htdocs\ginsadv\system\View\View.php(210): include('C:\\xampp\\htdocs...')
#6 C:\xampp\htdocs\ginsadv\system\View\View.php(213): CodeIgniter\View\View->CodeIgniter\View\{closure}()
#7 C:\xampp\htdocs\ginsadv\system\Common.php(1089): CodeIgniter\View\View->render('layouts/content', Array, true)
#8 C:\xampp\htdocs\ginsadv\app\Views\layouts\layout_home.php(6): view('layouts/content')
#9 C:\xampp\htdocs\ginsadv\system\View\View.php(210): include('C:\\xampp\\htdocs...')
#10 C:\xampp\htdocs\ginsadv\system\View\View.php(213): CodeIgniter\View\View->CodeIgniter\View\{closure}()
#11 C:\xampp\htdocs\ginsadv\system\Common.php(1089): CodeIgniter\View\View->render('layouts/layout_...', Array, true)
#12 C:\xampp\htdocs\ginsadv\app\Controllers\Home.php(20): view('layouts/layout_...', Array)
#13 C:\xampp\htdocs\ginsadv\system\CodeIgniter.php(832): App\Controllers\Home->index()
#14 C:\xampp\htdocs\ginsadv\system\CodeIgniter.php(419): CodeIgniter\CodeIgniter->runController(Object(App\Controllers\Home))
#15 C:\xampp\htdocs\ginsadv\system\CodeIgniter.php(326): CodeIgniter\CodeIgniter->handleRequest(NULL, Object(Config\Cache), false)
#16 C:\xampp\htdocs\ginsadv\public\index.php(37): CodeIgniter\CodeIgniter->run()
#17 C:\xampp\htdocs\ginsadv\system\Commands\Server\rewrite.php(43): require_once('C:\\xampp\\htdocs...')
#18 {main}
CRITICAL - 2023-12-08 04:26:45 --> Call to undefined method App\Models\UlasanModel::getResultArray
#0 C:\xampp\htdocs\ginsadv\app\Controllers\Home.php(18): CodeIgniter\Model->__call('getResultArray', Array)
#1 C:\xampp\htdocs\ginsadv\system\CodeIgniter.php(832): App\Controllers\Home->index()
#2 C:\xampp\htdocs\ginsadv\system\CodeIgniter.php(419): CodeIgniter\CodeIgniter->runController(Object(App\Controllers\Home))
#3 C:\xampp\htdocs\ginsadv\system\CodeIgniter.php(326): CodeIgniter\CodeIgniter->handleRequest(NULL, Object(Config\Cache), false)
#4 C:\xampp\htdocs\ginsadv\public\index.php(37): CodeIgniter\CodeIgniter->run()
#5 C:\xampp\htdocs\ginsadv\system\Commands\Server\rewrite.php(43): require_once('C:\\xampp\\htdocs...')
#6 {main}
CRITICAL - 2023-12-08 04:27:27 --> Undefined index: nama_produk
#0 C:\xampp\htdocs\ginsadv\app\Views\home.php(113): CodeIgniter\Debug\Exceptions->errorHandler(8, 'Undefined index...', 'C:\\xampp\\htdocs...', 113, Array)
#1 C:\xampp\htdocs\ginsadv\system\View\View.php(210): include('C:\\xampp\\htdocs...')
#2 C:\xampp\htdocs\ginsadv\system\View\View.php(213): CodeIgniter\View\View->CodeIgniter\View\{closure}()
#3 C:\xampp\htdocs\ginsadv\system\Common.php(1089): CodeIgniter\View\View->render('home', Array, true)
#4 C:\xampp\htdocs\ginsadv\app\Views\layouts\content.php(4): view('home')
#5 C:\xampp\htdocs\ginsadv\system\View\View.php(210): include('C:\\xampp\\htdocs...')
#6 C:\xampp\htdocs\ginsadv\system\View\View.php(213): CodeIgniter\View\View->CodeIgniter\View\{closure}()
#7 C:\xampp\htdocs\ginsadv\system\Common.php(1089): CodeIgniter\View\View->render('layouts/content', Array, true)
#8 C:\xampp\htdocs\ginsadv\app\Views\layouts\layout_home.php(6): view('layouts/content')
#9 C:\xampp\htdocs\ginsadv\system\View\View.php(210): include('C:\\xampp\\htdocs...')
#10 C:\xampp\htdocs\ginsadv\system\View\View.php(213): CodeIgniter\View\View->CodeIgniter\View\{closure}()
#11 C:\xampp\htdocs\ginsadv\system\Common.php(1089): CodeIgniter\View\View->render('layouts/layout_...', Array, true)
#12 C:\xampp\htdocs\ginsadv\app\Controllers\Home.php(20): view('layouts/layout_...', Array)
#13 C:\xampp\htdocs\ginsadv\system\CodeIgniter.php(832): App\Controllers\Home->index()
#14 C:\xampp\htdocs\ginsadv\system\CodeIgniter.php(419): CodeIgniter\CodeIgniter->runController(Object(App\Controllers\Home))
#15 C:\xampp\htdocs\ginsadv\system\CodeIgniter.php(326): CodeIgniter\CodeIgniter->handleRequest(NULL, Object(Config\Cache), false)
#16 C:\xampp\htdocs\ginsadv\public\index.php(37): CodeIgniter\CodeIgniter->run()
#17 C:\xampp\htdocs\ginsadv\system\Commands\Server\rewrite.php(43): require_once('C:\\xampp\\htdocs...')
#18 {main}
CRITICAL - 2023-12-08 04:30:23 --> Trying to access array offset on value of type null
#0 C:\xampp\htdocs\ginsadv\app\Views\home.php(113): CodeIgniter\Debug\Exceptions->errorHandler(8, 'Trying to acces...', 'C:\\xampp\\htdocs...', 113, Array)
#1 C:\xampp\htdocs\ginsadv\system\View\View.php(210): include('C:\\xampp\\htdocs...')
#2 C:\xampp\htdocs\ginsadv\system\View\View.php(213): CodeIgniter\View\View->CodeIgniter\View\{closure}()
#3 C:\xampp\htdocs\ginsadv\system\Common.php(1089): CodeIgniter\View\View->render('home', Array, true)
#4 C:\xampp\htdocs\ginsadv\app\Views\layouts\content.php(4): view('home')
#5 C:\xampp\htdocs\ginsadv\system\View\View.php(210): include('C:\\xampp\\htdocs...')
#6 C:\xampp\htdocs\ginsadv\system\View\View.php(213): CodeIgniter\View\View->CodeIgniter\View\{closure}()
#7 C:\xampp\htdocs\ginsadv\system\Common.php(1089): CodeIgniter\View\View->render('layouts/content', Array, true)
#8 C:\xampp\htdocs\ginsadv\app\Views\layouts\layout_home.php(6): view('layouts/content')
#9 C:\xampp\htdocs\ginsadv\system\View\View.php(210): include('C:\\xampp\\htdocs...')
#10 C:\xampp\htdocs\ginsadv\system\View\View.php(213): CodeIgniter\View\View->CodeIgniter\View\{closure}()
#11 C:\xampp\htdocs\ginsadv\system\Common.php(1089): CodeIgniter\View\View->render('layouts/layout_...', Array, true)
#12 C:\xampp\htdocs\ginsadv\app\Controllers\Home.php(20): view('layouts/layout_...', Array)
#13 C:\xampp\htdocs\ginsadv\system\CodeIgniter.php(832): App\Controllers\Home->index()
#14 C:\xampp\htdocs\ginsadv\system\CodeIgniter.php(419): CodeIgniter\CodeIgniter->runController(Object(App\Controllers\Home))
#15 C:\xampp\htdocs\ginsadv\system\CodeIgniter.php(326): CodeIgniter\CodeIgniter->handleRequest(NULL, Object(Config\Cache), false)
#16 C:\xampp\htdocs\ginsadv\public\index.php(37): CodeIgniter\CodeIgniter->run()
#17 C:\xampp\htdocs\ginsadv\system\Commands\Server\rewrite.php(43): require_once('C:\\xampp\\htdocs...')
#18 {main}
CRITICAL - 2023-12-08 04:55:11 --> Invalid file: auth.php
#0 C:\xampp\htdocs\ginsadv\system\View\View.php(198): CodeIgniter\Exceptions\FrameworkException::forInvalidFile('auth.php')
#1 C:\xampp\htdocs\ginsadv\system\Common.php(1089): CodeIgniter\View\View->render('auth', Array, true)
#2 C:\xampp\htdocs\ginsadv\app\Controllers\Auth.php(60): view('auth')
#3 C:\xampp\htdocs\ginsadv\system\CodeIgniter.php(832): App\Controllers\Auth->Login()
#4 C:\xampp\htdocs\ginsadv\system\CodeIgniter.php(419): CodeIgniter\CodeIgniter->runController(Object(App\Controllers\Auth))
#5 C:\xampp\htdocs\ginsadv\system\CodeIgniter.php(326): CodeIgniter\CodeIgniter->handleRequest(NULL, Object(Config\Cache), false)
#6 C:\xampp\htdocs\ginsadv\public\index.php(37): CodeIgniter\CodeIgniter->run()
#7 C:\xampp\htdocs\ginsadv\system\Commands\Server\rewrite.php(43): require_once('C:\\xampp\\htdocs...')
#8 {main}
CRITICAL - 2023-12-08 04:57:53 --> Invalid file: auth.php
#0 C:\xampp\htdocs\ginsadv\system\View\View.php(198): CodeIgniter\Exceptions\FrameworkException::forInvalidFile('auth.php')
#1 C:\xampp\htdocs\ginsadv\system\Common.php(1089): CodeIgniter\View\View->render('auth', Array, true)
#2 C:\xampp\htdocs\ginsadv\app\Controllers\Auth.php(39): view('auth', Array)
#3 C:\xampp\htdocs\ginsadv\system\CodeIgniter.php(832): App\Controllers\Auth->Login()
#4 C:\xampp\htdocs\ginsadv\system\CodeIgniter.php(419): CodeIgniter\CodeIgniter->runController(Object(App\Controllers\Auth))
#5 C:\xampp\htdocs\ginsadv\system\CodeIgniter.php(326): CodeIgniter\CodeIgniter->handleRequest(NULL, Object(Config\Cache), false)
#6 C:\xampp\htdocs\ginsadv\public\index.php(37): CodeIgniter\CodeIgniter->run()
#7 C:\xampp\htdocs\ginsadv\system\Commands\Server\rewrite.php(43): require_once('C:\\xampp\\htdocs...')
#8 {main}
CRITICAL - 2023-12-08 04:58:24 --> Invalid file: Auth.php
#0 C:\xampp\htdocs\ginsadv\system\View\View.php(198): CodeIgniter\Exceptions\FrameworkException::forInvalidFile('Auth.php')
#1 C:\xampp\htdocs\ginsadv\system\Common.php(1089): CodeIgniter\View\View->render('Auth', Array, true)
#2 C:\xampp\htdocs\ginsadv\app\Controllers\Auth.php(39): view('Auth', Array)
#3 C:\xampp\htdocs\ginsadv\system\CodeIgniter.php(832): App\Controllers\Auth->Login()
#4 C:\xampp\htdocs\ginsadv\system\CodeIgniter.php(419): CodeIgniter\CodeIgniter->runController(Object(App\Controllers\Auth))
#5 C:\xampp\htdocs\ginsadv\system\CodeIgniter.php(326): CodeIgniter\CodeIgniter->handleRequest(NULL, Object(Config\Cache), false)
#6 C:\xampp\htdocs\ginsadv\public\index.php(37): CodeIgniter\CodeIgniter->run()
#7 C:\xampp\htdocs\ginsadv\system\Commands\Server\rewrite.php(43): require_once('C:\\xampp\\htdocs...')
#8 {main}
CRITICAL - 2023-12-08 05:03:12 --> Invalid file: #.php
#0 C:\xampp\htdocs\ginsadv\system\View\View.php(198): CodeIgniter\Exceptions\FrameworkException::forInvalidFile('#.php')
#1 C:\xampp\htdocs\ginsadv\system\Common.php(1089): CodeIgniter\View\View->render('#', Array, true)
#2 C:\xampp\htdocs\ginsadv\app\Controllers\Auth.php(39): view('#', Array)
#3 C:\xampp\htdocs\ginsadv\system\CodeIgniter.php(832): App\Controllers\Auth->Login()
#4 C:\xampp\htdocs\ginsadv\system\CodeIgniter.php(419): CodeIgniter\CodeIgniter->runController(Object(App\Controllers\Auth))
#5 C:\xampp\htdocs\ginsadv\system\CodeIgniter.php(326): CodeIgniter\CodeIgniter->handleRequest(NULL, Object(Config\Cache), false)
#6 C:\xampp\htdocs\ginsadv\public\index.php(37): CodeIgniter\CodeIgniter->run()
#7 C:\xampp\htdocs\ginsadv\system\Commands\Server\rewrite.php(43): require_once('C:\\xampp\\htdocs...')
#8 {main}
CRITICAL - 2023-12-08 05:04:20 --> Invalid file: .php
#0 C:\xampp\htdocs\ginsadv\system\View\View.php(198): CodeIgniter\Exceptions\FrameworkException::forInvalidFile('.php')
#1 C:\xampp\htdocs\ginsadv\system\Common.php(1089): CodeIgniter\View\View->render('', Array, true)
#2 C:\xampp\htdocs\ginsadv\app\Controllers\Auth.php(39): view('', Array)
#3 C:\xampp\htdocs\ginsadv\system\CodeIgniter.php(832): App\Controllers\Auth->Login()
#4 C:\xampp\htdocs\ginsadv\system\CodeIgniter.php(419): CodeIgniter\CodeIgniter->runController(Object(App\Controllers\Auth))
#5 C:\xampp\htdocs\ginsadv\system\CodeIgniter.php(326): CodeIgniter\CodeIgniter->handleRequest(NULL, Object(Config\Cache), false)
#6 C:\xampp\htdocs\ginsadv\public\index.php(37): CodeIgniter\CodeIgniter->run()
#7 C:\xampp\htdocs\ginsadv\system\Commands\Server\rewrite.php(43): require_once('C:\\xampp\\htdocs...')
#8 {main}
ERROR - 2023-12-08 05:24:14 --> Error connecting to the database: No connection could be made because the target machine actively refused it.

CRITICAL - 2023-12-08 05:24:14 --> Unable to connect to the database.
Main connection [MySQLi]: No connection could be made because the target machine actively refused it.

#0 C:\xampp\htdocs\ginsadv\system\Database\BaseConnection.php(577): CodeIgniter\Database\BaseConnection->initialize()
#1 C:\xampp\htdocs\ginsadv\system\Database\BaseBuilder.php(1539): CodeIgniter\Database\BaseConnection->query('SELECT COUNT(*)...', Array, false)
#2 C:\xampp\htdocs\ginsadv\system\Model.php(509): CodeIgniter\Database\BaseBuilder->countAllResults(false)
#3 C:\xampp\htdocs\ginsadv\system\BaseModel.php(1084): CodeIgniter\Model->countAllResults(false)
#4 C:\xampp\htdocs\ginsadv\app\Models\UlasanModel.php(46): CodeIgniter\BaseModel->paginate(3, 'review_produk')
#5 C:\xampp\htdocs\ginsadv\app\Controllers\Home.php(18): App\Models\UlasanModel->getReviewHome(3)
#6 C:\xampp\htdocs\ginsadv\system\CodeIgniter.php(832): App\Controllers\Home->index()
#7 C:\xampp\htdocs\ginsadv\system\CodeIgniter.php(419): CodeIgniter\CodeIgniter->runController(Object(App\Controllers\Home))
#8 C:\xampp\htdocs\ginsadv\system\CodeIgniter.php(326): CodeIgniter\CodeIgniter->handleRequest(NULL, Object(Config\Cache), false)
#9 C:\xampp\htdocs\ginsadv\public\index.php(37): CodeIgniter\CodeIgniter->run()
#10 C:\xampp\htdocs\ginsadv\system\Commands\Server\rewrite.php(43): require_once('C:\\xampp\\htdocs...')
#11 {main}
CRITICAL - 2023-12-08 05:29:48 --> Invalid file: .php
#0 C:\xampp\htdocs\ginsadv\system\View\View.php(198): CodeIgniter\Exceptions\FrameworkException::forInvalidFile('.php')
#1 C:\xampp\htdocs\ginsadv\system\Common.php(1089): CodeIgniter\View\View->render('', Array, true)
#2 C:\xampp\htdocs\ginsadv\app\Controllers\Auth.php(39): view('', Array)
#3 C:\xampp\htdocs\ginsadv\system\CodeIgniter.php(832): App\Controllers\Auth->Login()
#4 C:\xampp\htdocs\ginsadv\system\CodeIgniter.php(419): CodeIgniter\CodeIgniter->runController(Object(App\Controllers\Auth))
#5 C:\xampp\htdocs\ginsadv\system\CodeIgniter.php(326): CodeIgniter\CodeIgniter->handleRequest(NULL, Object(Config\Cache), false)
#6 C:\xampp\htdocs\ginsadv\public\index.php(37): CodeIgniter\CodeIgniter->run()
#7 C:\xampp\htdocs\ginsadv\system\Commands\Server\rewrite.php(43): require_once('C:\\xampp\\htdocs...')
#8 {main}
CRITICAL - 2023-12-08 05:30:46 --> Undefined variable: isi
#0 C:\xampp\htdocs\ginsadv\app\Views\layouts\content.php(3): CodeIgniter\Debug\Exceptions->errorHandler(8, 'Undefined varia...', 'C:\\xampp\\htdocs...', 3, Array)
#1 C:\xampp\htdocs\ginsadv\system\View\View.php(210): include('C:\\xampp\\htdocs...')
#2 C:\xampp\htdocs\ginsadv\system\View\View.php(213): CodeIgniter\View\View->CodeIgniter\View\{closure}()
#3 C:\xampp\htdocs\ginsadv\system\Common.php(1089): CodeIgniter\View\View->render('layouts/content', Array, true)
#4 C:\xampp\htdocs\ginsadv\app\Views\layouts\layout_login.php(3): view('layouts/content')
#5 C:\xampp\htdocs\ginsadv\system\View\View.php(210): include('C:\\xampp\\htdocs...')
#6 C:\xampp\htdocs\ginsadv\system\View\View.php(213): CodeIgniter\View\View->CodeIgniter\View\{closure}()
#7 C:\xampp\htdocs\ginsadv\system\Common.php(1089): CodeIgniter\View\View->render('layouts/layout_...', Array, true)
#8 C:\xampp\htdocs\ginsadv\app\Controllers\Auth.php(39): view('layouts/layout_...', Array)
#9 C:\xampp\htdocs\ginsadv\system\CodeIgniter.php(832): App\Controllers\Auth->Login()
#10 C:\xampp\htdocs\ginsadv\system\CodeIgniter.php(419): CodeIgniter\CodeIgniter->runController(Object(App\Controllers\Auth))
#11 C:\xampp\htdocs\ginsadv\system\CodeIgniter.php(326): CodeIgniter\CodeIgniter->handleRequest(NULL, Object(Config\Cache), false)
#12 C:\xampp\htdocs\ginsadv\public\index.php(37): CodeIgniter\CodeIgniter->run()
#13 C:\xampp\htdocs\ginsadv\system\Commands\Server\rewrite.php(43): require_once('C:\\xampp\\htdocs...')
#14 {main}
CRITICAL - 2023-12-08 05:31:46 --> Undefined variable: isi
#0 C:\xampp\htdocs\ginsadv\app\Views\layouts\content.php(3): CodeIgniter\Debug\Exceptions->errorHandler(8, 'Undefined varia...', 'C:\\xampp\\htdocs...', 3, Array)
#1 C:\xampp\htdocs\ginsadv\system\View\View.php(210): include('C:\\xampp\\htdocs...')
#2 C:\xampp\htdocs\ginsadv\system\View\View.php(213): CodeIgniter\View\View->CodeIgniter\View\{closure}()
#3 C:\xampp\htdocs\ginsadv\system\Common.php(1089): CodeIgniter\View\View->render('layouts/content', Array, true)
#4 C:\xampp\htdocs\ginsadv\app\Views\layouts\layout_login.php(3): view('layouts/content')
#5 C:\xampp\htdocs\ginsadv\system\View\View.php(210): include('C:\\xampp\\htdocs...')
#6 C:\xampp\htdocs\ginsadv\system\View\View.php(213): CodeIgniter\View\View->CodeIgniter\View\{closure}()
#7 C:\xampp\htdocs\ginsadv\system\Common.php(1089): CodeIgniter\View\View->render('layouts/layout_...', Array, true)
#8 C:\xampp\htdocs\ginsadv\app\Controllers\Auth.php(43): view('layouts/layout_...', Array)
#9 C:\xampp\htdocs\ginsadv\system\CodeIgniter.php(832): App\Controllers\Auth->Login()
#10 C:\xampp\htdocs\ginsadv\system\CodeIgniter.php(419): CodeIgniter\CodeIgniter->runController(Object(App\Controllers\Auth))
#11 C:\xampp\htdocs\ginsadv\system\CodeIgniter.php(326): CodeIgniter\CodeIgniter->handleRequest(NULL, Object(Config\Cache), false)
#12 C:\xampp\htdocs\ginsadv\public\index.php(37): CodeIgniter\CodeIgniter->run()
#13 C:\xampp\htdocs\ginsadv\system\Commands\Server\rewrite.php(43): require_once('C:\\xampp\\htdocs...')
#14 {main}
ERROR - 2023-12-08 06:05:31 --> Cannot delete or update a parent row: a foreign key constraint fails (`ginsadv`.`ulasan_produk`, CONSTRAINT `ulasan_produk_ibfk_1` FOREIGN KEY (`id_produk`) REFERENCES `produk` (`id_produk`))
CRITICAL - 2023-12-08 06:05:31 --> Cannot delete or update a parent row: a foreign key constraint fails (`ginsadv`.`ulasan_produk`, CONSTRAINT `ulasan_produk_ibfk_1` FOREIGN KEY (`id_produk`) REFERENCES `produk` (`id_produk`))
#0 C:\xampp\htdocs\ginsadv\system\Database\MySQLi\Connection.php(292): mysqli->query('DELETE FROM `pr...', 0)
#1 C:\xampp\htdocs\ginsadv\system\Database\BaseConnection.php(670): CodeIgniter\Database\MySQLi\Connection->execute('DELETE FROM `pr...')
#2 C:\xampp\htdocs\ginsadv\system\Database\BaseConnection.php(598): CodeIgniter\Database\BaseConnection->simpleQuery('DELETE FROM `pr...')
#3 C:\xampp\htdocs\ginsadv\system\Database\BaseBuilder.php(2225): CodeIgniter\Database\BaseConnection->query('DELETE FROM `pr...', Array, false)
#4 C:\xampp\htdocs\ginsadv\system\Model.php(359): CodeIgniter\Database\BaseBuilder->delete()
#5 C:\xampp\htdocs\ginsadv\system\BaseModel.php(963): CodeIgniter\Model->doDelete(Array, false)
#6 C:\xampp\htdocs\ginsadv\app\Controllers\Admin.php(138): CodeIgniter\BaseModel->delete(Array)
#7 C:\xampp\htdocs\ginsadv\system\CodeIgniter.php(832): App\Controllers\Admin->hapus('16')
#8 C:\xampp\htdocs\ginsadv\system\CodeIgniter.php(419): CodeIgniter\CodeIgniter->runController(Object(App\Controllers\Admin))
#9 C:\xampp\htdocs\ginsadv\system\CodeIgniter.php(326): CodeIgniter\CodeIgniter->handleRequest(NULL, Object(Config\Cache), false)
#10 C:\xampp\htdocs\ginsadv\public\index.php(37): CodeIgniter\CodeIgniter->run()
#11 C:\xampp\htdocs\ginsadv\system\Commands\Server\rewrite.php(43): require_once('C:\\xampp\\htdocs...')
#12 {main}
ERROR - 2023-12-08 06:06:05 --> Cannot delete or update a parent row: a foreign key constraint fails (`ginsadv`.`ulasan_produk`, CONSTRAINT `ulasan_produk_ibfk_1` FOREIGN KEY (`id_produk`) REFERENCES `produk` (`id_produk`))
CRITICAL - 2023-12-08 06:06:05 --> Cannot delete or update a parent row: a foreign key constraint fails (`ginsadv`.`ulasan_produk`, CONSTRAINT `ulasan_produk_ibfk_1` FOREIGN KEY (`id_produk`) REFERENCES `produk` (`id_produk`))
#0 C:\xampp\htdocs\ginsadv\system\Database\MySQLi\Connection.php(292): mysqli->query('DELETE FROM `pr...', 0)
#1 C:\xampp\htdocs\ginsadv\system\Database\BaseConnection.php(670): CodeIgniter\Database\MySQLi\Connection->execute('DELETE FROM `pr...')
#2 C:\xampp\htdocs\ginsadv\system\Database\BaseConnection.php(598): CodeIgniter\Database\BaseConnection->simpleQuery('DELETE FROM `pr...')
#3 C:\xampp\htdocs\ginsadv\system\Database\BaseBuilder.php(2225): CodeIgniter\Database\BaseConnection->query('DELETE FROM `pr...', Array, false)
#4 C:\xampp\htdocs\ginsadv\system\Model.php(359): CodeIgniter\Database\BaseBuilder->delete()
#5 C:\xampp\htdocs\ginsadv\system\BaseModel.php(963): CodeIgniter\Model->doDelete(Array, false)
#6 C:\xampp\htdocs\ginsadv\app\Controllers\Admin.php(138): CodeIgniter\BaseModel->delete(Array)
#7 C:\xampp\htdocs\ginsadv\system\CodeIgniter.php(832): App\Controllers\Admin->hapus('16')
#8 C:\xampp\htdocs\ginsadv\system\CodeIgniter.php(419): CodeIgniter\CodeIgniter->runController(Object(App\Controllers\Admin))
#9 C:\xampp\htdocs\ginsadv\system\CodeIgniter.php(326): CodeIgniter\CodeIgniter->handleRequest(NULL, Object(Config\Cache), false)
#10 C:\xampp\htdocs\ginsadv\public\index.php(37): CodeIgniter\CodeIgniter->run()
#11 C:\xampp\htdocs\ginsadv\system\Commands\Server\rewrite.php(43): require_once('C:\\xampp\\htdocs...')
#12 {main}
ERROR - 2023-12-08 06:06:16 --> Cannot delete or update a parent row: a foreign key constraint fails (`ginsadv`.`ulasan_produk`, CONSTRAINT `ulasan_produk_ibfk_1` FOREIGN KEY (`id_produk`) REFERENCES `produk` (`id_produk`))
CRITICAL - 2023-12-08 06:06:16 --> Cannot delete or update a parent row: a foreign key constraint fails (`ginsadv`.`ulasan_produk`, CONSTRAINT `ulasan_produk_ibfk_1` FOREIGN KEY (`id_produk`) REFERENCES `produk` (`id_produk`))
#0 C:\xampp\htdocs\ginsadv\system\Database\MySQLi\Connection.php(292): mysqli->query('DELETE FROM `pr...', 0)
#1 C:\xampp\htdocs\ginsadv\system\Database\BaseConnection.php(670): CodeIgniter\Database\MySQLi\Connection->execute('DELETE FROM `pr...')
#2 C:\xampp\htdocs\ginsadv\system\Database\BaseConnection.php(598): CodeIgniter\Database\BaseConnection->simpleQuery('DELETE FROM `pr...')
#3 C:\xampp\htdocs\ginsadv\system\Database\BaseBuilder.php(2225): CodeIgniter\Database\BaseConnection->query('DELETE FROM `pr...', Array, false)
#4 C:\xampp\htdocs\ginsadv\system\Model.php(359): CodeIgniter\Database\BaseBuilder->delete()
#5 C:\xampp\htdocs\ginsadv\system\BaseModel.php(963): CodeIgniter\Model->doDelete(Array, false)
#6 C:\xampp\htdocs\ginsadv\app\Controllers\Admin.php(138): CodeIgniter\BaseModel->delete(Array)
#7 C:\xampp\htdocs\ginsadv\system\CodeIgniter.php(832): App\Controllers\Admin->hapus('17')
#8 C:\xampp\htdocs\ginsadv\system\CodeIgniter.php(419): CodeIgniter\CodeIgniter->runController(Object(App\Controllers\Admin))
#9 C:\xampp\htdocs\ginsadv\system\CodeIgniter.php(326): CodeIgniter\CodeIgniter->handleRequest(NULL, Object(Config\Cache), false)
#10 C:\xampp\htdocs\ginsadv\public\index.php(37): CodeIgniter\CodeIgniter->run()
#11 C:\xampp\htdocs\ginsadv\system\Commands\Server\rewrite.php(43): require_once('C:\\xampp\\htdocs...')
#12 {main}
CRITICAL - 2023-12-08 06:16:36 --> Undefined variable: p
#0 C:\xampp\htdocs\ginsadv\app\Views\admin\kritik_saran.php(43): CodeIgniter\Debug\Exceptions->errorHandler(8, 'Undefined varia...', 'C:\\xampp\\htdocs...', 43, Array)
#1 C:\xampp\htdocs\ginsadv\system\View\View.php(210): include('C:\\xampp\\htdocs...')
#2 C:\xampp\htdocs\ginsadv\system\View\View.php(213): CodeIgniter\View\View->CodeIgniter\View\{closure}()
#3 C:\xampp\htdocs\ginsadv\system\Common.php(1089): CodeIgniter\View\View->render('Admin/kritik_sa...', Array, true)
#4 C:\xampp\htdocs\ginsadv\app\Controllers\Admin.php(160): view('Admin/kritik_sa...', Array)
#5 C:\xampp\htdocs\ginsadv\system\CodeIgniter.php(832): App\Controllers\Admin->kritikSaran()
#6 C:\xampp\htdocs\ginsadv\system\CodeIgniter.php(419): CodeIgniter\CodeIgniter->runController(Object(App\Controllers\Admin))
#7 C:\xampp\htdocs\ginsadv\system\CodeIgniter.php(326): CodeIgniter\CodeIgniter->handleRequest(NULL, Object(Config\Cache), false)
#8 C:\xampp\htdocs\ginsadv\public\index.php(37): CodeIgniter\CodeIgniter->run()
#9 C:\xampp\htdocs\ginsadv\system\Commands\Server\rewrite.php(43): require_once('C:\\xampp\\htdocs...')
#10 {main}
CRITICAL - 2023-12-08 06:28:03 --> unlink(assets/image/default.jpg): No such file or directory
#0 [internal function]: CodeIgniter\Debug\Exceptions->errorHandler(2, 'unlink(assets/i...', 'C:\\xampp\\htdocs...', 117, Array)
#1 C:\xampp\htdocs\ginsadv\app\Controllers\Admin.php(117): unlink('assets/image/de...')
#2 C:\xampp\htdocs\ginsadv\system\CodeIgniter.php(832): App\Controllers\Admin->edit()
#3 C:\xampp\htdocs\ginsadv\system\CodeIgniter.php(419): CodeIgniter\CodeIgniter->runController(Object(App\Controllers\Admin))
#4 C:\xampp\htdocs\ginsadv\system\CodeIgniter.php(326): CodeIgniter\CodeIgniter->handleRequest(NULL, Object(Config\Cache), false)
#5 C:\xampp\htdocs\ginsadv\public\index.php(37): CodeIgniter\CodeIgniter->run()
#6 C:\xampp\htdocs\ginsadv\system\Commands\Server\rewrite.php(43): require_once('C:\\xampp\\htdocs...')
#7 {main}
