CRITICAL - 2022-03-14 08:37:50 --> Trying to get property 'password' of non-object
#0 C:\xampp\htdocs\Tugasku\app\Controllers\Auth.php(24): CodeIgniter\Debug\Exceptions->errorHandler(8, 'Trying to get p...', 'C:\\xampp\\htdocs...', 24, Array)
#1 C:\xampp\htdocs\Tugasku\system\CodeIgniter.php(832): App\Controllers\Auth->Login()
#2 C:\xampp\htdocs\Tugasku\system\CodeIgniter.php(419): CodeIgniter\CodeIgniter->runController(Object(App\Controllers\Auth))
#3 C:\xampp\htdocs\Tugasku\system\CodeIgniter.php(326): CodeIgniter\CodeIgniter->handleRequest(NULL, Object(Config\Cache), false)
#4 C:\xampp\htdocs\Tugasku\public\index.php(37): CodeIgniter\CodeIgniter->run()
#5 C:\xampp\htdocs\Tugasku\system\Commands\Server\rewrite.php(43): require_once('C:\\xampp\\htdocs...')
#6 {main}
CRITICAL - 2022-03-14 08:40:12 --> Trying to get property 'password' of non-object
#0 C:\xampp\htdocs\Tugasku\app\Controllers\Auth.php(24): CodeIgniter\Debug\Exceptions->errorHandler(8, 'Trying to get p...', 'C:\\xampp\\htdocs...', 24, Array)
#1 C:\xampp\htdocs\Tugasku\system\CodeIgniter.php(832): App\Controllers\Auth->Login()
#2 C:\xampp\htdocs\Tugasku\system\CodeIgniter.php(419): CodeIgniter\CodeIgniter->runController(Object(App\Controllers\Auth))
#3 C:\xampp\htdocs\Tugasku\system\CodeIgniter.php(326): CodeIgniter\CodeIgniter->handleRequest(NULL, Object(Config\Cache), false)
#4 C:\xampp\htdocs\Tugasku\public\index.php(37): CodeIgniter\CodeIgniter->run()
#5 C:\xampp\htdocs\Tugasku\system\Commands\Server\rewrite.php(43): require_once('C:\\xampp\\htdocs...')
#6 {main}
CRITICAL - 2022-03-14 08:45:26 --> Call to undefined function akun()
#0 C:\xampp\htdocs\Tugasku\system\View\View.php(210): include()
#1 C:\xampp\htdocs\Tugasku\system\View\View.php(213): CodeIgniter\View\View->CodeIgniter\View\{closure}()
#2 C:\xampp\htdocs\Tugasku\system\View\View.php(424): CodeIgniter\View\View->render('layouts/compone...', NULL, true)
#3 C:\xampp\htdocs\Tugasku\app\Views\layouts\admin.php(30): CodeIgniter\View\View->include('layouts/compone...')
#4 C:\xampp\htdocs\Tugasku\system\View\View.php(210): include('C:\\xampp\\htdocs...')
#5 C:\xampp\htdocs\Tugasku\system\View\View.php(213): CodeIgniter\View\View->CodeIgniter\View\{closure}()
#6 C:\xampp\htdocs\Tugasku\system\View\View.php(226): CodeIgniter\View\View->render('layouts/admin', Array, true)
#7 C:\xampp\htdocs\Tugasku\system\Common.php(1089): CodeIgniter\View\View->render('Admin/Dashboard', Array, true)
#8 C:\xampp\htdocs\Tugasku\app\Controllers\Admin.php(46): view('Admin/Dashboard', Array)
#9 C:\xampp\htdocs\Tugasku\system\CodeIgniter.php(832): App\Controllers\Admin->index()
#10 C:\xampp\htdocs\Tugasku\system\CodeIgniter.php(419): CodeIgniter\CodeIgniter->runController(Object(App\Controllers\Admin))
#11 C:\xampp\htdocs\Tugasku\system\CodeIgniter.php(326): CodeIgniter\CodeIgniter->handleRequest(NULL, Object(Config\Cache), false)
#12 C:\xampp\htdocs\Tugasku\public\index.php(37): CodeIgniter\CodeIgniter->run()
#13 C:\xampp\htdocs\Tugasku\system\Commands\Server\rewrite.php(43): require_once('C:\\xampp\\htdocs...')
#14 {main}
CRITICAL - 2022-03-14 08:45:28 --> Call to undefined function akun()
#0 C:\xampp\htdocs\Tugasku\system\View\View.php(210): include()
#1 C:\xampp\htdocs\Tugasku\system\View\View.php(213): CodeIgniter\View\View->CodeIgniter\View\{closure}()
#2 C:\xampp\htdocs\Tugasku\system\View\View.php(424): CodeIgniter\View\View->render('layouts/compone...', NULL, true)
#3 C:\xampp\htdocs\Tugasku\app\Views\layouts\admin.php(30): CodeIgniter\View\View->include('layouts/compone...')
#4 C:\xampp\htdocs\Tugasku\system\View\View.php(210): include('C:\\xampp\\htdocs...')
#5 C:\xampp\htdocs\Tugasku\system\View\View.php(213): CodeIgniter\View\View->CodeIgniter\View\{closure}()
#6 C:\xampp\htdocs\Tugasku\system\View\View.php(226): CodeIgniter\View\View->render('layouts/admin', Array, true)
#7 C:\xampp\htdocs\Tugasku\system\Common.php(1089): CodeIgniter\View\View->render('Admin/Dashboard', Array, true)
#8 C:\xampp\htdocs\Tugasku\app\Controllers\Admin.php(46): view('Admin/Dashboard', Array)
#9 C:\xampp\htdocs\Tugasku\system\CodeIgniter.php(832): App\Controllers\Admin->index()
#10 C:\xampp\htdocs\Tugasku\system\CodeIgniter.php(419): CodeIgniter\CodeIgniter->runController(Object(App\Controllers\Admin))
#11 C:\xampp\htdocs\Tugasku\system\CodeIgniter.php(326): CodeIgniter\CodeIgniter->handleRequest(NULL, Object(Config\Cache), false)
#12 C:\xampp\htdocs\Tugasku\public\index.php(37): CodeIgniter\CodeIgniter->run()
#13 C:\xampp\htdocs\Tugasku\system\Commands\Server\rewrite.php(43): require_once('C:\\xampp\\htdocs...')
#14 {main}
CRITICAL - 2022-03-14 08:46:37 --> syntax error, unexpected '<', expecting end of file
#0 C:\xampp\htdocs\Tugasku\system\View\View.php(213): CodeIgniter\View\View->CodeIgniter\View\{closure}()
#1 C:\xampp\htdocs\Tugasku\system\View\View.php(424): CodeIgniter\View\View->render('layouts/compone...', NULL, true)
#2 C:\xampp\htdocs\Tugasku\app\Views\layouts\admin.php(30): CodeIgniter\View\View->include('layouts/compone...')
#3 C:\xampp\htdocs\Tugasku\system\View\View.php(210): include('C:\\xampp\\htdocs...')
#4 C:\xampp\htdocs\Tugasku\system\View\View.php(213): CodeIgniter\View\View->CodeIgniter\View\{closure}()
#5 C:\xampp\htdocs\Tugasku\system\View\View.php(226): CodeIgniter\View\View->render('layouts/admin', Array, true)
#6 C:\xampp\htdocs\Tugasku\system\Common.php(1089): CodeIgniter\View\View->render('Admin/Dashboard', Array, true)
#7 C:\xampp\htdocs\Tugasku\app\Controllers\Admin.php(46): view('Admin/Dashboard', Array)
#8 C:\xampp\htdocs\Tugasku\system\CodeIgniter.php(832): App\Controllers\Admin->index()
#9 C:\xampp\htdocs\Tugasku\system\CodeIgniter.php(419): CodeIgniter\CodeIgniter->runController(Object(App\Controllers\Admin))
#10 C:\xampp\htdocs\Tugasku\system\CodeIgniter.php(326): CodeIgniter\CodeIgniter->handleRequest(NULL, Object(Config\Cache), false)
#11 C:\xampp\htdocs\Tugasku\public\index.php(37): CodeIgniter\CodeIgniter->run()
#12 C:\xampp\htdocs\Tugasku\system\Commands\Server\rewrite.php(43): require_once('C:\\xampp\\htdocs...')
#13 {main}
CRITICAL - 2022-03-14 08:48:46 --> syntax error, unexpected 'else' (T_ELSE)
#0 C:\xampp\htdocs\Tugasku\system\Router\Router.php(175): CodeIgniter\Router\Router->autoRoute('Auth/Login')
#1 C:\xampp\htdocs\Tugasku\system\CodeIgniter.php(726): CodeIgniter\Router\Router->handle('Auth/Login')
#2 C:\xampp\htdocs\Tugasku\system\CodeIgniter.php(368): CodeIgniter\CodeIgniter->tryToRouteIt(Object(CodeIgniter\Router\RouteCollection))
#3 C:\xampp\htdocs\Tugasku\system\CodeIgniter.php(326): CodeIgniter\CodeIgniter->handleRequest(NULL, Object(Config\Cache), false)
#4 C:\xampp\htdocs\Tugasku\public\index.php(37): CodeIgniter\CodeIgniter->run()
#5 C:\xampp\htdocs\Tugasku\system\Commands\Server\rewrite.php(43): require_once('C:\\xampp\\htdocs...')
#6 {main}
CRITICAL - 2022-03-14 08:50:05 --> syntax error, unexpected 'else' (T_ELSE)
#0 C:\xampp\htdocs\Tugasku\system\Router\Router.php(175): CodeIgniter\Router\Router->autoRoute('Auth')
#1 C:\xampp\htdocs\Tugasku\system\CodeIgniter.php(726): CodeIgniter\Router\Router->handle('Auth')
#2 C:\xampp\htdocs\Tugasku\system\CodeIgniter.php(368): CodeIgniter\CodeIgniter->tryToRouteIt(Object(CodeIgniter\Router\RouteCollection))
#3 C:\xampp\htdocs\Tugasku\system\CodeIgniter.php(326): CodeIgniter\CodeIgniter->handleRequest(NULL, Object(Config\Cache), false)
#4 C:\xampp\htdocs\Tugasku\public\index.php(37): CodeIgniter\CodeIgniter->run()
#5 C:\xampp\htdocs\Tugasku\system\Commands\Server\rewrite.php(43): require_once('C:\\xampp\\htdocs...')
#6 {main}
CRITICAL - 2022-03-14 08:50:07 --> syntax error, unexpected 'else' (T_ELSE)
#0 C:\xampp\htdocs\Tugasku\system\Router\Router.php(175): CodeIgniter\Router\Router->autoRoute('Auth')
#1 C:\xampp\htdocs\Tugasku\system\CodeIgniter.php(726): CodeIgniter\Router\Router->handle('Auth')
#2 C:\xampp\htdocs\Tugasku\system\CodeIgniter.php(368): CodeIgniter\CodeIgniter->tryToRouteIt(Object(CodeIgniter\Router\RouteCollection))
#3 C:\xampp\htdocs\Tugasku\system\CodeIgniter.php(326): CodeIgniter\CodeIgniter->handleRequest(NULL, Object(Config\Cache), false)
#4 C:\xampp\htdocs\Tugasku\public\index.php(37): CodeIgniter\CodeIgniter->run()
#5 C:\xampp\htdocs\Tugasku\system\Commands\Server\rewrite.php(43): require_once('C:\\xampp\\htdocs...')
#6 {main}
CRITICAL - 2022-03-14 08:50:28 --> syntax error, unexpected 'else' (T_ELSE)
#0 C:\xampp\htdocs\Tugasku\system\Autoloader\Autoloader.php(241): CodeIgniter\Autoloader\Autoloader->includeFile('C:\\xampp\\htdocs...')
#1 C:\xampp\htdocs\Tugasku\system\Autoloader\Autoloader.php(219): CodeIgniter\Autoloader\Autoloader->loadInNamespace('App\\Validation\\...')
#2 [internal function]: CodeIgniter\Autoloader\Autoloader->loadClass('App\\Validation\\...')
#3 C:\xampp\htdocs\Tugasku\system\Validation\Validation.php(522): spl_autoload_call('App\\Validation\\...')
#4 C:\xampp\htdocs\Tugasku\system\Validation\Validation.php(115): CodeIgniter\Validation\Validation->loadRuleSets()
#5 C:\xampp\htdocs\Tugasku\system\Controller.php(160): CodeIgniter\Validation\Validation->run()
#6 C:\xampp\htdocs\Tugasku\app\Controllers\Auth.php(32): CodeIgniter\Controller->validate(Array, Array)
#7 C:\xampp\htdocs\Tugasku\system\CodeIgniter.php(832): App\Controllers\Auth->Login()
#8 C:\xampp\htdocs\Tugasku\system\CodeIgniter.php(419): CodeIgniter\CodeIgniter->runController(Object(App\Controllers\Auth))
#9 C:\xampp\htdocs\Tugasku\system\CodeIgniter.php(326): CodeIgniter\CodeIgniter->handleRequest(NULL, Object(Config\Cache), false)
#10 C:\xampp\htdocs\Tugasku\public\index.php(37): CodeIgniter\CodeIgniter->run()
#11 C:\xampp\htdocs\Tugasku\system\Commands\Server\rewrite.php(43): require_once('C:\\xampp\\htdocs...')
#12 {main}
CRITICAL - 2022-03-14 08:52:12 --> syntax error, unexpected 'else' (T_ELSE), expecting function (T_FUNCTION) or const (T_CONST)
#0 C:\xampp\htdocs\Tugasku\system\Autoloader\Autoloader.php(241): CodeIgniter\Autoloader\Autoloader->includeFile('C:\\xampp\\htdocs...')
#1 C:\xampp\htdocs\Tugasku\system\Autoloader\Autoloader.php(219): CodeIgniter\Autoloader\Autoloader->loadInNamespace('App\\Validation\\...')
#2 [internal function]: CodeIgniter\Autoloader\Autoloader->loadClass('App\\Validation\\...')
#3 C:\xampp\htdocs\Tugasku\system\Validation\Validation.php(522): spl_autoload_call('App\\Validation\\...')
#4 C:\xampp\htdocs\Tugasku\system\Validation\Validation.php(115): CodeIgniter\Validation\Validation->loadRuleSets()
#5 C:\xampp\htdocs\Tugasku\system\Controller.php(160): CodeIgniter\Validation\Validation->run()
#6 C:\xampp\htdocs\Tugasku\app\Controllers\Auth.php(32): CodeIgniter\Controller->validate(Array, Array)
#7 C:\xampp\htdocs\Tugasku\system\CodeIgniter.php(832): App\Controllers\Auth->Login()
#8 C:\xampp\htdocs\Tugasku\system\CodeIgniter.php(419): CodeIgniter\CodeIgniter->runController(Object(App\Controllers\Auth))
#9 C:\xampp\htdocs\Tugasku\system\CodeIgniter.php(326): CodeIgniter\CodeIgniter->handleRequest(NULL, Object(Config\Cache), false)
#10 C:\xampp\htdocs\Tugasku\public\index.php(37): CodeIgniter\CodeIgniter->run()
#11 C:\xampp\htdocs\Tugasku\system\Commands\Server\rewrite.php(43): require_once('C:\\xampp\\htdocs...')
#12 {main}
CRITICAL - 2022-03-14 08:52:36 --> syntax error, unexpected 'else' (T_ELSE), expecting function (T_FUNCTION) or const (T_CONST)
#0 C:\xampp\htdocs\Tugasku\system\Autoloader\Autoloader.php(241): CodeIgniter\Autoloader\Autoloader->includeFile('C:\\xampp\\htdocs...')
#1 C:\xampp\htdocs\Tugasku\system\Autoloader\Autoloader.php(219): CodeIgniter\Autoloader\Autoloader->loadInNamespace('App\\Validation\\...')
#2 [internal function]: CodeIgniter\Autoloader\Autoloader->loadClass('App\\Validation\\...')
#3 C:\xampp\htdocs\Tugasku\system\Validation\Validation.php(522): spl_autoload_call('App\\Validation\\...')
#4 C:\xampp\htdocs\Tugasku\system\Validation\Validation.php(115): CodeIgniter\Validation\Validation->loadRuleSets()
#5 C:\xampp\htdocs\Tugasku\system\Controller.php(160): CodeIgniter\Validation\Validation->run()
#6 C:\xampp\htdocs\Tugasku\app\Controllers\Auth.php(32): CodeIgniter\Controller->validate(Array, Array)
#7 C:\xampp\htdocs\Tugasku\system\CodeIgniter.php(832): App\Controllers\Auth->Login()
#8 C:\xampp\htdocs\Tugasku\system\CodeIgniter.php(419): CodeIgniter\CodeIgniter->runController(Object(App\Controllers\Auth))
#9 C:\xampp\htdocs\Tugasku\system\CodeIgniter.php(326): CodeIgniter\CodeIgniter->handleRequest(NULL, Object(Config\Cache), false)
#10 C:\xampp\htdocs\Tugasku\public\index.php(37): CodeIgniter\CodeIgniter->run()
#11 C:\xampp\htdocs\Tugasku\system\Commands\Server\rewrite.php(43): require_once('C:\\xampp\\htdocs...')
#12 {main}
CRITICAL - 2022-03-14 09:01:50 --> Call to undefined function in_groups()
#0 C:\xampp\htdocs\Tugasku\system\View\View.php(210): include()
#1 C:\xampp\htdocs\Tugasku\system\View\View.php(213): CodeIgniter\View\View->CodeIgniter\View\{closure}()
#2 C:\xampp\htdocs\Tugasku\system\View\View.php(424): CodeIgniter\View\View->render('layouts/compone...', NULL, true)
#3 C:\xampp\htdocs\Tugasku\app\Views\layouts\admin.php(23): CodeIgniter\View\View->include('layouts/compone...')
#4 C:\xampp\htdocs\Tugasku\system\View\View.php(210): include('C:\\xampp\\htdocs...')
#5 C:\xampp\htdocs\Tugasku\system\View\View.php(213): CodeIgniter\View\View->CodeIgniter\View\{closure}()
#6 C:\xampp\htdocs\Tugasku\system\View\View.php(226): CodeIgniter\View\View->render('layouts/admin', Array, true)
#7 C:\xampp\htdocs\Tugasku\system\Common.php(1089): CodeIgniter\View\View->render('welcome_message', Array, true)
#8 C:\xampp\htdocs\Tugasku\app\Controllers\Karyawan.php(22): view('welcome_message')
#9 C:\xampp\htdocs\Tugasku\system\CodeIgniter.php(832): App\Controllers\Karyawan->index()
#10 C:\xampp\htdocs\Tugasku\system\CodeIgniter.php(419): CodeIgniter\CodeIgniter->runController(Object(App\Controllers\Karyawan))
#11 C:\xampp\htdocs\Tugasku\system\CodeIgniter.php(326): CodeIgniter\CodeIgniter->handleRequest(NULL, Object(Config\Cache), false)
#12 C:\xampp\htdocs\Tugasku\public\index.php(37): CodeIgniter\CodeIgniter->run()
#13 C:\xampp\htdocs\Tugasku\system\Commands\Server\rewrite.php(43): require_once('C:\\xampp\\htdocs...')
#14 {main}
CRITICAL - 2022-03-14 09:02:03 --> Call to undefined function in_groups()
#0 C:\xampp\htdocs\Tugasku\system\View\View.php(210): include()
#1 C:\xampp\htdocs\Tugasku\system\View\View.php(213): CodeIgniter\View\View->CodeIgniter\View\{closure}()
#2 C:\xampp\htdocs\Tugasku\system\View\View.php(424): CodeIgniter\View\View->render('layouts/compone...', NULL, true)
#3 C:\xampp\htdocs\Tugasku\app\Views\layouts\admin.php(23): CodeIgniter\View\View->include('layouts/compone...')
#4 C:\xampp\htdocs\Tugasku\system\View\View.php(210): include('C:\\xampp\\htdocs...')
#5 C:\xampp\htdocs\Tugasku\system\View\View.php(213): CodeIgniter\View\View->CodeIgniter\View\{closure}()
#6 C:\xampp\htdocs\Tugasku\system\View\View.php(226): CodeIgniter\View\View->render('layouts/admin', Array, true)
#7 C:\xampp\htdocs\Tugasku\system\Common.php(1089): CodeIgniter\View\View->render('Admin/Dashboard', Array, true)
#8 C:\xampp\htdocs\Tugasku\app\Controllers\Admin.php(46): view('Admin/Dashboard', Array)
#9 C:\xampp\htdocs\Tugasku\system\CodeIgniter.php(832): App\Controllers\Admin->index()
#10 C:\xampp\htdocs\Tugasku\system\CodeIgniter.php(419): CodeIgniter\CodeIgniter->runController(Object(App\Controllers\Admin))
#11 C:\xampp\htdocs\Tugasku\system\CodeIgniter.php(326): CodeIgniter\CodeIgniter->handleRequest(NULL, Object(Config\Cache), false)
#12 C:\xampp\htdocs\Tugasku\public\index.php(37): CodeIgniter\CodeIgniter->run()
#13 C:\xampp\htdocs\Tugasku\system\Commands\Server\rewrite.php(43): require_once('C:\\xampp\\htdocs...')
#14 {main}
