CRITICAL - 2023-12-06 21:37:52 --> Undefined variable $pager
#0 C:\xampp\htdocs\ginsadv\app\Views\admin\daftar_produk.php(107): CodeIgniter\Debug\Exceptions->errorHandler(2, 'Undefined varia...', 'C:\\xampp\\htdocs...', 107)
#1 C:\xampp\htdocs\ginsadv\system\View\View.php(210): include('C:\\xampp\\htdocs...')
#2 C:\xampp\htdocs\ginsadv\system\View\View.php(213): CodeIgniter\View\View->CodeIgniter\View\{closure}()
#3 C:\xampp\htdocs\ginsadv\system\Common.php(1089): CodeIgniter\View\View->render('Admin/daftar_pr...', Array, true)
#4 C:\xampp\htdocs\ginsadv\app\Controllers\Product.php(45): view('Admin/daftar_pr...', Array)
#5 C:\xampp\htdocs\ginsadv\system\CodeIgniter.php(832): App\Controllers\Product->admin()
#6 C:\xampp\htdocs\ginsadv\system\CodeIgniter.php(419): CodeIgniter\CodeIgniter->runController(Object(App\Controllers\Product))
#7 C:\xampp\htdocs\ginsadv\system\CodeIgniter.php(326): CodeIgniter\CodeIgniter->handleRequest(NULL, Object(Config\Cache), false)
#8 C:\xampp\htdocs\ginsadv\public\index.php(37): CodeIgniter\CodeIgniter->run()
#9 C:\xampp\htdocs\ginsadv\system\Commands\Server\rewrite.php(43): require_once('C:\\xampp\\htdocs...')
#10 {main}
CRITICAL - 2023-12-06 21:50:43 --> Undefined variable $currentPage
#0 C:\xampp\htdocs\ginsadv\app\Views\admin\daftar_produk.php(87): CodeIgniter\Debug\Exceptions->errorHandler(2, 'Undefined varia...', 'C:\\xampp\\htdocs...', 87)
#1 C:\xampp\htdocs\ginsadv\system\View\View.php(210): include('C:\\xampp\\htdocs...')
#2 C:\xampp\htdocs\ginsadv\system\View\View.php(213): CodeIgniter\View\View->CodeIgniter\View\{closure}()
#3 C:\xampp\htdocs\ginsadv\system\Common.php(1089): CodeIgniter\View\View->render('Admin/daftar_pr...', Array, true)
#4 C:\xampp\htdocs\ginsadv\app\Controllers\Product.php(46): view('Admin/daftar_pr...', Array)
#5 C:\xampp\htdocs\ginsadv\system\CodeIgniter.php(832): App\Controllers\Product->admin()
#6 C:\xampp\htdocs\ginsadv\system\CodeIgniter.php(419): CodeIgniter\CodeIgniter->runController(Object(App\Controllers\Product))
#7 C:\xampp\htdocs\ginsadv\system\CodeIgniter.php(326): CodeIgniter\CodeIgniter->handleRequest(NULL, Object(Config\Cache), false)
#8 C:\xampp\htdocs\ginsadv\public\index.php(37): CodeIgniter\CodeIgniter->run()
#9 C:\xampp\htdocs\ginsadv\system\Commands\Server\rewrite.php(43): require_once('C:\\xampp\\htdocs...')
#10 {main}
CRITICAL - 2023-12-06 21:53:48 --> Undefined variable $currentPage
#0 C:\xampp\htdocs\ginsadv\app\Views\admin\kritik_saran.php(34): CodeIgniter\Debug\Exceptions->errorHandler(2, 'Undefined varia...', 'C:\\xampp\\htdocs...', 34)
#1 C:\xampp\htdocs\ginsadv\system\View\View.php(210): include('C:\\xampp\\htdocs...')
#2 C:\xampp\htdocs\ginsadv\system\View\View.php(213): CodeIgniter\View\View->CodeIgniter\View\{closure}()
#3 C:\xampp\htdocs\ginsadv\system\Common.php(1089): CodeIgniter\View\View->render('Admin/kritik_sa...', Array, true)
#4 C:\xampp\htdocs\ginsadv\app\Controllers\Contact.php(46): view('Admin/kritik_sa...', Array)
#5 C:\xampp\htdocs\ginsadv\system\CodeIgniter.php(832): App\Controllers\Contact->admin()
#6 C:\xampp\htdocs\ginsadv\system\CodeIgniter.php(419): CodeIgniter\CodeIgniter->runController(Object(App\Controllers\Contact))
#7 C:\xampp\htdocs\ginsadv\system\CodeIgniter.php(326): CodeIgniter\CodeIgniter->handleRequest(NULL, Object(Config\Cache), false)
#8 C:\xampp\htdocs\ginsadv\public\index.php(37): CodeIgniter\CodeIgniter->run()
#9 C:\xampp\htdocs\ginsadv\system\Commands\Server\rewrite.php(43): require_once('C:\\xampp\\htdocs...')
#10 {main}
CRITICAL - 2023-12-06 22:05:48 --> Call to a member function paginate() on array
#0 C:\xampp\htdocs\ginsadv\system\CodeIgniter.php(832): App\Controllers\Product->review()
#1 C:\xampp\htdocs\ginsadv\system\CodeIgniter.php(419): CodeIgniter\CodeIgniter->runController(Object(App\Controllers\Product))
#2 C:\xampp\htdocs\ginsadv\system\CodeIgniter.php(326): CodeIgniter\CodeIgniter->handleRequest(NULL, Object(Config\Cache), false)
#3 C:\xampp\htdocs\ginsadv\public\index.php(37): CodeIgniter\CodeIgniter->run()
#4 C:\xampp\htdocs\ginsadv\system\Commands\Server\rewrite.php(43): require_once('C:\\xampp\\htdocs...')
#5 {main}
CRITICAL - 2023-12-06 22:06:40 --> Call to a member function paginate() on array
#0 C:\xampp\htdocs\ginsadv\system\CodeIgniter.php(832): App\Controllers\Product->review()
#1 C:\xampp\htdocs\ginsadv\system\CodeIgniter.php(419): CodeIgniter\CodeIgniter->runController(Object(App\Controllers\Product))
#2 C:\xampp\htdocs\ginsadv\system\CodeIgniter.php(326): CodeIgniter\CodeIgniter->handleRequest(NULL, Object(Config\Cache), false)
#3 C:\xampp\htdocs\ginsadv\public\index.php(37): CodeIgniter\CodeIgniter->run()
#4 C:\xampp\htdocs\ginsadv\system\Commands\Server\rewrite.php(43): require_once('C:\\xampp\\htdocs...')
#5 {main}
ERROR - 2023-12-06 22:12:46 --> Unknown column 'nama_produk' in 'where clause'
CRITICAL - 2023-12-06 22:12:46 --> Unknown column 'nama_produk' in 'where clause'
#0 C:\xampp\htdocs\ginsadv\system\Database\MySQLi\Connection.php(292): mysqli->query('SELECT *\nFROM `...', 0)
#1 C:\xampp\htdocs\ginsadv\system\Database\BaseConnection.php(670): CodeIgniter\Database\MySQLi\Connection->execute('SELECT *\nFROM `...')
#2 C:\xampp\htdocs\ginsadv\system\Database\BaseConnection.php(598): CodeIgniter\Database\BaseConnection->simpleQuery('SELECT *\nFROM `...')
#3 C:\xampp\htdocs\ginsadv\system\Database\BaseBuilder.php(1455): CodeIgniter\Database\BaseConnection->query('SELECT *\nFROM `...', Array, false)
#4 C:\xampp\htdocs\ginsadv\system\Model.php(728): CodeIgniter\Database\BaseBuilder->get()
#5 C:\xampp\htdocs\ginsadv\app\Models\UlasanModel.php(27): CodeIgniter\Model->__call('get', Array)
#6 C:\xampp\htdocs\ginsadv\app\Controllers\Product.php(92): App\Models\UlasanModel->search('stem')
#7 C:\xampp\htdocs\ginsadv\system\CodeIgniter.php(832): App\Controllers\Product->review()
#8 C:\xampp\htdocs\ginsadv\system\CodeIgniter.php(419): CodeIgniter\CodeIgniter->runController(Object(App\Controllers\Product))
#9 C:\xampp\htdocs\ginsadv\system\CodeIgniter.php(326): CodeIgniter\CodeIgniter->handleRequest(NULL, Object(Config\Cache), false)
#10 C:\xampp\htdocs\ginsadv\public\index.php(37): CodeIgniter\CodeIgniter->run()
#11 C:\xampp\htdocs\ginsadv\system\Commands\Server\rewrite.php(43): require_once('C:\\xampp\\htdocs...')
#12 {main}
CRITICAL - 2023-12-06 22:13:42 --> Undefined array key "produk"
#0 C:\xampp\htdocs\ginsadv\app\Controllers\Product.php(93): CodeIgniter\Debug\Exceptions->errorHandler(2, 'Undefined array...', 'C:\\xampp\\htdocs...', 93)
#1 C:\xampp\htdocs\ginsadv\system\CodeIgniter.php(832): App\Controllers\Product->review()
#2 C:\xampp\htdocs\ginsadv\system\CodeIgniter.php(419): CodeIgniter\CodeIgniter->runController(Object(App\Controllers\Product))
#3 C:\xampp\htdocs\ginsadv\system\CodeIgniter.php(326): CodeIgniter\CodeIgniter->handleRequest(NULL, Object(Config\Cache), false)
#4 C:\xampp\htdocs\ginsadv\public\index.php(37): CodeIgniter\CodeIgniter->run()
#5 C:\xampp\htdocs\ginsadv\system\Commands\Server\rewrite.php(43): require_once('C:\\xampp\\htdocs...')
#6 {main}
CRITICAL - 2023-12-06 22:14:05 --> Call to a member function links() on null
#0 C:\xampp\htdocs\ginsadv\system\View\View.php(210): include()
#1 C:\xampp\htdocs\ginsadv\system\View\View.php(213): CodeIgniter\View\View->CodeIgniter\View\{closure}()
#2 C:\xampp\htdocs\ginsadv\system\Common.php(1089): CodeIgniter\View\View->render('Admin/review_pr...', Array, true)
#3 C:\xampp\htdocs\ginsadv\app\Controllers\Product.php(103): view('Admin/review_pr...', Array)
#4 C:\xampp\htdocs\ginsadv\system\CodeIgniter.php(832): App\Controllers\Product->review()
#5 C:\xampp\htdocs\ginsadv\system\CodeIgniter.php(419): CodeIgniter\CodeIgniter->runController(Object(App\Controllers\Product))
#6 C:\xampp\htdocs\ginsadv\system\CodeIgniter.php(326): CodeIgniter\CodeIgniter->handleRequest(NULL, Object(Config\Cache), false)
#7 C:\xampp\htdocs\ginsadv\public\index.php(37): CodeIgniter\CodeIgniter->run()
#8 C:\xampp\htdocs\ginsadv\system\Commands\Server\rewrite.php(43): require_once('C:\\xampp\\htdocs...')
#9 {main}
CRITICAL - 2023-12-06 22:15:19 --> Call to a member function links() on null
#0 C:\xampp\htdocs\ginsadv\system\View\View.php(210): include()
#1 C:\xampp\htdocs\ginsadv\system\View\View.php(213): CodeIgniter\View\View->CodeIgniter\View\{closure}()
#2 C:\xampp\htdocs\ginsadv\system\Common.php(1089): CodeIgniter\View\View->render('Admin/review_pr...', Array, true)
#3 C:\xampp\htdocs\ginsadv\app\Controllers\Product.php(103): view('Admin/review_pr...', Array)
#4 C:\xampp\htdocs\ginsadv\system\CodeIgniter.php(832): App\Controllers\Product->review()
#5 C:\xampp\htdocs\ginsadv\system\CodeIgniter.php(419): CodeIgniter\CodeIgniter->runController(Object(App\Controllers\Product))
#6 C:\xampp\htdocs\ginsadv\system\CodeIgniter.php(326): CodeIgniter\CodeIgniter->handleRequest(NULL, Object(Config\Cache), false)
#7 C:\xampp\htdocs\ginsadv\public\index.php(37): CodeIgniter\CodeIgniter->run()
#8 C:\xampp\htdocs\ginsadv\system\Commands\Server\rewrite.php(43): require_once('C:\\xampp\\htdocs...')
#9 {main}
CRITICAL - 2023-12-06 22:15:27 --> Call to a member function links() on null
#0 C:\xampp\htdocs\ginsadv\system\View\View.php(210): include()
#1 C:\xampp\htdocs\ginsadv\system\View\View.php(213): CodeIgniter\View\View->CodeIgniter\View\{closure}()
#2 C:\xampp\htdocs\ginsadv\system\Common.php(1089): CodeIgniter\View\View->render('Admin/review_pr...', Array, true)
#3 C:\xampp\htdocs\ginsadv\app\Controllers\Product.php(103): view('Admin/review_pr...', Array)
#4 C:\xampp\htdocs\ginsadv\system\CodeIgniter.php(832): App\Controllers\Product->review()
#5 C:\xampp\htdocs\ginsadv\system\CodeIgniter.php(419): CodeIgniter\CodeIgniter->runController(Object(App\Controllers\Product))
#6 C:\xampp\htdocs\ginsadv\system\CodeIgniter.php(326): CodeIgniter\CodeIgniter->handleRequest(NULL, Object(Config\Cache), false)
#7 C:\xampp\htdocs\ginsadv\public\index.php(37): CodeIgniter\CodeIgniter->run()
#8 C:\xampp\htdocs\ginsadv\system\Commands\Server\rewrite.php(43): require_once('C:\\xampp\\htdocs...')
#9 {main}
