CRITICAL - 2022-03-08 22:16:53 --> Call to undefined function user()
#0 C:\xampp\htdocs\Tugasku\system\View\View.php(210): include()
#1 C:\xampp\htdocs\Tugasku\system\View\View.php(213): CodeIgniter\View\View->CodeIgniter\View\{closure}()
#2 C:\xampp\htdocs\Tugasku\system\View\View.php(424): CodeIgniter\View\View->render('layouts/compone...', NULL, true)
#3 C:\xampp\htdocs\Tugasku\app\Views\layouts\admin.php(30): CodeIgniter\View\View->include('layouts/compone...')
#4 C:\xampp\htdocs\Tugasku\system\View\View.php(210): include('C:\\xampp\\htdocs...')
#5 C:\xampp\htdocs\Tugasku\system\View\View.php(213): CodeIgniter\View\View->CodeIgniter\View\{closure}()
#6 C:\xampp\htdocs\Tugasku\system\View\View.php(226): CodeIgniter\View\View->render('layouts/admin', Array, true)
#7 C:\xampp\htdocs\Tugasku\system\Common.php(1089): CodeIgniter\View\View->render('welcome_message', Array, true)
#8 C:\xampp\htdocs\Tugasku\app\Controllers\Home.php(9): view('welcome_message')
#9 C:\xampp\htdocs\Tugasku\system\CodeIgniter.php(832): App\Controllers\Home->index()
#10 C:\xampp\htdocs\Tugasku\system\CodeIgniter.php(419): CodeIgniter\CodeIgniter->runController(Object(App\Controllers\Home))
#11 C:\xampp\htdocs\Tugasku\system\CodeIgniter.php(326): CodeIgniter\CodeIgniter->handleRequest(NULL, Object(Config\Cache), false)
#12 C:\xampp\htdocs\Tugasku\public\index.php(37): CodeIgniter\CodeIgniter->run()
#13 C:\xampp\htdocs\Tugasku\system\Commands\Server\rewrite.php(43): require_once('C:\\xampp\\htdocs...')
#14 {main}
ERROR - 2022-03-08 22:47:08 --> Error connecting to the database: Access denied for user '****'@'localhost' (using password: YES)
CRITICAL - 2022-03-08 22:47:08 --> Unable to connect to the database.
Main connection [MySQLi]: Access denied for user '****'@'localhost' (using password: YES)
#0 C:\xampp\htdocs\Tugasku\system\Database\BaseConnection.php(577): CodeIgniter\Database\BaseConnection->initialize()
#1 C:\xampp\htdocs\Tugasku\system\Database\BaseBuilder.php(1455): CodeIgniter\Database\BaseConnection->query('SELECT *\nFROM `...', Array, false)
#2 C:\xampp\htdocs\Tugasku\system\Model.php(183): CodeIgniter\Database\BaseBuilder->get()
#3 C:\xampp\htdocs\Tugasku\system\BaseModel.php(584): CodeIgniter\Model->doFindAll(0, 0)
#4 C:\xampp\htdocs\Tugasku\app\Models\KaryawanModel.php(16): CodeIgniter\BaseModel->findAll()
#5 C:\xampp\htdocs\Tugasku\app\Controllers\Admin.php(26): App\Models\KaryawanModel->getkaryawan()
#6 C:\xampp\htdocs\Tugasku\system\CodeIgniter.php(832): App\Controllers\Admin->Data_Karyawan()
#7 C:\xampp\htdocs\Tugasku\system\CodeIgniter.php(419): CodeIgniter\CodeIgniter->runController(Object(App\Controllers\Admin))
#8 C:\xampp\htdocs\Tugasku\system\CodeIgniter.php(326): CodeIgniter\CodeIgniter->handleRequest(NULL, Object(Config\Cache), false)
#9 C:\xampp\htdocs\Tugasku\public\index.php(37): CodeIgniter\CodeIgniter->run()
#10 C:\xampp\htdocs\Tugasku\system\Commands\Server\rewrite.php(43): require_once('C:\\xampp\\htdocs...')
#11 {main}
