ERROR - 2022-03-10 00:01:12 --> Unknown column 'nama_departemen' in 'field list'
CRITICAL - 2022-03-10 00:01:12 --> Unknown column 'nama_departemen' in 'field list'
#0 C:\xampp\htdocs\Tugasku\system\Database\MySQLi\Connection.php(292): mysqli->query('INSERT INTO `ka...', 0)
#1 C:\xampp\htdocs\Tugasku\system\Database\BaseConnection.php(670): CodeIgniter\Database\MySQLi\Connection->execute('INSERT INTO `ka...')
#2 C:\xampp\htdocs\Tugasku\system\Database\BaseConnection.php(598): CodeIgniter\Database\BaseConnection->simpleQuery('INSERT INTO `ka...')
#3 C:\xampp\htdocs\Tugasku\system\Database\BaseBuilder.php(1771): CodeIgniter\Database\BaseConnection->query('INSERT INTO `ka...', Array, false)
#4 C:\xampp\htdocs\Tugasku\system\Model.php(239): CodeIgniter\Database\BaseBuilder->insert()
#5 C:\xampp\htdocs\Tugasku\system\BaseModel.php(738): CodeIgniter\Model->doInsert(Array)
#6 C:\xampp\htdocs\Tugasku\system\Model.php(625): CodeIgniter\BaseModel->insert(Array, false)
#7 C:\xampp\htdocs\Tugasku\system\BaseModel.php(658): CodeIgniter\Model->insert(Array, false)
#8 C:\xampp\htdocs\Tugasku\app\Controllers\Admin.php(119): CodeIgniter\BaseModel->save(Array)
#9 C:\xampp\htdocs\Tugasku\system\CodeIgniter.php(832): App\Controllers\Admin->Add_Departemen()
#10 C:\xampp\htdocs\Tugasku\system\CodeIgniter.php(419): CodeIgniter\CodeIgniter->runController(Object(App\Controllers\Admin))
#11 C:\xampp\htdocs\Tugasku\system\CodeIgniter.php(326): CodeIgniter\CodeIgniter->handleRequest(NULL, Object(Config\Cache), false)
#12 C:\xampp\htdocs\Tugasku\public\index.php(37): CodeIgniter\CodeIgniter->run()
#13 C:\xampp\htdocs\Tugasku\system\Commands\Server\rewrite.php(43): require_once('C:\\xampp\\htdocs...')
#14 {main}
CRITICAL - 2022-03-10 00:01:37 --> Undefined variable: karyawan
#0 C:\xampp\htdocs\Tugasku\app\Controllers\Admin.php(149): CodeIgniter\Debug\Exceptions->errorHandler(8, 'Undefined varia...', 'C:\\xampp\\htdocs...', 149, Array)
#1 C:\xampp\htdocs\Tugasku\system\CodeIgniter.php(832): App\Controllers\Admin->Edit_Data_Departemen()
#2 C:\xampp\htdocs\Tugasku\system\CodeIgniter.php(419): CodeIgniter\CodeIgniter->runController(Object(App\Controllers\Admin))
#3 C:\xampp\htdocs\Tugasku\system\CodeIgniter.php(326): CodeIgniter\CodeIgniter->handleRequest(NULL, Object(Config\Cache), false)
#4 C:\xampp\htdocs\Tugasku\public\index.php(37): CodeIgniter\CodeIgniter->run()
#5 C:\xampp\htdocs\Tugasku\system\Commands\Server\rewrite.php(43): require_once('C:\\xampp\\htdocs...')
#6 {main}
ERROR - 2022-03-10 00:02:12 --> Unknown column 'nama_departemen' in 'field list'
CRITICAL - 2022-03-10 00:02:12 --> Unknown column 'nama_departemen' in 'field list'
#0 C:\xampp\htdocs\Tugasku\system\Database\MySQLi\Connection.php(292): mysqli->query('INSERT INTO `ka...', 0)
#1 C:\xampp\htdocs\Tugasku\system\Database\BaseConnection.php(670): CodeIgniter\Database\MySQLi\Connection->execute('INSERT INTO `ka...')
#2 C:\xampp\htdocs\Tugasku\system\Database\BaseConnection.php(598): CodeIgniter\Database\BaseConnection->simpleQuery('INSERT INTO `ka...')
#3 C:\xampp\htdocs\Tugasku\system\Database\BaseBuilder.php(1771): CodeIgniter\Database\BaseConnection->query('INSERT INTO `ka...', Array, false)
#4 C:\xampp\htdocs\Tugasku\system\Model.php(239): CodeIgniter\Database\BaseBuilder->insert()
#5 C:\xampp\htdocs\Tugasku\system\BaseModel.php(738): CodeIgniter\Model->doInsert(Array)
#6 C:\xampp\htdocs\Tugasku\system\Model.php(625): CodeIgniter\BaseModel->insert(Array, false)
#7 C:\xampp\htdocs\Tugasku\system\BaseModel.php(658): CodeIgniter\Model->insert(Array, false)
#8 C:\xampp\htdocs\Tugasku\app\Controllers\Admin.php(119): CodeIgniter\BaseModel->save(Array)
#9 C:\xampp\htdocs\Tugasku\system\CodeIgniter.php(832): App\Controllers\Admin->Add_Departemen()
#10 C:\xampp\htdocs\Tugasku\system\CodeIgniter.php(419): CodeIgniter\CodeIgniter->runController(Object(App\Controllers\Admin))
#11 C:\xampp\htdocs\Tugasku\system\CodeIgniter.php(326): CodeIgniter\CodeIgniter->handleRequest(NULL, Object(Config\Cache), false)
#12 C:\xampp\htdocs\Tugasku\public\index.php(37): CodeIgniter\CodeIgniter->run()
#13 C:\xampp\htdocs\Tugasku\system\Commands\Server\rewrite.php(43): require_once('C:\\xampp\\htdocs...')
#14 {main}
CRITICAL - 2022-03-10 00:10:37 --> Cannot redeclare App\Controllers\Admin::Edit_Data_Departemen()
#0 [internal function]: CodeIgniter\Debug\Exceptions->shutdownHandler()
#1 {main}
CRITICAL - 2022-03-10 20:22:43 --> Cannot redeclare App\Controllers\Admin::Add_Karyawan()
#0 [internal function]: CodeIgniter\Debug\Exceptions->shutdownHandler()
#1 {main}
CRITICAL - 2022-03-10 20:24:05 --> Cannot redeclare App\Controllers\Admin::Edit_Karyawan()
#0 [internal function]: CodeIgniter\Debug\Exceptions->shutdownHandler()
#1 {main}
ERROR - 2022-03-10 20:31:13 --> Column 'status' cannot be null
CRITICAL - 2022-03-10 20:31:13 --> Column 'status' cannot be null
#0 C:\xampp\htdocs\Tugasku\system\Database\MySQLi\Connection.php(292): mysqli->query('INSERT INTO `tu...', 0)
#1 C:\xampp\htdocs\Tugasku\system\Database\BaseConnection.php(670): CodeIgniter\Database\MySQLi\Connection->execute('INSERT INTO `tu...')
#2 C:\xampp\htdocs\Tugasku\system\Database\BaseConnection.php(598): CodeIgniter\Database\BaseConnection->simpleQuery('INSERT INTO `tu...')
#3 C:\xampp\htdocs\Tugasku\system\Database\BaseBuilder.php(1771): CodeIgniter\Database\BaseConnection->query('INSERT INTO `tu...', Array, false)
#4 C:\xampp\htdocs\Tugasku\system\Model.php(239): CodeIgniter\Database\BaseBuilder->insert()
#5 C:\xampp\htdocs\Tugasku\system\BaseModel.php(738): CodeIgniter\Model->doInsert(Array)
#6 C:\xampp\htdocs\Tugasku\system\Model.php(625): CodeIgniter\BaseModel->insert(Array, false)
#7 C:\xampp\htdocs\Tugasku\system\BaseModel.php(658): CodeIgniter\Model->insert(Array, false)
#8 C:\xampp\htdocs\Tugasku\app\Controllers\Admin.php(222): CodeIgniter\BaseModel->save(Array)
#9 C:\xampp\htdocs\Tugasku\system\CodeIgniter.php(832): App\Controllers\Admin->Add_Tugas()
#10 C:\xampp\htdocs\Tugasku\system\CodeIgniter.php(419): CodeIgniter\CodeIgniter->runController(Object(App\Controllers\Admin))
#11 C:\xampp\htdocs\Tugasku\system\CodeIgniter.php(326): CodeIgniter\CodeIgniter->handleRequest(NULL, Object(Config\Cache), false)
#12 C:\xampp\htdocs\Tugasku\public\index.php(37): CodeIgniter\CodeIgniter->run()
#13 C:\xampp\htdocs\Tugasku\system\Commands\Server\rewrite.php(43): require_once('C:\\xampp\\htdocs...')
#14 {main}
ERROR - 2022-03-10 20:31:46 --> Column 'status' cannot be null
CRITICAL - 2022-03-10 20:31:46 --> Column 'status' cannot be null
#0 C:\xampp\htdocs\Tugasku\system\Database\MySQLi\Connection.php(292): mysqli->query('INSERT INTO `tu...', 0)
#1 C:\xampp\htdocs\Tugasku\system\Database\BaseConnection.php(670): CodeIgniter\Database\MySQLi\Connection->execute('INSERT INTO `tu...')
#2 C:\xampp\htdocs\Tugasku\system\Database\BaseConnection.php(598): CodeIgniter\Database\BaseConnection->simpleQuery('INSERT INTO `tu...')
#3 C:\xampp\htdocs\Tugasku\system\Database\BaseBuilder.php(1771): CodeIgniter\Database\BaseConnection->query('INSERT INTO `tu...', Array, false)
#4 C:\xampp\htdocs\Tugasku\system\Model.php(239): CodeIgniter\Database\BaseBuilder->insert()
#5 C:\xampp\htdocs\Tugasku\system\BaseModel.php(738): CodeIgniter\Model->doInsert(Array)
#6 C:\xampp\htdocs\Tugasku\system\Model.php(625): CodeIgniter\BaseModel->insert(Array, false)
#7 C:\xampp\htdocs\Tugasku\system\BaseModel.php(658): CodeIgniter\Model->insert(Array, false)
#8 C:\xampp\htdocs\Tugasku\app\Controllers\Admin.php(222): CodeIgniter\BaseModel->save(Array)
#9 C:\xampp\htdocs\Tugasku\system\CodeIgniter.php(832): App\Controllers\Admin->Add_Tugas()
#10 C:\xampp\htdocs\Tugasku\system\CodeIgniter.php(419): CodeIgniter\CodeIgniter->runController(Object(App\Controllers\Admin))
#11 C:\xampp\htdocs\Tugasku\system\CodeIgniter.php(326): CodeIgniter\CodeIgniter->handleRequest(NULL, Object(Config\Cache), false)
#12 C:\xampp\htdocs\Tugasku\public\index.php(37): CodeIgniter\CodeIgniter->run()
#13 C:\xampp\htdocs\Tugasku\system\Commands\Server\rewrite.php(43): require_once('C:\\xampp\\htdocs...')
#14 {main}
CRITICAL - 2022-03-10 20:32:30 --> Illegal string offset 'status'
#0 C:\xampp\htdocs\Tugasku\app\Views\Admin\EditTugas.php(88): CodeIgniter\Debug\Exceptions->errorHandler(2, 'Illegal string ...', 'C:\\xampp\\htdocs...', 88, Array)
#1 C:\xampp\htdocs\Tugasku\system\View\View.php(210): include('C:\\xampp\\htdocs...')
#2 C:\xampp\htdocs\Tugasku\system\View\View.php(213): CodeIgniter\View\View->CodeIgniter\View\{closure}()
#3 C:\xampp\htdocs\Tugasku\system\Common.php(1089): CodeIgniter\View\View->render('Admin/EditTugas', Array, true)
#4 C:\xampp\htdocs\Tugasku\app\Controllers\Admin.php(243): view('Admin/EditTugas', Array)
#5 C:\xampp\htdocs\Tugasku\system\CodeIgniter.php(832): App\Controllers\Admin->Edit_Tugas('1')
#6 C:\xampp\htdocs\Tugasku\system\CodeIgniter.php(419): CodeIgniter\CodeIgniter->runController(Object(App\Controllers\Admin))
#7 C:\xampp\htdocs\Tugasku\system\CodeIgniter.php(326): CodeIgniter\CodeIgniter->handleRequest(NULL, Object(Config\Cache), false)
#8 C:\xampp\htdocs\Tugasku\public\index.php(37): CodeIgniter\CodeIgniter->run()
#9 C:\xampp\htdocs\Tugasku\system\Commands\Server\rewrite.php(43): require_once('C:\\xampp\\htdocs...')
#10 {main}
CRITICAL - 2022-03-10 20:34:04 --> Trying to access array offset on value of type null
#0 C:\xampp\htdocs\Tugasku\app\Views\Admin\EditTugas.php(15): CodeIgniter\Debug\Exceptions->errorHandler(8, 'Trying to acces...', 'C:\\xampp\\htdocs...', 15, Array)
#1 C:\xampp\htdocs\Tugasku\system\View\View.php(210): include('C:\\xampp\\htdocs...')
#2 C:\xampp\htdocs\Tugasku\system\View\View.php(213): CodeIgniter\View\View->CodeIgniter\View\{closure}()
#3 C:\xampp\htdocs\Tugasku\system\Common.php(1089): CodeIgniter\View\View->render('Admin/EditTugas', Array, true)
#4 C:\xampp\htdocs\Tugasku\app\Controllers\Admin.php(243): view('Admin/EditTugas', Array)
#5 C:\xampp\htdocs\Tugasku\system\CodeIgniter.php(832): App\Controllers\Admin->Edit_Tugas()
#6 C:\xampp\htdocs\Tugasku\system\CodeIgniter.php(419): CodeIgniter\CodeIgniter->runController(Object(App\Controllers\Admin))
#7 C:\xampp\htdocs\Tugasku\system\CodeIgniter.php(326): CodeIgniter\CodeIgniter->handleRequest(NULL, Object(Config\Cache), false)
#8 C:\xampp\htdocs\Tugasku\public\index.php(37): CodeIgniter\CodeIgniter->run()
#9 C:\xampp\htdocs\Tugasku\system\Commands\Server\rewrite.php(43): require_once('C:\\xampp\\htdocs...')
#10 {main}
CRITICAL - 2022-03-10 20:35:28 --> Trying to access array offset on value of type null
#0 C:\xampp\htdocs\Tugasku\app\Views\Admin\EditTugas.php(19): CodeIgniter\Debug\Exceptions->errorHandler(8, 'Trying to acces...', 'C:\\xampp\\htdocs...', 19, Array)
#1 C:\xampp\htdocs\Tugasku\system\View\View.php(210): include('C:\\xampp\\htdocs...')
#2 C:\xampp\htdocs\Tugasku\system\View\View.php(213): CodeIgniter\View\View->CodeIgniter\View\{closure}()
#3 C:\xampp\htdocs\Tugasku\system\Common.php(1089): CodeIgniter\View\View->render('Admin/EditTugas', Array, true)
#4 C:\xampp\htdocs\Tugasku\app\Controllers\Admin.php(243): view('Admin/EditTugas', Array)
#5 C:\xampp\htdocs\Tugasku\system\CodeIgniter.php(832): App\Controllers\Admin->Edit_Tugas()
#6 C:\xampp\htdocs\Tugasku\system\CodeIgniter.php(419): CodeIgniter\CodeIgniter->runController(Object(App\Controllers\Admin))
#7 C:\xampp\htdocs\Tugasku\system\CodeIgniter.php(326): CodeIgniter\CodeIgniter->handleRequest(NULL, Object(Config\Cache), false)
#8 C:\xampp\htdocs\Tugasku\public\index.php(37): CodeIgniter\CodeIgniter->run()
#9 C:\xampp\htdocs\Tugasku\system\Commands\Server\rewrite.php(43): require_once('C:\\xampp\\htdocs...')
#10 {main}
CRITICAL - 2022-03-10 20:37:35 --> Trying to access array offset on value of type null
#0 C:\xampp\htdocs\Tugasku\app\Views\Admin\EditTugas.php(19): CodeIgniter\Debug\Exceptions->errorHandler(8, 'Trying to acces...', 'C:\\xampp\\htdocs...', 19, Array)
#1 C:\xampp\htdocs\Tugasku\system\View\View.php(210): include('C:\\xampp\\htdocs...')
#2 C:\xampp\htdocs\Tugasku\system\View\View.php(213): CodeIgniter\View\View->CodeIgniter\View\{closure}()
#3 C:\xampp\htdocs\Tugasku\system\Common.php(1089): CodeIgniter\View\View->render('Admin/EditTugas', Array, true)
#4 C:\xampp\htdocs\Tugasku\app\Controllers\Admin.php(243): view('Admin/EditTugas', Array)
#5 C:\xampp\htdocs\Tugasku\system\CodeIgniter.php(832): App\Controllers\Admin->Edit_Tugas()
#6 C:\xampp\htdocs\Tugasku\system\CodeIgniter.php(419): CodeIgniter\CodeIgniter->runController(Object(App\Controllers\Admin))
#7 C:\xampp\htdocs\Tugasku\system\CodeIgniter.php(326): CodeIgniter\CodeIgniter->handleRequest(NULL, Object(Config\Cache), false)
#8 C:\xampp\htdocs\Tugasku\public\index.php(37): CodeIgniter\CodeIgniter->run()
#9 C:\xampp\htdocs\Tugasku\system\Commands\Server\rewrite.php(43): require_once('C:\\xampp\\htdocs...')
#10 {main}
CRITICAL - 2022-03-10 20:39:09 --> Trying to access array offset on value of type null
#0 C:\xampp\htdocs\Tugasku\app\Views\Admin\EditTugas.php(19): CodeIgniter\Debug\Exceptions->errorHandler(8, 'Trying to acces...', 'C:\\xampp\\htdocs...', 19, Array)
#1 C:\xampp\htdocs\Tugasku\system\View\View.php(210): include('C:\\xampp\\htdocs...')
#2 C:\xampp\htdocs\Tugasku\system\View\View.php(213): CodeIgniter\View\View->CodeIgniter\View\{closure}()
#3 C:\xampp\htdocs\Tugasku\system\Common.php(1089): CodeIgniter\View\View->render('Admin/EditTugas', Array, true)
#4 C:\xampp\htdocs\Tugasku\app\Controllers\Admin.php(243): view('Admin/EditTugas', Array)
#5 C:\xampp\htdocs\Tugasku\system\CodeIgniter.php(832): App\Controllers\Admin->Edit_Tugas()
#6 C:\xampp\htdocs\Tugasku\system\CodeIgniter.php(419): CodeIgniter\CodeIgniter->runController(Object(App\Controllers\Admin))
#7 C:\xampp\htdocs\Tugasku\system\CodeIgniter.php(326): CodeIgniter\CodeIgniter->handleRequest(NULL, Object(Config\Cache), false)
#8 C:\xampp\htdocs\Tugasku\public\index.php(37): CodeIgniter\CodeIgniter->run()
#9 C:\xampp\htdocs\Tugasku\system\Commands\Server\rewrite.php(43): require_once('C:\\xampp\\htdocs...')
#10 {main}
CRITICAL - 2022-03-10 20:41:38 --> Trying to access array offset on value of type null
#0 C:\xampp\htdocs\Tugasku\app\Views\Admin\EditTugas.php(19): CodeIgniter\Debug\Exceptions->errorHandler(8, 'Trying to acces...', 'C:\\xampp\\htdocs...', 19, Array)
#1 C:\xampp\htdocs\Tugasku\system\View\View.php(210): include('C:\\xampp\\htdocs...')
#2 C:\xampp\htdocs\Tugasku\system\View\View.php(213): CodeIgniter\View\View->CodeIgniter\View\{closure}()
#3 C:\xampp\htdocs\Tugasku\system\Common.php(1089): CodeIgniter\View\View->render('Admin/EditTugas', Array, true)
#4 C:\xampp\htdocs\Tugasku\app\Controllers\Admin.php(243): view('Admin/EditTugas', Array)
#5 C:\xampp\htdocs\Tugasku\system\CodeIgniter.php(832): App\Controllers\Admin->Edit_Tugas()
#6 C:\xampp\htdocs\Tugasku\system\CodeIgniter.php(419): CodeIgniter\CodeIgniter->runController(Object(App\Controllers\Admin))
#7 C:\xampp\htdocs\Tugasku\system\CodeIgniter.php(326): CodeIgniter\CodeIgniter->handleRequest(NULL, Object(Config\Cache), false)
#8 C:\xampp\htdocs\Tugasku\public\index.php(37): CodeIgniter\CodeIgniter->run()
#9 C:\xampp\htdocs\Tugasku\system\Commands\Server\rewrite.php(43): require_once('C:\\xampp\\htdocs...')
#10 {main}
CRITICAL - 2022-03-10 21:05:33 --> Undefined variable: departemen
#0 C:\xampp\htdocs\Tugasku\app\Views\Admin\DataTugas.php(43): CodeIgniter\Debug\Exceptions->errorHandler(8, 'Undefined varia...', 'C:\\xampp\\htdocs...', 43, Array)
#1 C:\xampp\htdocs\Tugasku\system\View\View.php(210): include('C:\\xampp\\htdocs...')
#2 C:\xampp\htdocs\Tugasku\system\View\View.php(213): CodeIgniter\View\View->CodeIgniter\View\{closure}()
#3 C:\xampp\htdocs\Tugasku\system\Common.php(1089): CodeIgniter\View\View->render('Admin/DataTugas', Array, true)
#4 C:\xampp\htdocs\Tugasku\app\Controllers\Admin.php(41): view('Admin/DataTugas', Array)
#5 C:\xampp\htdocs\Tugasku\system\CodeIgniter.php(832): App\Controllers\Admin->Data_Tugas()
#6 C:\xampp\htdocs\Tugasku\system\CodeIgniter.php(419): CodeIgniter\CodeIgniter->runController(Object(App\Controllers\Admin))
#7 C:\xampp\htdocs\Tugasku\system\CodeIgniter.php(326): CodeIgniter\CodeIgniter->handleRequest(NULL, Object(Config\Cache), false)
#8 C:\xampp\htdocs\Tugasku\public\index.php(37): CodeIgniter\CodeIgniter->run()
#9 C:\xampp\htdocs\Tugasku\system\Commands\Server\rewrite.php(43): require_once('C:\\xampp\\htdocs...')
#10 {main}
CRITICAL - 2022-03-10 21:13:46 --> Undefined variable: departemen
#0 C:\xampp\htdocs\Tugasku\app\Views\Admin\DataKaryawan.php(31): CodeIgniter\Debug\Exceptions->errorHandler(8, 'Undefined varia...', 'C:\\xampp\\htdocs...', 31, Array)
#1 C:\xampp\htdocs\Tugasku\system\View\View.php(210): include('C:\\xampp\\htdocs...')
#2 C:\xampp\htdocs\Tugasku\system\View\View.php(213): CodeIgniter\View\View->CodeIgniter\View\{closure}()
#3 C:\xampp\htdocs\Tugasku\system\Common.php(1089): CodeIgniter\View\View->render('Admin/DataKarya...', Array, true)
#4 C:\xampp\htdocs\Tugasku\app\Controllers\Admin.php(33): view('Admin/DataKarya...', Array)
#5 C:\xampp\htdocs\Tugasku\system\CodeIgniter.php(832): App\Controllers\Admin->Data_Karyawan()
#6 C:\xampp\htdocs\Tugasku\system\CodeIgniter.php(419): CodeIgniter\CodeIgniter->runController(Object(App\Controllers\Admin))
#7 C:\xampp\htdocs\Tugasku\system\CodeIgniter.php(326): CodeIgniter\CodeIgniter->handleRequest(NULL, Object(Config\Cache), false)
#8 C:\xampp\htdocs\Tugasku\public\index.php(37): CodeIgniter\CodeIgniter->run()
#9 C:\xampp\htdocs\Tugasku\system\Commands\Server\rewrite.php(43): require_once('C:\\xampp\\htdocs...')
#10 {main}
CRITICAL - 2022-03-10 21:16:04 --> Undefined variable: jabatan
#0 C:\xampp\htdocs\Tugasku\app\Views\Admin\DataKaryawan.php(51): CodeIgniter\Debug\Exceptions->errorHandler(8, 'Undefined varia...', 'C:\\xampp\\htdocs...', 51, Array)
#1 C:\xampp\htdocs\Tugasku\system\View\View.php(210): include('C:\\xampp\\htdocs...')
#2 C:\xampp\htdocs\Tugasku\system\View\View.php(213): CodeIgniter\View\View->CodeIgniter\View\{closure}()
#3 C:\xampp\htdocs\Tugasku\system\Common.php(1089): CodeIgniter\View\View->render('Admin/DataKarya...', Array, true)
#4 C:\xampp\htdocs\Tugasku\app\Controllers\Admin.php(34): view('Admin/DataKarya...', Array)
#5 C:\xampp\htdocs\Tugasku\system\CodeIgniter.php(832): App\Controllers\Admin->Data_Karyawan()
#6 C:\xampp\htdocs\Tugasku\system\CodeIgniter.php(419): CodeIgniter\CodeIgniter->runController(Object(App\Controllers\Admin))
#7 C:\xampp\htdocs\Tugasku\system\CodeIgniter.php(326): CodeIgniter\CodeIgniter->handleRequest(NULL, Object(Config\Cache), false)
#8 C:\xampp\htdocs\Tugasku\public\index.php(37): CodeIgniter\CodeIgniter->run()
#9 C:\xampp\htdocs\Tugasku\system\Commands\Server\rewrite.php(43): require_once('C:\\xampp\\htdocs...')
#10 {main}
CRITICAL - 2022-03-10 21:16:24 --> Undefined index: nama_departemen
#0 C:\xampp\htdocs\Tugasku\app\Views\Admin\DataKaryawan.php(52): CodeIgniter\Debug\Exceptions->errorHandler(8, 'Undefined index...', 'C:\\xampp\\htdocs...', 52, Array)
#1 C:\xampp\htdocs\Tugasku\system\View\View.php(210): include('C:\\xampp\\htdocs...')
#2 C:\xampp\htdocs\Tugasku\system\View\View.php(213): CodeIgniter\View\View->CodeIgniter\View\{closure}()
#3 C:\xampp\htdocs\Tugasku\system\Common.php(1089): CodeIgniter\View\View->render('Admin/DataKarya...', Array, true)
#4 C:\xampp\htdocs\Tugasku\app\Controllers\Admin.php(35): view('Admin/DataKarya...', Array)
#5 C:\xampp\htdocs\Tugasku\system\CodeIgniter.php(832): App\Controllers\Admin->Data_Karyawan()
#6 C:\xampp\htdocs\Tugasku\system\CodeIgniter.php(419): CodeIgniter\CodeIgniter->runController(Object(App\Controllers\Admin))
#7 C:\xampp\htdocs\Tugasku\system\CodeIgniter.php(326): CodeIgniter\CodeIgniter->handleRequest(NULL, Object(Config\Cache), false)
#8 C:\xampp\htdocs\Tugasku\public\index.php(37): CodeIgniter\CodeIgniter->run()
#9 C:\xampp\htdocs\Tugasku\system\Commands\Server\rewrite.php(43): require_once('C:\\xampp\\htdocs...')
#10 {main}
CRITICAL - 2022-03-10 21:26:38 --> Undefined variable: karyawan
#0 C:\xampp\htdocs\Tugasku\app\Controllers\Admin.php(232): CodeIgniter\Debug\Exceptions->errorHandler(8, 'Undefined varia...', 'C:\\xampp\\htdocs...', 232, Array)
#1 C:\xampp\htdocs\Tugasku\system\CodeIgniter.php(832): App\Controllers\Admin->Delete_Tugas('2')
#2 C:\xampp\htdocs\Tugasku\system\CodeIgniter.php(419): CodeIgniter\CodeIgniter->runController(Object(App\Controllers\Admin))
#3 C:\xampp\htdocs\Tugasku\system\CodeIgniter.php(326): CodeIgniter\CodeIgniter->handleRequest(NULL, Object(Config\Cache), false)
#4 C:\xampp\htdocs\Tugasku\public\index.php(37): CodeIgniter\CodeIgniter->run()
#5 C:\xampp\htdocs\Tugasku\system\Commands\Server\rewrite.php(43): require_once('C:\\xampp\\htdocs...')
#6 {main}
CRITICAL - 2022-03-10 21:46:05 --> syntax error, unexpected ';', expecting ']'
#0 C:\xampp\htdocs\Tugasku\system\Router\Router.php(175): CodeIgniter\Router\Router->autoRoute('Admin/Data_Kary...')
#1 C:\xampp\htdocs\Tugasku\system\CodeIgniter.php(726): CodeIgniter\Router\Router->handle('Admin/Data_Kary...')
#2 C:\xampp\htdocs\Tugasku\system\CodeIgniter.php(368): CodeIgniter\CodeIgniter->tryToRouteIt(Object(CodeIgniter\Router\RouteCollection))
#3 C:\xampp\htdocs\Tugasku\system\CodeIgniter.php(326): CodeIgniter\CodeIgniter->handleRequest(NULL, Object(Config\Cache), false)
#4 C:\xampp\htdocs\Tugasku\public\index.php(37): CodeIgniter\CodeIgniter->run()
#5 C:\xampp\htdocs\Tugasku\system\Commands\Server\rewrite.php(43): require_once('C:\\xampp\\htdocs...')
#6 {main}
CRITICAL - 2022-03-10 21:46:29 --> syntax error, unexpected '}', expecting end of file
#0 C:\xampp\htdocs\Tugasku\system\Autoloader\Autoloader.php(241): CodeIgniter\Autoloader\Autoloader->includeFile('C:\\xampp\\htdocs...')
#1 C:\xampp\htdocs\Tugasku\system\Autoloader\Autoloader.php(219): CodeIgniter\Autoloader\Autoloader->loadInNamespace('App\\Models\\Kary...')
#2 [internal function]: CodeIgniter\Autoloader\Autoloader->loadClass('App\\Models\\Kary...')
#3 C:\xampp\htdocs\Tugasku\app\Controllers\Admin.php(21): spl_autoload_call('App\\Models\\Kary...')
#4 C:\xampp\htdocs\Tugasku\system\CodeIgniter.php(809): App\Controllers\Admin->__construct()
#5 C:\xampp\htdocs\Tugasku\system\CodeIgniter.php(410): CodeIgniter\CodeIgniter->createController()
#6 C:\xampp\htdocs\Tugasku\system\CodeIgniter.php(326): CodeIgniter\CodeIgniter->handleRequest(NULL, Object(Config\Cache), false)
#7 C:\xampp\htdocs\Tugasku\public\index.php(37): CodeIgniter\CodeIgniter->run()
#8 C:\xampp\htdocs\Tugasku\system\Commands\Server\rewrite.php(43): require_once('C:\\xampp\\htdocs...')
#9 {main}
CRITICAL - 2022-03-10 21:47:13 --> Call to undefined method CodeIgniter\Database\MySQLi\Connection::get()
#0 C:\xampp\htdocs\Tugasku\app\Controllers\Admin.php(31): App\Models\KaryawanModel->hitungJumlahKaryawan()
#1 C:\xampp\htdocs\Tugasku\system\CodeIgniter.php(832): App\Controllers\Admin->Admin_Dashboard()
#2 C:\xampp\htdocs\Tugasku\system\CodeIgniter.php(419): CodeIgniter\CodeIgniter->runController(Object(App\Controllers\Admin))
#3 C:\xampp\htdocs\Tugasku\system\CodeIgniter.php(326): CodeIgniter\CodeIgniter->handleRequest(NULL, Object(Config\Cache), false)
#4 C:\xampp\htdocs\Tugasku\public\index.php(37): CodeIgniter\CodeIgniter->run()
#5 C:\xampp\htdocs\Tugasku\system\Commands\Server\rewrite.php(43): require_once('C:\\xampp\\htdocs...')
#6 {main}
CRITICAL - 2022-03-10 21:47:51 --> syntax error, unexpected 'if' (T_IF), expecting ';'
#0 C:\xampp\htdocs\Tugasku\system\Autoloader\Autoloader.php(241): CodeIgniter\Autoloader\Autoloader->includeFile('C:\\xampp\\htdocs...')
#1 C:\xampp\htdocs\Tugasku\system\Autoloader\Autoloader.php(219): CodeIgniter\Autoloader\Autoloader->loadInNamespace('App\\Models\\Kary...')
#2 [internal function]: CodeIgniter\Autoloader\Autoloader->loadClass('App\\Models\\Kary...')
#3 C:\xampp\htdocs\Tugasku\app\Controllers\Admin.php(21): spl_autoload_call('App\\Models\\Kary...')
#4 C:\xampp\htdocs\Tugasku\system\CodeIgniter.php(809): App\Controllers\Admin->__construct()
#5 C:\xampp\htdocs\Tugasku\system\CodeIgniter.php(410): CodeIgniter\CodeIgniter->createController()
#6 C:\xampp\htdocs\Tugasku\system\CodeIgniter.php(326): CodeIgniter\CodeIgniter->handleRequest(NULL, Object(Config\Cache), false)
#7 C:\xampp\htdocs\Tugasku\public\index.php(37): CodeIgniter\CodeIgniter->run()
#8 C:\xampp\htdocs\Tugasku\system\Commands\Server\rewrite.php(43): require_once('C:\\xampp\\htdocs...')
#9 {main}
CRITICAL - 2022-03-10 21:48:01 --> Object of class CodeIgniter\Database\MySQLi\Builder could not be converted to string
#0 C:\xampp\htdocs\Tugasku\system\View\View.php(210): include()
#1 C:\xampp\htdocs\Tugasku\system\View\View.php(213): CodeIgniter\View\View->CodeIgniter\View\{closure}()
#2 C:\xampp\htdocs\Tugasku\system\Common.php(1089): CodeIgniter\View\View->render('Admin/Dashboard', Array, true)
#3 C:\xampp\htdocs\Tugasku\app\Controllers\Admin.php(33): view('Admin/Dashboard', Array)
#4 C:\xampp\htdocs\Tugasku\system\CodeIgniter.php(832): App\Controllers\Admin->Admin_Dashboard()
#5 C:\xampp\htdocs\Tugasku\system\CodeIgniter.php(419): CodeIgniter\CodeIgniter->runController(Object(App\Controllers\Admin))
#6 C:\xampp\htdocs\Tugasku\system\CodeIgniter.php(326): CodeIgniter\CodeIgniter->handleRequest(NULL, Object(Config\Cache), false)
#7 C:\xampp\htdocs\Tugasku\public\index.php(37): CodeIgniter\CodeIgniter->run()
#8 C:\xampp\htdocs\Tugasku\system\Commands\Server\rewrite.php(43): require_once('C:\\xampp\\htdocs...')
#9 {main}
CRITICAL - 2022-03-10 21:48:47 --> Undefined variable: data
#0 C:\xampp\htdocs\Tugasku\app\Views\Admin\Dashboard.php(19): CodeIgniter\Debug\Exceptions->errorHandler(8, 'Undefined varia...', 'C:\\xampp\\htdocs...', 19, Array)
#1 C:\xampp\htdocs\Tugasku\system\View\View.php(210): include('C:\\xampp\\htdocs...')
#2 C:\xampp\htdocs\Tugasku\system\View\View.php(213): CodeIgniter\View\View->CodeIgniter\View\{closure}()
#3 C:\xampp\htdocs\Tugasku\system\Common.php(1089): CodeIgniter\View\View->render('Admin/Dashboard', Array, true)
#4 C:\xampp\htdocs\Tugasku\app\Controllers\Admin.php(33): view('Admin/Dashboard', Array)
#5 C:\xampp\htdocs\Tugasku\system\CodeIgniter.php(832): App\Controllers\Admin->Admin_Dashboard()
#6 C:\xampp\htdocs\Tugasku\system\CodeIgniter.php(419): CodeIgniter\CodeIgniter->runController(Object(App\Controllers\Admin))
#7 C:\xampp\htdocs\Tugasku\system\CodeIgniter.php(326): CodeIgniter\CodeIgniter->handleRequest(NULL, Object(Config\Cache), false)
#8 C:\xampp\htdocs\Tugasku\public\index.php(37): CodeIgniter\CodeIgniter->run()
#9 C:\xampp\htdocs\Tugasku\system\Commands\Server\rewrite.php(43): require_once('C:\\xampp\\htdocs...')
#10 {main}
CRITICAL - 2022-03-10 21:49:31 --> Object of class CodeIgniter\Database\MySQLi\Builder could not be converted to string
#0 C:\xampp\htdocs\Tugasku\system\View\View.php(210): include()
#1 C:\xampp\htdocs\Tugasku\system\View\View.php(213): CodeIgniter\View\View->CodeIgniter\View\{closure}()
#2 C:\xampp\htdocs\Tugasku\system\Common.php(1089): CodeIgniter\View\View->render('Admin/Dashboard', Array, true)
#3 C:\xampp\htdocs\Tugasku\app\Controllers\Admin.php(33): view('Admin/Dashboard', Array)
#4 C:\xampp\htdocs\Tugasku\system\CodeIgniter.php(832): App\Controllers\Admin->Admin_Dashboard()
#5 C:\xampp\htdocs\Tugasku\system\CodeIgniter.php(419): CodeIgniter\CodeIgniter->runController(Object(App\Controllers\Admin))
#6 C:\xampp\htdocs\Tugasku\system\CodeIgniter.php(326): CodeIgniter\CodeIgniter->handleRequest(NULL, Object(Config\Cache), false)
#7 C:\xampp\htdocs\Tugasku\public\index.php(37): CodeIgniter\CodeIgniter->run()
#8 C:\xampp\htdocs\Tugasku\system\Commands\Server\rewrite.php(43): require_once('C:\\xampp\\htdocs...')
#9 {main}
CRITICAL - 2022-03-10 21:53:27 --> Call to undefined method CodeIgniter\Database\MySQLi\Builder::num_rows()
#0 C:\xampp\htdocs\Tugasku\app\Controllers\Admin.php(31): App\Models\KaryawanModel->TotalKaryawan()
#1 C:\xampp\htdocs\Tugasku\system\CodeIgniter.php(832): App\Controllers\Admin->Admin_Dashboard()
#2 C:\xampp\htdocs\Tugasku\system\CodeIgniter.php(419): CodeIgniter\CodeIgniter->runController(Object(App\Controllers\Admin))
#3 C:\xampp\htdocs\Tugasku\system\CodeIgniter.php(326): CodeIgniter\CodeIgniter->handleRequest(NULL, Object(Config\Cache), false)
#4 C:\xampp\htdocs\Tugasku\public\index.php(37): CodeIgniter\CodeIgniter->run()
#5 C:\xampp\htdocs\Tugasku\system\Commands\Server\rewrite.php(43): require_once('C:\\xampp\\htdocs...')
#6 {main}
