CRITICAL - 2022-03-16 00:50:24 --> include(403): failed to open stream: Permission denied
#0 C:\xampp\htdocs\Tugasku\app\Controllers\Karyawan.php(33): CodeIgniter\Debug\Exceptions->errorHandler(2, 'include(403): f...', 'C:\\xampp\\htdocs...', 33, Array)
#1 C:\xampp\htdocs\Tugasku\app\Controllers\Karyawan.php(33): include()
#2 C:\xampp\htdocs\Tugasku\system\CodeIgniter.php(809): App\Controllers\Karyawan->__construct()
#3 C:\xampp\htdocs\Tugasku\system\CodeIgniter.php(410): CodeIgniter\CodeIgniter->createController()
#4 C:\xampp\htdocs\Tugasku\system\CodeIgniter.php(326): CodeIgniter\CodeIgniter->handleRequest(NULL, Object(Config\Cache), false)
#5 C:\xampp\htdocs\Tugasku\public\index.php(37): CodeIgniter\CodeIgniter->run()
#6 C:\xampp\htdocs\Tugasku\system\Commands\Server\rewrite.php(43): require_once('C:\\xampp\\htdocs...')
#7 {main}
CRITICAL - 2022-03-16 00:50:59 --> include(Tugasku/app/403.php): failed to open stream: No such file or directory
#0 C:\xampp\htdocs\Tugasku\app\Controllers\Karyawan.php(33): CodeIgniter\Debug\Exceptions->errorHandler(2, 'include(Tugasku...', 'C:\\xampp\\htdocs...', 33, Array)
#1 C:\xampp\htdocs\Tugasku\app\Controllers\Karyawan.php(33): include()
#2 C:\xampp\htdocs\Tugasku\system\CodeIgniter.php(809): App\Controllers\Karyawan->__construct()
#3 C:\xampp\htdocs\Tugasku\system\CodeIgniter.php(410): CodeIgniter\CodeIgniter->createController()
#4 C:\xampp\htdocs\Tugasku\system\CodeIgniter.php(326): CodeIgniter\CodeIgniter->handleRequest(NULL, Object(Config\Cache), false)
#5 C:\xampp\htdocs\Tugasku\public\index.php(37): CodeIgniter\CodeIgniter->run()
#6 C:\xampp\htdocs\Tugasku\system\Commands\Server\rewrite.php(43): require_once('C:\\xampp\\htdocs...')
#7 {main}
CRITICAL - 2022-03-16 00:51:19 --> include(403.php): failed to open stream: No such file or directory
#0 C:\xampp\htdocs\Tugasku\app\Controllers\Karyawan.php(33): CodeIgniter\Debug\Exceptions->errorHandler(2, 'include(403.php...', 'C:\\xampp\\htdocs...', 33, Array)
#1 C:\xampp\htdocs\Tugasku\app\Controllers\Karyawan.php(33): include()
#2 C:\xampp\htdocs\Tugasku\system\CodeIgniter.php(809): App\Controllers\Karyawan->__construct()
#3 C:\xampp\htdocs\Tugasku\system\CodeIgniter.php(410): CodeIgniter\CodeIgniter->createController()
#4 C:\xampp\htdocs\Tugasku\system\CodeIgniter.php(326): CodeIgniter\CodeIgniter->handleRequest(NULL, Object(Config\Cache), false)
#5 C:\xampp\htdocs\Tugasku\public\index.php(37): CodeIgniter\CodeIgniter->run()
#6 C:\xampp\htdocs\Tugasku\system\Commands\Server\rewrite.php(43): require_once('C:\\xampp\\htdocs...')
#7 {main}
CRITICAL - 2022-03-16 00:52:16 --> file_get_contents(403.php): failed to open stream: No such file or directory
#0 [internal function]: CodeIgniter\Debug\Exceptions->errorHandler(2, 'file_get_conten...', 'C:\\xampp\\htdocs...', 33, Array)
#1 C:\xampp\htdocs\Tugasku\app\Controllers\Karyawan.php(33): file_get_contents('403.php')
#2 C:\xampp\htdocs\Tugasku\system\CodeIgniter.php(809): App\Controllers\Karyawan->__construct()
#3 C:\xampp\htdocs\Tugasku\system\CodeIgniter.php(410): CodeIgniter\CodeIgniter->createController()
#4 C:\xampp\htdocs\Tugasku\system\CodeIgniter.php(326): CodeIgniter\CodeIgniter->handleRequest(NULL, Object(Config\Cache), false)
#5 C:\xampp\htdocs\Tugasku\public\index.php(37): CodeIgniter\CodeIgniter->run()
#6 C:\xampp\htdocs\Tugasku\system\Commands\Server\rewrite.php(43): require_once('C:\\xampp\\htdocs...')
#7 {main}
CRITICAL - 2022-03-16 01:00:54 --> syntax error, unexpected ':'
#0 C:\xampp\htdocs\Tugasku\system\Autoloader\Autoloader.php(241): CodeIgniter\Autoloader\Autoloader->includeFile('C:\\xampp\\htdocs...')
#1 C:\xampp\htdocs\Tugasku\system\Autoloader\Autoloader.php(219): CodeIgniter\Autoloader\Autoloader->loadInNamespace('App\\Controllers...')
#2 [internal function]: CodeIgniter\Autoloader\Autoloader->loadClass('App\\Controllers...')
#3 [internal function]: spl_autoload_call('App\\Controllers...')
#4 C:\xampp\htdocs\Tugasku\system\CodeIgniter.php(797): class_exists('\\App\\Controller...', true)
#5 C:\xampp\htdocs\Tugasku\system\CodeIgniter.php(406): CodeIgniter\CodeIgniter->startController()
#6 C:\xampp\htdocs\Tugasku\system\CodeIgniter.php(326): CodeIgniter\CodeIgniter->handleRequest(NULL, Object(Config\Cache), false)
#7 C:\xampp\htdocs\Tugasku\public\index.php(37): CodeIgniter\CodeIgniter->run()
#8 C:\xampp\htdocs\Tugasku\system\Commands\Server\rewrite.php(43): require_once('C:\\xampp\\htdocs...')
#9 {main}
CRITICAL - 2022-03-16 01:02:06 --> include(403.php): failed to open stream: No such file or directory
#0 C:\xampp\htdocs\Tugasku\app\Controllers\Karyawan.php(33): CodeIgniter\Debug\Exceptions->errorHandler(2, 'include(403.php...', 'C:\\xampp\\htdocs...', 33, Array)
#1 C:\xampp\htdocs\Tugasku\app\Controllers\Karyawan.php(33): include()
#2 C:\xampp\htdocs\Tugasku\system\CodeIgniter.php(809): App\Controllers\Karyawan->__construct()
#3 C:\xampp\htdocs\Tugasku\system\CodeIgniter.php(410): CodeIgniter\CodeIgniter->createController()
#4 C:\xampp\htdocs\Tugasku\system\CodeIgniter.php(326): CodeIgniter\CodeIgniter->handleRequest(NULL, Object(Config\Cache), false)
#5 C:\xampp\htdocs\Tugasku\public\index.php(37): CodeIgniter\CodeIgniter->run()
#6 C:\xampp\htdocs\Tugasku\system\Commands\Server\rewrite.php(43): require_once('C:\\xampp\\htdocs...')
#7 {main}
CRITICAL - 2022-03-16 01:02:21 --> include(Tugasku/app/403.php): failed to open stream: No such file or directory
#0 C:\xampp\htdocs\Tugasku\app\Controllers\Karyawan.php(33): CodeIgniter\Debug\Exceptions->errorHandler(2, 'include(Tugasku...', 'C:\\xampp\\htdocs...', 33, Array)
#1 C:\xampp\htdocs\Tugasku\app\Controllers\Karyawan.php(33): include()
#2 C:\xampp\htdocs\Tugasku\system\CodeIgniter.php(809): App\Controllers\Karyawan->__construct()
#3 C:\xampp\htdocs\Tugasku\system\CodeIgniter.php(410): CodeIgniter\CodeIgniter->createController()
#4 C:\xampp\htdocs\Tugasku\system\CodeIgniter.php(326): CodeIgniter\CodeIgniter->handleRequest(NULL, Object(Config\Cache), false)
#5 C:\xampp\htdocs\Tugasku\public\index.php(37): CodeIgniter\CodeIgniter->run()
#6 C:\xampp\htdocs\Tugasku\system\Commands\Server\rewrite.php(43): require_once('C:\\xampp\\htdocs...')
#7 {main}
CRITICAL - 2022-03-16 01:05:02 --> syntax error, unexpected '403' (T_LNUMBER)
#0 C:\xampp\htdocs\Tugasku\system\Autoloader\Autoloader.php(241): CodeIgniter\Autoloader\Autoloader->includeFile('C:\\xampp\\htdocs...')
#1 C:\xampp\htdocs\Tugasku\system\Autoloader\Autoloader.php(219): CodeIgniter\Autoloader\Autoloader->loadInNamespace('App\\Controllers...')
#2 [internal function]: CodeIgniter\Autoloader\Autoloader->loadClass('App\\Controllers...')
#3 [internal function]: spl_autoload_call('App\\Controllers...')
#4 C:\xampp\htdocs\Tugasku\system\CodeIgniter.php(797): class_exists('\\App\\Controller...', true)
#5 C:\xampp\htdocs\Tugasku\system\CodeIgniter.php(406): CodeIgniter\CodeIgniter->startController()
#6 C:\xampp\htdocs\Tugasku\system\CodeIgniter.php(326): CodeIgniter\CodeIgniter->handleRequest(NULL, Object(Config\Cache), false)
#7 C:\xampp\htdocs\Tugasku\public\index.php(37): CodeIgniter\CodeIgniter->run()
#8 C:\xampp\htdocs\Tugasku\system\Commands\Server\rewrite.php(43): require_once('C:\\xampp\\htdocs...')
#9 {main}
CRITICAL - 2022-03-16 01:14:11 --> syntax error, unexpected '403' (T_LNUMBER), expecting ';' or ','
#0 C:\xampp\htdocs\Tugasku\system\Autoloader\Autoloader.php(241): CodeIgniter\Autoloader\Autoloader->includeFile('C:\\xampp\\htdocs...')
#1 C:\xampp\htdocs\Tugasku\system\Autoloader\Autoloader.php(219): CodeIgniter\Autoloader\Autoloader->loadInNamespace('App\\Controllers...')
#2 [internal function]: CodeIgniter\Autoloader\Autoloader->loadClass('App\\Controllers...')
#3 [internal function]: spl_autoload_call('App\\Controllers...')
#4 C:\xampp\htdocs\Tugasku\system\CodeIgniter.php(797): class_exists('\\App\\Controller...', true)
#5 C:\xampp\htdocs\Tugasku\system\CodeIgniter.php(406): CodeIgniter\CodeIgniter->startController()
#6 C:\xampp\htdocs\Tugasku\system\CodeIgniter.php(326): CodeIgniter\CodeIgniter->handleRequest(NULL, Object(Config\Cache), false)
#7 C:\xampp\htdocs\Tugasku\public\index.php(37): CodeIgniter\CodeIgniter->run()
#8 C:\xampp\htdocs\Tugasku\system\Commands\Server\rewrite.php(43): require_once('C:\\xampp\\htdocs...')
#9 {main}
CRITICAL - 2022-03-16 01:16:36 --> Call to undefined function App\Controllers\alert()
#0 C:\xampp\htdocs\Tugasku\system\CodeIgniter.php(809): App\Controllers\Karyawan->__construct()
#1 C:\xampp\htdocs\Tugasku\system\CodeIgniter.php(410): CodeIgniter\CodeIgniter->createController()
#2 C:\xampp\htdocs\Tugasku\system\CodeIgniter.php(326): CodeIgniter\CodeIgniter->handleRequest(NULL, Object(Config\Cache), false)
#3 C:\xampp\htdocs\Tugasku\public\index.php(37): CodeIgniter\CodeIgniter->run()
#4 C:\xampp\htdocs\Tugasku\system\Commands\Server\rewrite.php(43): require_once('C:\\xampp\\htdocs...')
#5 {main}
CRITICAL - 2022-03-16 01:16:46 --> Call to undefined function App\Controllers\alert()
#0 C:\xampp\htdocs\Tugasku\system\CodeIgniter.php(809): App\Controllers\Karyawan->__construct()
#1 C:\xampp\htdocs\Tugasku\system\CodeIgniter.php(410): CodeIgniter\CodeIgniter->createController()
#2 C:\xampp\htdocs\Tugasku\system\CodeIgniter.php(326): CodeIgniter\CodeIgniter->handleRequest(NULL, Object(Config\Cache), false)
#3 C:\xampp\htdocs\Tugasku\public\index.php(37): CodeIgniter\CodeIgniter->run()
#4 C:\xampp\htdocs\Tugasku\system\Commands\Server\rewrite.php(43): require_once('C:\\xampp\\htdocs...')
#5 {main}
CRITICAL - 2022-03-16 01:26:31 --> syntax error, unexpected 'echo' (T_ECHO), expecting ';' or ','
#0 C:\xampp\htdocs\Tugasku\system\Router\Router.php(175): CodeIgniter\Router\Router->autoRoute('Admin/Data_Tuga...')
#1 C:\xampp\htdocs\Tugasku\system\CodeIgniter.php(726): CodeIgniter\Router\Router->handle('Admin/Data_Tuga...')
#2 C:\xampp\htdocs\Tugasku\system\CodeIgniter.php(368): CodeIgniter\CodeIgniter->tryToRouteIt(Object(CodeIgniter\Router\RouteCollection))
#3 C:\xampp\htdocs\Tugasku\system\CodeIgniter.php(326): CodeIgniter\CodeIgniter->handleRequest(NULL, Object(Config\Cache), false)
#4 C:\xampp\htdocs\Tugasku\public\index.php(37): CodeIgniter\CodeIgniter->run()
#5 C:\xampp\htdocs\Tugasku\system\Commands\Server\rewrite.php(43): require_once('C:\\xampp\\htdocs...')
#6 {main}
